0.0 0.0
0.025 0.009762737021611002
0.05 0.017554853641787008
0.07500000000000001 0.027329875302638033
0.1 0.039088361154863374
0.125 0.05305118735868737
0.15000000000000002 0.06930709569000702
0.17500000000000002 0.0880135083200856
0.2 0.10921707116211535
0.225 0.13291169315151005
0.25 0.15893908994398878
0.275 0.18721168360860244
0.30000000000000004 0.21736592894110776
0.325 0.24925395321449195
0.35000000000000003 0.2831541434463472
0.375 0.31759965482370545
0.4 0.35287940490154013
0.42500000000000004 0.38924789509145574
0.45 0.4260925444298337
0.47500000000000003 0.4631021993468964
0.5 0.5
0.525 0.5368978006531036
0.55 0.5739074555701663
0.5750000000000001 0.6107521049085443
0.6000000000000001 0.6471205950984599
0.625 0.6824003451762946
0.65 0.7168458565536528
0.675 0.750746046785508
0.7000000000000001 0.7826340710588922
0.7250000000000001 0.8127883163913976
0.75 0.8410609100560111
0.775 0.8670883068484898
0.8 0.8907829288378847
0.8250000000000001 0.9119864916799145
0.8500000000000001 0.9306929043099931
0.875 0.9469488126413127
0.9 0.9609116388451366
0.925 0.9726701246973619
0.9500000000000001 0.982445146358213
0.9750000000000001 0.9902372629783891
1.0 1.0
