0.0 0.0
0.025 0.14988015791619555
0.05 0.013970648738755934
0.07500000000000001 0.01409418370631173
0.1 0.01711391906080979
0.125 0.021607442222777416
0.15000000000000002 0.02749503125073172
0.17500000000000002 0.03489715772546602
0.2 0.04410577518111881
0.225 0.055343760709735186
0.25 0.06888847840586479
0.275 0.08521895033778472
0.30000000000000004 0.1053363264220224
0.325 0.13039657010319025
0.35000000000000003 0.16111739127651464
0.375 0.1989674470484501
0.4 0.24473571281447723
0.42500000000000004 0.2982996791558208
0.45 0.3604243285490113
0.47500000000000003 0.42877008151762036
0.5 0.5
0.525 0.5712299184823797
0.55 0.6395756714509886
0.5750000000000001 0.7017003208441792
0.6000000000000001 0.7552642871855227
0.625 0.80103255295155
0.65 0.8388826087234854
0.675 0.8696034298968097
0.7000000000000001 0.8946636735779776
0.7250000000000001 0.9147810496622153
0.75 0.9311115215941351
0.775 0.9446562392902648
0.8 0.9558942248188811
0.8250000000000001 0.9651028422745339
0.8500000000000001 0.9725049687492682
0.875 0.9783925577772226
0.9 0.9828860809391902
0.925 0.9859058162936882
0.9500000000000001 0.9860293512612441
0.9750000000000001 0.8501198420838044
1.0 1.0
