0.0 0.0
0.025 0.00828440149869726
0.05 0.009010879771447997
0.07500000000000001 0.012296336130907623
0.1 0.016748910616761776
0.125 0.02239005749638158
0.15000000000000002 0.029411132883602257
0.17500000000000002 0.03820451480643904
0.2 0.04895017184296637
0.225 0.062341174985848326
0.25 0.07866440898200454
0.275 0.09858004716278293
0.30000000000000004 0.12269458142954015
0.325 0.15171326030740315
0.35000000000000003 0.18625304399856754
0.375 0.22611297198571598
0.4 0.2719811639065439
0.42500000000000004 0.323211443187183
0.45 0.3791867825155447
0.47500000000000003 0.43830415518489046
0.5 0.5
0.525 0.5616958448151096
0.55 0.6208132174844554
0.5750000000000001 0.676788556812817
0.6000000000000001 0.7280188360934561
0.625 0.7738870280142841
0.65 0.8137469560014324
0.675 0.8482867396925968
0.7000000000000001 0.8773054185704598
0.7250000000000001 0.901419952837217
0.75 0.9213355910179954
0.775 0.9376588250141518
0.8 0.9510498281570336
0.8250000000000001 0.9617954851935608
0.8500000000000001 0.9705888671163978
0.875 0.9776099425036184
0.9 0.9832510893832381
0.925 0.9877036638690925
0.9500000000000001 0.990989120228552
0.9750000000000001 0.9917155985013026
1.0 1.0
