0 0.0 0.0 0.0
1 0.0 0.0 0.0
2 0.03319999999999999 0.030243650900181097 0.03615634909981889
3 0.0703 0.06646561608599243 0.07413438391400758
4 0.09639999999999999 0.0917191881046126 0.10108081189538737
5 0.10739999999999998 0.1005072501858837 0.11429274981411626
6 0.11200000000000002 0.10905042375924949 0.11494957624075054
7 0.11860000000000001 0.11421137834850167 0.12298862165149835
8 0.11320000000000001 0.10910243975029044 0.11729756024970958
9 0.09849999999999999 0.09544017974384114 0.10155982025615884
10 0.0784 0.07457116205618466 0.08222883794381533
11 0.0601 0.05572135865821372 0.06447864134178628
12 0.040400000000000005 0.036992654992519844 0.04380734500748017
13 0.0274 0.02381391578459178 0.030986084215408223
14 0.0178 0.015931845830773058 0.01966815416922694
15 0.012499999999999999 0.010272333059005451 0.014727666940994547
16 0.0011666666666666668 0.0009803276685416843 0.0013530056647916493
17 0.0015000000000000002 0.0012500000000000002 0.0017500000000000003
18 0.001 0.001 0.001
19 0.0013333333333333333 0.0010976310729378174 0.0015690355937288492
20 0.001 0.001 0.001
21 0.001 0.001 0.001
22 0.0013333333333333333 0.0010976310729378174 0.0015690355937288492
23 0.001 0.001 0.001
24 0.0012000000000000001 0.001 0.0014000000000000002
25 0.0015 0.00125 0.00175
26 0.00125 0.0010334936490538904 0.0014665063509461096
27 0.0018000000000000002 0.0012169048105154703 0.00238309518948453
28 0.001 0.001 0.001
29 0.001 0.001 0.001
30 0.001 0.001 0.001
31 0.0 0.0 0.0
32 0.0012000000000000001 0.001 0.0014000000000000002
33 0.001 0.001 0.001
34 0.001 0.001 0.001
35 0.001 0.001 0.001
36 0.001 0.001 0.001
37 0.0015 0.00125 0.00175
38 0.0 0.0 0.0
39 0.001 0.001 0.001
40 0.002 0.002 0.002
41 0.001 0.001 0.001
42 0.0 0.0 0.0
43 0.0 0.0 0.0
44 0.001 0.001 0.001
45 0.001 0.001 0.001
46 0.001 0.001 0.001
47 0.0015 0.00125 0.00175
48 0.0 0.0 0.0
49 0.001 0.001 0.001
50 0.002 0.0015 0.0025
51 0.0 0.0 0.0
52 0.001 0.001 0.001
53 0.001 0.001 0.001
54 0.001 0.001 0.001
55 0.001 0.001 0.001
56 0.0 0.0 0.0
57 0.001 0.001 0.001
58 0.0 0.0 0.0
59 0.001 0.001 0.001
60 0.001 0.001 0.001
61 0.0 0.0 0.0
62 0.001 0.001 0.001
63 0.0 0.0 0.0
64 0.001 0.001 0.001
65 0.0 0.0 0.0
66 0.001 0.001 0.001
67 0.0 0.0 0.0
68 0.0 0.0 0.0
69 0.0 0.0 0.0
70 0.001 0.001 0.001
71 0.001 0.001 0.001
72 0.0 0.0 0.0
73 0.0 0.0 0.0
74 0.001 0.001 0.001
75 0.0 0.0 0.0
76 0.0 0.0 0.0
77 0.0 0.0 0.0
78 0.001 0.001 0.001
79 0.001 0.001 0.001
80 0.001 0.001 0.001
81 0.001 0.001 0.001
82 0.0 0.0 0.0
83 0.0 0.0 0.0
84 0.001 0.001 0.001
85 0.0 0.0 0.0
86 0.0 0.0 0.0
87 0.0 0.0 0.0
88 0.0 0.0 0.0
89 0.0 0.0 0.0
90 0.0 0.0 0.0
91 0.0 0.0 0.0
92 0.0 0.0 0.0
93 0.001 0.001 0.001
94 0.0 0.0 0.0
95 0.001 0.001 0.001
96 0.0 0.0 0.0
97 0.0 0.0 0.0
98 0.0 0.0 0.0
99 0.0 0.0 0.0
100 0.0 0.0 0.0
101 0.0 0.0 0.0
102 0.0 0.0 0.0
103 0.0 0.0 0.0
104 0.0 0.0 0.0
105 0.0 0.0 0.0
106 0.0 0.0 0.0
107 0.0 0.0 0.0
108 0.0 0.0 0.0
109 0.0 0.0 0.0
110 0.0 0.0 0.0
111 0.0 0.0 0.0
112 0.0 0.0 0.0
113 0.0 0.0 0.0
114 0.0 0.0 0.0
115 0.0 0.0 0.0
116 0.0 0.0 0.0
117 0.0 0.0 0.0
118 0.0 0.0 0.0
119 0.0 0.0 0.0
120 0.001 0.001 0.001
121 0.0 0.0 0.0
122 0.0 0.0 0.0
123 0.0 0.0 0.0
124 0.0 0.0 0.0
125 0.0 0.0 0.0
126 0.0 0.0 0.0
127 0.0 0.0 0.0
128 0.0 0.0 0.0
129 0.0 0.0 0.0
130 0.0 0.0 0.0
131 0.0 0.0 0.0
132 0.0 0.0 0.0
133 0.0 0.0 0.0
134 0.0 0.0 0.0
135 0.0 0.0 0.0
136 0.0 0.0 0.0
137 0.0 0.0 0.0
138 0.0 0.0 0.0
139 0.0 0.0 0.0
140 0.0 0.0 0.0
141 0.0 0.0 0.0
142 0.0 0.0 0.0
143 0.0 0.0 0.0
144 0.0 0.0 0.0
145 0.0 0.0 0.0
146 0.0 0.0 0.0
147 0.0 0.0 0.0
148 0.0 0.0 0.0
149 0.0 0.0 0.0
150 0.0 0.0 0.0
