0 0.0
1 5.6234132519034914e-05
2 0.00011246194048274949
3 0.00016867393812513087
4 0.00022486064323648503
5 0.00028101257982955587
6 0.0003371202808035452
7 0.0003931742906049838
8 0.00044916516788440816
9 0.0005050834881477954
10 0.0005609198464017159
11 0.0006166648597911613
12 0.0006723091702290138
13 0.0007278434470161236
14 0.0007832583894509656
15 0.0008385447294278563
16 0.0008936932340227087
17 0.0009486947080653203
18 0.0010035399966971841
19 0.0010582199879138306
20 0.0011127256150907077
21 0.0011670478594916203
22 0.0012211777527587518
23 0.0012751063793833115
24 0.0013288248791558472
25 0.0013823244495952815
26 0.0014355963483557391
27 0.001488631895610241
28 0.0015414224764103575
29 0.0015939595430209165
30 0.0016462346172288853
31 0.0016982392926255451
32 0.001749965236861108
33 0.001801404193870917
34 0.001852547986072405
35 0.0019033885165319895
36 0.0019539177711011013
37 0.002004127820520557
38 0.0020540108224925014
39 0.0021035590237191678
40 0.002152764761907704
41 0.0022016204677403565
42 0.002250118666809286
43 0.0022982519815153406
44 0.0023460131329301076
45 0.002393394942620587
46 0.0024403903344358538
47 0.00248699233625509
48 0.002533194081696391
49 0.002578988811785758
50 0.002624369876585726
51 0.002669330736783078
52 0.002713864965235125
53 0.00275796624847406
54 0.0028016283881688877
55 0.0028448453025444846
56 0.0028876110277573394
57 0.002929919719227558
58 0.0029717656529267356
59 0.00301314322662131
60 0.0030540469610710534
61 0.003094471501182349
62 0.0031344116171159587
63 0.00317386220534897
64 0.003212818289690663
65 0.003251275022252047
66 0.0032892276843688294
67 0.003326671687477626
68 0.003363602573945211
69 0.0034000160178506624
70 0.00343590782572024
71 0.0034712739372149025
72 0.003506110425770342
73 0.0035404134991894737
74 0.00357417950018733
75 0.003607404906888308
76 0.0036400863332757853
77 0.0036722205295940916
78 0.003703804382702881
79 0.003734834916383957
80 0.0037653092916006166
81 0.0037952248067096234
82 0.003824578897625909
83 0.003853369137940154
84 0.003881593238989398
85 0.003909249049880863
86 0.003936334557469181
87 0.0039628478862872496
88 0.0039887872984309585
89 0.004014151193398031
90 0.004038938107881272
91 0.004063146715516518
92 0.0040867758265855855
93 0.004109824387674591
94 0.004132291481287946
95 0.004154176325418451
96 0.004175478273073823
97 0.0041961968117601185
98 0.0042163315629224285
99 0.004235882281343317
100 0.004254848854499446
101 0.0042732313018768705
102 0.004291029774245481
103 0.0043082445528931194
104 0.004324876048819873
105 0.0043409248018930775
106 0.004356391479963617
107 0.004371276877944032
108 0.004385581916849065
109 0.004399307642799206
110 0.004412455225987857
111 0.00442502595961273
112 0.004437021258772121
113 0.004448442659326679
114 0.004459291816727358
115 0.0044695705048102
116 0.004479280614558612
117 0.004488424152833875
118 0.004497003241074518
119 0.00450502011396532
120 0.004512477118076626
121 0.004519376710474705
122 0.004525721457303918
123 0.004531514032341367
124 0.004536757215524866
125 0.004541453891454905
126 0.004545607047871438
127 0.004549219774106214
128 0.004552295259511464
129 0.0045548367918656985
130 0.004556847755757416
131 0.004558331630947515
132 0.0045592919907111815
133 0.0045597325001600865
134 0.0045596569145456515
135 0.004559069077544233
136 0.004557972919524989
137 0.0045563724558012626
138 0.004554271784866287
139 0.004551675086614016
140 0.004548586620545896
141 0.0045450107239644
142 0.0045409518101541145
143 0.004536414366551209
144 0.004531402952902094
145 0.004525922199412071
146 0.004519976804884783
147 0.004513571534853279
148 0.004506711219703475
149 0.004499400752790838
150 0.004491645088551065
151 0.0044834492406055585
152 0.004474818279862497
153 0.004465757332614257
154 0.004456271578632001
155 0.004446366249258169
156 0.0044360466254976735
157 0.004425318036108547
158 0.004414185855692779
159 0.004402655502788136
160 0.004390732437961664
161 0.004378422161905639
162 0.004365730213536672
163 0.004352662168098712
164 0.004339223635270635
165 0.0043254202572791415
166 0.00431125770701765
167 0.004296741686171872
168 0.004281877923352756
169 0.004266672172237447
170 0.004251130209718952
171 0.004235257834065116
172 0.004219060863087599
173 0.004202545132321433
174 0.004185716493215809
175 0.004168580811336687
176 0.004151143964581815
177 0.004133411841408771
178 0.004115390339076562
179 0.004097085361901375
180 0.004078502819526997
181 0.004059648625210479
182 0.004040528694123533
183 0.00402114894167019
184 0.004001515281821229
185 0.0039816336254658476
186 0.00396150987878106
187 0.003941149941619277
188 0.00392055970591453
189 0.0038997450541077626
190 0.0038787118575916214
191 0.0038574659751751486
192 0.00383601325156879
193 0.0038143595158900805
194 0.003792510580190391
195 0.0037704722380030972
196 0.003748250262913503
197 0.003725850407150855
198 0.0037032784002027663
199 0.003680539947452352
200 0.0036576407288383623
201 0.0036345863975385992
202 0.0036113825786768627
203 0.0035880348680537026
204 0.0035645488309011828
205 0.0035409300006619005
206 0.003517183877792465
207 0.003493315928591626
208 0.003469331584053243
209 0.003445236238744254
210 0.003421035249707816
211 0.003396733935391744
212 0.003372337574602386
213 0.003347851405484054
214 0.003323280624524108
215 0.0032986303855837896
216 0.0032739057989548876
217 0.003249111930442287
218 0.003224253800472475
219 0.0031993363832280353
220 0.0031743646058081517
221 0.0031493433474151606
222 0.003124277438567135
223 0.003099171660336507
224 0.003074030743614709
225 0.0030488593684027993
226 0.0030236621631280357
227 0.002998443703986343
228 0.0029732085143106142
229 0.002947961063964768
230 0.00292270576876348
231 0.002897446989917491
232 0.0028721890335043914
233 0.0028469361499647624
234 0.002821692533623546
235 0.0027964623222365183
236 0.0027712495965617093
237 0.0027460583799556273
238 0.0027208926379941128
239 0.0026957562781176597
240 0.0026706531493010184
241 0.0026455870417468877
242 0.0026205616866035093
243 0.0025955807557059432
244 0.0025706478613408243
245 0.0025457665560343684
246 0.002520940332363407
247 0.0024961726227892057
248 0.0024714667995138313
249 0.0024468261743588113
250 0.00242225399866583
251 0.0023977534632192037
252 0.002373327698189853
253 0.002348979773100512
254 0.002324712696811883
255 0.0023005294175294493
256 0.0022764328228306627
257 0.0022524257397122014
258 0.002228510934656999
259 0.0022046911137207333
260 0.002180968922637477
261 0.0021573469469441777
262 0.00213382771212366
263 0.002110413683765824
264 0.002087107267746714
265 0.0020639108104251237
266 0.0020408265988564097
267 0.002017856861023179
268 0.001995003766082504
269 0.0019722694246293335
270 0.0019496558889757498
271 0.0019271651534457314
272 0.0019047991546850694
273 0.001882559771986094
274 0.001860448827626856
275 0.0018384680872244171
276 0.0018166192601018927
277 0.0017949039996688928
278 0.001773323903815014
279 0.0017518805153160177
280 0.001730575322252352
281 0.0017094097584396484
282 0.0016883852038708537
283 0.0016675029851696286
284 0.001646764376054669
285 0.0016261705978145927
286 0.0016057228197930366
287 0.001585422159883616
288 0.0015652696850343981
289 0.0015452664117615285
290 0.0015254133066716778
291 0.0015057112869929536
292 0.0014861612211139294
293 0.0014667639291304603
294 0.001447520183399931
295 0.0014284307091026057
296 0.001409496184809743
297 0.0013907172430581369
298 0.0013720944709307568
299 0.001353628410643161
300 0.0013353195601353463
301 0.0013171683736687243
302 0.0012991752624278952
303 0.0012813405951269067
304 0.0012636646986196808
305 0.0012461478585143058
306 0.0012287903197908735
307 0.0012115922874225765
308 0.0011945539269997466
309 0.0011776753653565553
310 0.001160956691200074
311 0.0011443979557414089
312 0.0011279991733286288
313 0.0011117603220812023
314 0.0010956813445256708
315 0.0010797621482322843
316 0.0010640026064523355
317 0.001048402558755924
318 0.0010329618116698984
319 0.0010176801393157156
320 0.001002557284046972
321 0.000987592957086363
322 0.0009727868391618225
323 0.0009581385811416142
324 0.0009436478046681424
325 0.0009293141027902504
326 0.0009151370405937902
327 0.0009011161558302455
328 0.0008872509595431924
329 0.0008735409366923949
330 0.0008599855467753284
331 0.0008465842244459365
332 0.0008333363801304272
333 0.000820241400639918
334 0.0008072986497797516
335 0.0007945074689552984
336 0.0007818671777740762
337 0.0007693770746440162
338 0.0007570364373677142
339 0.000744844523732503
340 0.0007328005720961981
341 0.0007209038019683638
342 0.0007091534145869546
343 0.0006975485934901953
344 0.0006860885050835623
345 0.0006747722992017374
346 0.0006635991096654084
347 0.0006525680548327956
348 0.0006416782381457878
349 0.000630928748670579
350 0.0006203186616326945
351 0.0006098470389463093
352 0.0005995129297377577
353 0.000589315370863142
354 0.0005792533874199537
355 0.0005693259932526177
356 0.0005595321914518874
357 0.0005498709748480078
358 0.0005403413264975802
359 0.0005309422201640596
360 0.0005216726207918226
361 0.0005125314849737466
362 0.0005035177614122467
363 0.0004946303913737194
364 0.0004858683091363452
365 0.00047723044243121106
366 0.0004687157128767094
367 0.0004603230364061825
368 0.00045205132368877877
369 0.00044389948054349496
370 0.00043586640834637893
371 0.0004279510044308745
372 0.00042015216248128903
373 0.0004124687729193735
374 0.00040489972328400253
375 0.0003974438986039484
376 0.0003901001817637464
377 0.00038286745386265086
378 0.0003757445945666831
379 0.0003687304824537807
380 0.0003618239953520529
381 0.00035502401067115716
382 0.0003483294057268101
383 0.00034173905805844995
384 0.00033525184574007146
385 0.0003288666476842559
386 0.0003225823439394208
387 0.0003163978159803179
388 0.0003103119469918104
389 0.00030432362214595987
390 0.0002984317288724606
391 0.00029263515712245623
392 0.00028693279962578003
393 0.0002813235521416589
394 0.0002758063137029247
395 0.0002703799868537805
396 0.00026504347788116565
397 0.00025979569703977204
398 0.00025463555877076123
399 0.0002495619819142353
400 0.00024457388991551546
401 0.00023967021102528605
402 0.00023484987849365895
403 0.00023011183075821932
404 0.00022545501162611256
405 0.00022087837045023349
406 0.0002163808622995815
407 0.0002119614481238457
408 0.00020761909491228485
409 0.00020335277584696937
410 0.00019916147045045222
411 0.00019504416472793709
412 0.00019099985130401398
413 0.00018702752955403128
414 0.00018312620573017628
415 0.00017929489308233585
416 0.00017553261197380865
417 0.00017183838999194396
418 0.00016821126205377883
419 0.00016465027050674934
420 0.00016115446522454974
421 0.00015772290369821574
422 0.00015435465112250603
423 0.00015104878047765972
424 0.00014780437260660475
425 0.00014462051628769416
426 0.00014149630830304733
427 0.00013843085350257223
428 0.0001354232648637469
429 0.00013247266354723605
430 0.00012957817894842087
431 0.00012673894874491883
432 0.0001239541189401705
433 0.00012122284390317066
434 0.00011854428640442075
435 0.00011591761764817896
436 0.0001133420173010851
437 0.00011081667351723653
438 0.00010834078295979092
439 0.0001059135508191722
440 0.00010353419082795515
441 0.00010120192527250341
442 9.891598500143629e-05
443 9.667560943099854e-05
444 9.448004654740698e-05
445 9.232855290624786e-05
446 9.022039362899759e-05
447 8.815484239673961e-05
448 8.613118144114955e-05
449 8.414870153281968e-05
450 8.220670196699405e-05
451 8.030449054678419e-05
452 7.844138356393528e-05
453 7.66167057772115e-05
454 7.482979038846938e-05
455 7.30799790164863e-05
456 7.136662166861144e-05
457 6.968907671030543e-05
458 6.804671083263407e-05
459 6.643889901778105e-05
460 6.486502450264373e-05
461 6.332447874057505e-05
462 6.181666136133446e-05
463 6.034098012930905e-05
464 5.889685090006618e-05
465 5.748369757529759e-05
466 5.6100952056214066e-05
467 5.47480541954493e-05
468 5.34244517475305e-05
469 5.2129600317972296e-05
470 5.086296331105007e-05
471 4.9624011876307634e-05
472 4.841222485385324e-05
473 4.7227088718497515e-05
474 4.606809752278548e-05
475 4.493475283897431e-05
476 4.38265637000074e-05
477 4.274304653953455e-05
478 4.168372513102717e-05
479 4.0648130526036385e-05
480 3.9635800991641256e-05
481 3.864628194713326e-05
482 3.7679125899982405e-05
483 3.673389238112934e-05
484 3.58101478796471e-05
485 3.490746577681505e-05
486 3.402542627964691e-05
487 3.3163616353913756e-05
488 3.232162965670186e-05
489 3.149906646854477e-05
490 3.069553362516776e-05
491 2.991064444888207e-05
492 2.914401867966552e-05
493 2.839528240596526e-05
494 2.7664067995257375e-05
495 2.6950014024397452e-05
496 2.625276520979526e-05
497 2.5571972337445805e-05
498 2.4907292192848415e-05
499 2.4258387490844323e-05
500 2.3624926805402866e-05
501 2.3006584499385185e-05
502 2.2403040654313763e-05
503 2.1813981000175335e-05
504 2.123909684528377e-05
505 2.067808500622892e-05
506 2.0130647737936596e-05
507 1.9596492663864057e-05
508 1.907533270635466e-05
509 1.8566886017174655e-05
510 1.807087590825423e-05
511 1.7587030782654355e-05
512 1.711508406578014e-05
513 1.6654774136860782e-05
514 1.6205844260715498e-05
515 1.5768042519824103e-05
516 1.534112174672023e-05
517 1.492483945672464e-05
518 1.4518957781035227e-05
519 1.4123243400189843e-05
520 1.3737467477917385e-05
521 1.3361405595391907e-05
522 1.2994837685904037e-05
523 1.2637547969963255e-05
524 1.2289324890844051e-05
525 1.194996105058845e-05
526 1.1619253146476735e-05
527 1.1297001907977672e-05
528 1.0983012034189083e-05
529 1.0677092131778899e-05
530 1.0379054653436479e-05
531 1.0088715836843356e-05
532 9.80589564417209e-06
533 9.530417702121452e-06
534 9.262109242495623e-06
535 9.000801043334647e-06
536 8.746327370602935e-06
537 8.498525920442123e-06
538 8.257237761994155e-06
539 8.022307280800074e-06
540 7.793582122779498e-06
541 7.570913138795441e-06
542 7.354154329808656e-06
543 7.14316279262535e-06
544 6.937798666241674e-06
545 6.737925078788081e-06
546 6.543408095076253e-06
547 6.354116664750928e-06
548 6.169922571048658e-06
549 5.99070038016514e-06
550 5.81632739123251e-06
551 5.646683586907585e-06
552 5.481651584571815e-06
553 5.3211165881433495e-06
554 5.164966340501384e-06
555 5.013091076522606e-06
556 4.865383476729379e-06
557 4.7217386215489445e-06
558 4.582053946182755e-06
559 4.446229196084727e-06
560 4.314166383047032e-06
561 4.185769741891771e-06
562 4.060945687766676e-06
563 3.939602774042758e-06
564 3.8216516508116176e-06
565 3.7070050239799624e-06
566 3.595577614958621e-06
567 3.487286120943229e-06
568 3.3820491757835556e-06
569 3.2797873114382533e-06
570 3.180422920011682e-06
571 3.083880216369293e-06
572 2.990085201327896e-06
573 2.898965625417009e-06
574 2.8104509532073442e-06
575 2.724472328202362e-06
576 2.6409625382886824e-06
577 2.5598559817410604e-06
578 2.4810886337774848e-06
579 2.404598013659874e-06
580 2.330323152335748e-06
581 2.258204560616136e-06
582 2.188184197884921e-06
583 2.120205441334721e-06
584 2.0542130557243256e-06
585 1.9901531636526516e-06
586 1.9279732163440913e-06
587 1.8676219649400795e-06
588 1.8090494322916423e-06
589 1.752206885247625e-06
590 1.6970468074332737e-06
591 1.6435228725137644e-06
592 1.591589917937263e-06
593 1.5412039191520474e-06
594 1.4923219642921878e-06
595 1.4449022293262615e-06
596 1.3989039536635475e-06
597 1.3542874162121224e-06
598 1.311013911883265e-06
599 1.2690457285365616e-06
600 1.228346124360089e-06
601 1.1888793056800478e-06
602 1.1506104051942117e-06
603 1.1135054606235572e-06
604 1.0775313937764346e-06
605 1.0426559900196548e-06
606 1.0088478781508602e-06
607 9.760765106665666e-07
608 9.443121444202707e-07
609 9.135258216650299e-07
610 8.836893514749431e-07
611 8.547752915399722e-07
612 8.267569303285725e-07
613 7.996082696126182e-07
614 7.733040073491326e-07
615 7.478195209133668e-07
616 7.231308506777912e-07
617 6.99214683931598e-07
618 6.76048339135348e-07
619 6.536097505054214e-07
620 6.318774529229746e-07
621 6.108305671621393e-07
622 5.904487854322355e-07
623 5.707123572288145e-07
624 5.516020754883855e-07
625 5.330992630417202e-07
626 5.151857593606782e-07
627 4.978439075935337e-07
628 4.810565418838322e-07
629 4.648069749678537e-07
630 4.490789860458022e-07
631 4.3385680892189124e-07
632 4.191251204085428e-07
633 4.0486902898996814e-07
634 3.9107406374044575e-07
635 3.777261634926654e-07
636 3.648116662515553e-07
637 3.523172988490648e-07
638 3.4023016683542287e-07
639 3.2853774460244834e-07
640 3.172278657345395e-07
641 3.062887135830234e-07
642 2.9570881205959975e-07
643 2.8547701664466774e-07
644 2.755825056063775e-07
645 2.660147714263021e-07
646 2.567636124276822e-07
647 2.4781912460224625e-07
648 2.3917169363166703e-07
649 2.3081198709976806e-07
650 2.2273094689164797e-07
651 2.149197817759455e-07
652 2.0736996016652323e-07
653 2.0007320305990052e-07
654 1.9302147714482165e-07
655 1.8620698808039968e-07
656 1.796221739393286e-07
657 1.7325969881271178e-07
658 1.6711244657310744e-07
659 1.6117351479244567e-07
660 1.5543620881152324e-07
661 1.4989403595783687e-07
