0 0.0
1 0.01778279410038923
2 0.03493313266874479
3 0.05053607288652757
4 0.06378674020023657
5 0.07406189291371656
6 0.08097210714224169
7 0.08438808616831933
8 0.08443827936265078
9 0.08147912745810765
10 0.07604309837167283
11 0.06877256183675
12 0.06034899323002764
13 0.051426817629116876
14 0.042579551549594544
15 0.034263197117451065
16 0.026798684185643552
17 0.020372158735657116
18 0.01504959073904573
19 0.010800827418693239
20 0.0075279142176678865
21 0.005093095609249486
22 0.0033430956194313377
23 0.002127714146883676
24 0.0013121425957333234
25 0.0007834761636319798
26 0.00045257293236606965
27 0.00025268327927568815
28 0.00013622630686568188
29 7.083948549546786e-05
30 3.549050683231949e-05
31 1.7108792085684707e-05
32 7.924940541662562e-06
33 3.521984598552507e-06
34 1.4992666885820074e-06
