0 0.0
1 1.778279410038923e-05
2 3.556495574524643e-05
3 5.3345536285014015e-05
4 7.11235871826003e-05
5 8.889816009771764e-05
6 0.00010666830697119962
7 0.0001244330801092869
8 0.0001421915322678707
9 0.00015994271673668427
10 0.00017768568742343113
11 0.00019541949893783984
12 0.00021314320667563516
13 0.0002308558669024147
14 0.00024855653683742085
15 0.0002662442747371976
16 0.00028391813997912186
17 0.0003015771931447985
18 0.0003192204961033098
19 0.0003368471120943075
20 0.0003544561058109384
21 0.0003720465434825928
22 0.00038961749295746525
23 0.0004071680237849174
24 0.0004246972072976339
25 0.0004422041166935591
26 0.00045968782711760625
27 0.00047714741574312876
28 0.0004945819618531422
29 0.0005119905469212886
30 0.0005293722546925329
31 0.0005467261712635799
32 0.0005640513851630048
33 0.0005813469874310837
34 0.0005986120716993187
35 0.0006158457342696435
36 0.0006330470741933033
37 0.0006502151933493966
38 0.0006673491965230719
39 0.000684448191483367
40 0.0007015112890606843
41 0.0007185376032238903
42 0.0007355262511570312
43 0.0007524763533356548
44 0.0007693870336027298
45 0.0007862574192441534
46 0.0008030866410638372
47 0.0008198738334583631
48 0.0008366181344912015
49 0.0008533186859664792
50 0.0008699746335022918
51 0.0008865851266035508
52 0.0009031493187343559
53 0.0009196663673898838
54 0.000936135434167787
55 0.0009525556848390908
56 0.0009689262894185842
57 0.0009852464222346916
58 0.0010015152619988223
59 0.0010177319918741844
60 0.0010338957995440603
61 0.0010500058772795304
62 0.0010660614220066422
63 0.001082061635373013
64 0.001098005723813861
65 0.0011138928986174567
66 0.0011297223759899847
67 0.0011454933771198128
68 0.0011612051282411577
69 0.0011768568606971399
70 0.001192447811002224
71 0.0012079772209040327
72 0.0012234443374445321
73 0.0012388484130205768
74 0.0012541887054438132
75 0.0012694644779999288
76 0.0012846749995072454
77 0.0012998195443746487
78 0.001314897392658844
79 0.001329907830120939
80 0.0013448501482823407
81 0.0013597236444799646
82 0.0013745276219207473
83 0.0013892613897354595
84 0.0014039242630318129
85 0.0014185155629468519
86 0.0014330346166986309
87 0.001447480757637166
88 0.0014618533252946588
89 0.0014761516654349868
90 0.0014903751301024554
91 0.001504523077669804
92 0.0015185948728854654
93 0.0015325898869200719
94 0.001546507497412203
95 0.0015603470885133688
96 0.0015741080509322294
97 0.0015877897819780423
98 0.0016013916856033317
99 0.0016149131724457833
100 0.0016283536598693514
101 0.0016417125720045815
102 0.0016549893397881411
103 0.0016681834010015561
104 0.001681294200309149
105 0.0016943211892951782
106 0.0017072638265001685
107 0.0017201215774564399
108 0.0017328939147228197
109 0.0017455803179185477
110 0.0017581802737563596
111 0.0017706932760747556
112 0.0017831188258694462
113 0.001795456431323975
114 0.001807705607839516
115 0.0018198658780638425
116 0.0018319367719194664
117 0.0018439178266309452
118 0.0018558085867513574
119 0.0018676086041879403
120 0.0018793174382268928
121 0.0018909346555573392
122 0.0019024598302944547
123 0.0019138925440017494
124 0.0019252323857125119
125 0.00193647895195041
126 0.0019476318467492467
127 0.001958690681671877
128 0.0019696550758282728
129 0.001980524655892752
130 0.0019912990561203547
131 0.0020019779183623795
132 0.0020125608920810714
133 0.0020230476343634646
134 0.0020334378099343825
135 0.0020437310911685922
136 0.0020539271581021127
137 0.00206402569844268
138 0.0020740264075793727
139 0.0020839289885913894
140 0.0020937331522559886
141 0.0021034386170555876
142 0.0021130451091840212
143 0.002122552362551964
144 0.0021319601187915135
145 0.002141268127259939
146 0.0021504761450426
147 0.0021595839369550267
148 0.002168591275544177
149 0.002177497941088859
150 0.002186303721599335
151 0.002195008412816091
152 0.0022036118182077974
153 0.0022121137489684397
154 0.0022205140240136394
155 0.0022288124699761545
156 0.0022370089212005767
157 0.0022451032197372115
158 0.0022530952153351604
159 0.002260984765434592
160 0.0022687717351582244
161 0.0022764559973020002
162 0.002284037432324976
163 0.002291515928338421
164 0.002298891381094127
165 0.0023061636939719415
166 0.002313332777966516
167 0.0023203985516732847
168 0.002327360941273671
169 0.0023342198805195273
170 0.0023409753107168107
171 0.002347627180708505
172 0.0023541754468567864
173 0.0023606200730244362
174 0.0023669610305555176
175 0.002373198298255303
176 0.002379331862369471
177 0.002385361716562574
178 0.0023912878618957754
179 0.0023971103068038697
180 0.002402829067071585
181 0.002408444165809177
182 0.002413955633427317
183 0.002419363507611277
184 0.0024246678332944275
185 0.0024298686626310372
186 0.002434966054968397
187 0.0024399600768182615
188 0.0024448508018276214
189 0.002449638310748809
190 0.0024543226914089406
191 0.002458904038678709
192 0.002463382454440524
193 0.0024677580475560147
194 0.00247203093383289
195 0.002476201235991176
196 0.002480269083628825
197 0.0024842346131867085
198 0.0024880979679130027
199 0.0024918592978269653
200 0.002495518759682117
201 0.0024990765169288333
202 0.002502532739676351
203 0.0025058876046541957
204 0.0025091412951730426
205 0.0025122940010850092
206 0.0025153459187433956
207 0.0025182972509618707
208 0.0025211482069731196
209 0.002523899002386952
210 0.002526549859147887
211 0.0025291010054922084
212 0.002531552675904517
213 0.002533905111073765
214 0.0025361585578488
215 0.002538313269193411
216 0.0025403695041408937
217 0.002542327527748135
218 0.0025441876110492323
219 0.002545950031008647
220 0.002547615070473905
221 0.002549183018127851
222 0.002550654168440462
223 0.00255202882162023
224 0.0025533072835651235
225 0.0025544898658131257
226 0.002555576885492374
227 0.002556568665270891
228 0.0025574655333059277
229 0.002558267823192919
230 0.0025589758739140663
231 0.002559590029786542
232 0.002560110640410349
233 0.0025605380606158064
234 0.00256087265041071
235 0.002561114774927141
236 0.0025612648043679535
237 0.0025613231139529364
238 0.002561290083864667
239 0.0025611660991940515
240 0.0025609515498855795
241 0.002560646830682278
242 0.0025602523410703936
243 0.002559768485223794
244 0.0025591956719481124
245 0.002558534314624628
246 0.002557784831153903
247 0.002556947643899176
248 0.0025560231796295254
249 0.002555011869462802
250 0.002553914148808357
251 0.0025527304573095496
252 0.002551461238786061
253 0.002550106941176012
254 0.002548668016477905
255 0.0025471449206923755
256 0.0025455381137637913
257 0.0025438480595216806
258 0.0025420752256220098
259 0.0025402200834883245
260 0.0025382831082527424
261 0.002536264778696829
262 0.002534165577192348
263 0.0025319859896418976
264 0.002529726505419447
265 0.002527387617310775
266 0.0025249698214538157
267 0.0025224736172789314
268 0.002519899507449104
269 0.002517247997800068
270 0.002514519597280381
271 0.0025117148178914503
272 0.002508834174627508
273 0.0025058781854155636
274 0.0025028473710553205
275 0.002499742255159078
276 0.0024965633640916195
277 0.0024933112269101003
278 0.0024899863753039325
279 0.002486589343534688
280 0.002483120668376015
281 0.0024795808890535832
282 0.0024759705471850595
283 0.0024722901867201257
284 0.002468540353880544
285 0.0024647215971002794
286 0.0024608344669656765
287 0.0024568795161557166
288 0.002452857299382342
289 0.0024487683733308693
290 0.0024446132966004903
291 0.0024403926296448714
292 0.0024361069347128552
293 0.002431756775789277
294 0.0024273427185358956
295 0.002422865330232451
296 0.0024183251797178515
297 0.0024137228373315015
298 0.002409058874854771
299 0.002404333865452618
300 0.002399548383615366
301 0.002394703005100651
302 0.002389798306875534
303 0.002384834867058788
304 0.002379813264863378
305 0.0023747340805391165
306 0.002369597895315528
307 0.0023644052913449017
308 0.0023591568516455642
309 0.0023538531600453536
310 0.002348494801125323
311 0.002343082360163662
312 0.0023376164230798514
313 0.002332097576379055
314 0.0023265264070967536
315 0.0023209035027436237
316 0.0023152294512506742
317 0.0023095048409146365
318 0.002303730260343623
319 0.0022979062984030516
320 0.0022920335441618477
321 0.002286112586838921
322 0.0022801440157499352
323 0.0022741284202543567
324 0.0022680663897028087
325 0.002261958513384717
326 0.0022558053804762647
327 0.0022496075799886537
328 0.002243365700716682
329 0.002237080331187638
330 0.002230752059610518
331 0.0022243814738255705
332 0.0022179691612541777
333 0.0022115157088490617
334 0.0022050217030448443
335 0.0021984877297089402
336 0.002191914374092809
337 0.002185302220783549
338 0.00217865185365586
339 0.002171963855824352
340 0.002165238809596235
341 0.0021584772964243592
342 0.002151679896860643
343 0.002144847190509864
344 0.002137979755983836
345 0.002131078170855968
346 0.002124143011616201
347 0.002117174853626344
348 0.0021101742710757957
349 0.002103141836937665
350 0.0020960781229252823
351 0.0020889836994491245
352 0.002081859135574132
353 0.00207470499897744
354 0.0020675218559065146
355 0.002060310271137708
356 0.0020530708079352176
357 0.002045804028010478
358 0.002038510491481957
359 0.002031190756835384
360 0.0020238453808844
361 0.0020164749187316345
362 0.002009079923730212
363 0.002001660947445687
364 0.001994218539618416
365 0.0019867532481263627
366 0.0019792656189483366
367 0.001971756196127677
368 0.0019642255217363724
369 0.001956674135839623
370 0.001949102576460846
371 0.0019415113795471296
372 0.001933901078935127
373 0.001926272206317404
374 0.0019186252912092327
375 0.0019109608609158362
376 0.0019032794405000834
377 0.001895581552750638
378 0.0018878677181505602
379 0.0018801384548463628
380 0.0018723942786175206
381 0.0018646357028464396
382 0.001856863238488877
383 0.0018490773940448256
384 0.0018412786755298487
385 0.0018334675864468796
386 0.0018256446277584747
387 0.0018178102978595283
388 0.001809965092550447
389 0.001802109505010782
390 0.0017942440257733222
391 0.0017863691426986464
392 0.0017784853409501373
393 0.0017705931029694505
394 0.0017626929084524488
395 0.001754785234325593
396 0.001746870554722792
397 0.0017389493409627117
398 0.0017310220615265439
399 0.0017230891820362308
400 0.0017151511652331512
401 0.0017072084709572582
402 0.0016992615561266786
403 0.0016913108747177645
404 0.0016833568777456028
405 0.0016754000132449757
406 0.0016674407262517784
407 0.0016594794587848852
408 0.0016515166498284708
409 0.00164355273531478
410 0.0016355881481073468
411 0.0016276233179846633
412 0.0016196586716242943
413 0.0016116946325874372
414 0.001603731621303929
415 0.0015957700550576933
416 0.0015878103479726314
417 0.0015798529109989528
418 0.0015718981518999442
419 0.0015639464752391754
420 0.0015559982823681437
421 0.001548053971414347
422 0.001540113937269794
423 0.001532178571579942
424 0.0015242482627330644
425 0.001516323395850045
426 0.0015084043527745967
427 0.0015004915120639022
428 0.0014925852489796787
429 0.0014846859354796578
430 0.0014767939402094844
431 0.0014689096284950297
432 0.0014610333623351155
433 0.001453165500394651
434 0.0014453063979981754
435 0.0014374564071238081
436 0.0014296158763975996
437 0.0014217851510882871
438 0.0014139645731024435
439 0.0014061544809800283
440 0.0013983552098903278
441 0.001390567091628287
442 0.0013827904546112326
443 0.0013750256238759782
444 0.0013672729210763156
445 0.0013595326644808836
446 0.0013518051689714197
447 0.0013440907460413815
448 0.0013363897037949426
449 0.0013287023469463585
450 0.0013210289768197003
451 0.0013133698913489484
452 0.0013057253850784515
453 0.0012980957491637395
454 0.0012904812713726962
455 0.0012828822360870797
456 0.0012752989243043948
457 0.0012677316136401086
458 0.0012601805783302136
459 0.0012526460892341267
460 0.0012451284138379265
461 0.001237627816257923
462 0.0012301445572445628
463 0.001222678894186654
464 0.0012152310811159228
465 0.0012078013687118845
466 0.0012003900043070386
467 0.001192997231892374
468 0.001185623292123187
469 0.001178268422325206
470 0.001170932856501025
471 0.0011636168253368333
472 0.0011563205562094456
473 0.001149044273193628
474 0.0011417881970697138
475 0.0011345525453315068
476 0.0011273375321944703
477 0.001120143368604198
478 0.0011129702622451612
479 0.00110581841754973
480 0.0010986880357074672
481 0.001091579314674689
482 0.0010844924491842892
483 0.0010774276307558247
484 0.0010703850477058567
485 0.0010633648851585491
486 0.0010563673250565113
487 0.0010493925461718945
488 0.0010424407241177247
489 0.0010355120313594803
490 0.0010286066372269035
491 0.001021724707926045
492 0.0010148664065515373
493 0.001008031893099095
494 0.0010012213244782362
495 0.0009944348545252225
496 0.0009876726340162145
497 0.0009809348106806395
498 0.0009742215292147665
499 0.0009675329312954858
500 0.0009608691555942901
501 0.0009542303377914533
502 0.0009476166105904028
503 0.0009410281037322831
504 0.000934464944010706
505 0.0009279272552866843
506 0.0009214151585037468
507 0.0009149287717032275
508 0.000908468210039731
509 0.0009020335857967648
510 0.0008956250084025402
511 0.0008892425844459341
512 0.0008828864176926104
513 0.000876556609101299
514 0.0008702532568402255
515 0.0008639764563036893
516 0.0008577263001287899
517 0.0008515028782122933
518 0.0008453062777276379
519 0.0008391365831420745
520 0.0008329938762339423
521 0.0008268782361100684
522 0.0008207897392232969
523 0.0008147284593901366
524 0.0008086944678085307
525 0.00080268783307574
526 0.0007967086212063375
527 0.0007907568956503142
528 0.0007848327173112882
529 0.000778936144564818
530 0.0007730672332768133
531 0.000767226036822042
532 0.0007614126061027314
533 0.0007556269895672569
534 0.0007498692332289184
535 0.0007441393806847982
536 0.0007384374731347021
537 0.0007327635494001739
538 0.0007271176459435859
539 0.0007214997968872994
540 0.0007159100340328936
541 0.0007103483868804579
542 0.0007048148826479477
543 0.0006993095462905966
544 0.0006938324005203872
545 0.0006883834658255712
546 0.0006829627604902425
547 0.0006775703006139548
548 0.0006722061001313847
549 0.0006668701708320352
550 0.000661562522379978
551 0.0006562831623336302
552 0.0006510320961655652
553 0.0006458093272823515
554 0.0006406148570444214
555 0.0006354486847859602
556 0.0006303108078348211
557 0.0006252012215324563
558 0.0006201199192538647
559 0.0006150668924275553
560 0.0006100421305555189
561 0.0006050456212332096
562 0.0006000773501695324
563 0.0005951373012068336
564 0.0005902254563408919
565 0.0005853417957409086
566 0.0005804862977694919
567 0.000575658939002637
568 0.0005708596942496952
569 0.0005660885365733327
570 0.0005613454373094742
571 0.0005566303660872322
572 0.0005519432908488168
573 0.0005472841778694245
574 0.0005426529917771046
575 0.0005380496955725999
576 0.0005334742506491604
577 0.0005289266168123267
578 0.0005244067522996815
579 0.0005199146138005684
580 0.0005154501564757736
581 0.0005110133339771688
582 0.0005066040984673152
583 0.0005022224006390246
584 0.0004978681897348768
585 0.00049354141356669
586 0.0004892420185349432
587 0.00048496994964814893
588 0.00048072515054217415
589 0.00047650756349950653
590 0.0004723171294684651
591 0.00046815378808235487
592 0.0004640174776785599
593 0.0004599081353175773
594 0.000455825696801987
595 0.0004517700966953582
596 0.0004477412683410889
597 0.00044373914388117777
598 0.0004397636542749266
599 0.0004358147293175721
600 0.00043189229765884486
601 0.00042799628682145335
602 0.0004241266232194938
603 0.0004202832321767818
604 0.00041646603794510555
605 0.00041267496372239916
606 0.00040890993167083455
607 0.0004051708629348303
608 0.0004014576776589765
609 0.0003977702950058737
610 0.0003941086331738859
611 0.00039047260941480415
612 0.0003868621400514219
613 0.0003832771404950193
614 0.0003797175252627554
615 0.0003761832079949684
616 0.00037267410147238055
617 0.0003691901176332086
618 0.00036573116759017795
619 0.00036229716164743896
620 0.0003588880093173852
621 0.0003555036193373721
622 0.0003521438996863351
623 0.00034880875760130676
624 0.0003454980995938308
625 0.0003422118314662734
626 0.0003389498583280306
627 0.0003357120846116298
628 0.00033249841408872606
629 0.00032930874988599135
630 0.00032614299450089675
631 0.0003230010498173857
632 0.000319882817121439
633 0.000316788197116529
634 0.0003137170899389651
635 0.0003106693951731259
636 0.00030764501186658156
637 0.00030464383854510234
638 0.0003016657732275553
639 0.00029871071344068635
640 0.0002957785562337889
641 0.0002928691981932572
642 0.0002899825354570253
643 0.00028711846372888943
644 0.00028427687829271473
645 0.00028145767402652517
646 0.00027866074541647645
647 0.0002758859865707115
648 0.00027313329123309797
649 0.0002704025527968477
650 0.0002676936643180175
651 0.0002650065185288912
652 0.00026234100785124204
653 0.00025969702440947653
654 0.0002570744600436575
655 0.0002544732063224081
656 0.0002518931545556949
657 0.00024933419580749113
658 0.00024679622090831906
659 0.00024427912046767167
660 0.00024178278488631348
661 0.00023930710436846056
662 0.00023685196893383895
663 0.00023441726842962247
664 0.0002320028925422487
665 0.00022960873080911406
666 0.00022723467263014737
667 0.00022488060727926195
668 0.0002225464239156865
669 0.00022023201159517458
670 0.0002179372592810927
671 0.00021566205585538722
672 0.00021340629012943003
673 0.00021116985085474317
674 0.00020895262673360237
675 0.00020675450642951954
676 0.00020457537857760503
677 0.00020241513179480858
678 0.0002002736546900404
679 0.00019815083587417163
680 0.0001960465639699149
681 0.00019396072762158497
682 0.00019189321550473979
683 0.00018984391633570198
684 0.0001878127188809614
685 0.0001857995119664587
686 0.00018380418448675032
687 0.00018182662541405497
688 0.00017986672380718264
689 0.00017792436882034526
690 0.0001759994497118505
691 0.0001740918558526783
692 0.00017220147673494083
693 0.0001703282019802263
694 0.00016847192134782673
695 0.0001666325247428501
696 0.00016480990222421773
697 0.00016300394401254668
698 0.0001612145404979181
699 0.00015944158224753157
700 0.00015768496001324636
701 0.0001559445647390095
702 0.00015422028756817156
703 0.0001525120198506903
704 0.0001508196531502234
705 0.0001491430792511094
706 0.000147482190165239
707 0.0001458368781388157
708 0.00014420703565900777
709 0.00014259255546049073
710 0.00014099333053188188
711 0.00013940925412206682
712 0.00013784021974641916
713 0.00013628612119291313
714 0.00013474685252813046
715 0.00013322230810316162
716 0.00013171238255940234
717 0.00013021697083424592
718 0.0001287359681666716
719 0.00012726927010273
720 0.0001258167725009265
721 0.0001243783715375023
722 0.00012295396371161474
723 0.00012154344585041678
724 0.00012014671511403705
725 0.00011876366900046027
726 0.00011739420535030942
727 0.0001160382223515299
728 0.00011469561854397658
729 0.00011336629282390422
730 0.00011205014444836213
731 0.00011074707303949369
732 0.00010945697858874135
733 0.00010817976146095792
734 0.00010691532239842465
735 0.00010566356252477721
736 0.00010442438334883982
737 0.00010319768676836842
738 0.00010198337507370376
739 0.00010078135095133492
740 9.959151748737401e-05
741 9.841377817094288e-05
742 9.724803689747234e-05
743 9.609419797191515e-05
744 9.495216611187275e-05
745 9.382184645063712e-05
746 9.270314454014808e-05
747 9.159596635386719e-05
748 9.050021828956853e-05
749 8.941580717204747e-05
750 8.834264025574792e-05
751 8.728062522730908e-05
752 8.62296702080322e-05
753 8.518968375626816e-05
754 8.416057486972674e-05
755 8.314225298770824e-05
756 8.213462799325824e-05
757 8.113761021524606e-05
758 8.015111043036815e-05
759 7.917503986507664e-05
760 7.820931019743415e-05
761 7.72538335588955e-05
762 7.630852253601702e-05
763 7.53732901720944e-05
764 7.444804996872966e-05
765 7.353271588732819e-05
766 7.262720235052618e-05
767 7.173142424354993e-05
768 7.084529691550716e-05
769 6.99687361806113e-05
770 6.910165831933951e-05
771 6.82439800795254e-05
772 6.73956186773867e-05
773 6.655649179848918e-05
774 6.572651759864718e-05
775 6.490561470476172e-05
776 6.409370221559685e-05
777 6.329069970249504e-05
778 6.249652721003227e-05
779 6.171110525661368e-05
780 6.093435483501043e-05
781 6.016619741283853e-05
782 5.9406554932980475e-05
783 5.8655349813950254e-05
784 5.791250495020261e-05
785 5.7177943712387246e-05
786 5.645158994754866e-05
787 5.57333679792724e-05
788 5.502320260777841e-05
789 5.432101910996226e-05
790 5.362674323938493e-05
791 5.294030122621187e-05
792 5.226161977710205e-05
793 5.159062607504772e-05
794 5.092724777916565e-05
795 5.0271413024440414e-05
796 4.962305042142056e-05
797 4.898208905586831e-05
798 4.834845848836346e-05
799 4.772208875386223e-05
800 4.710291036121176e-05
801 4.649085429262077e-05
802 4.588585200308743e-05
803 4.528783541978468e-05
804 4.4696736941404026e-05
805 4.411248943745826e-05
806 4.353502624754399e-05
807 4.2964281180564364e-05
808 4.2400188513912916e-05
809 4.184268299261904e-05
810 4.1291699828455794e-05
811 4.0747174699010664e-05
812 4.0209043746719965e-05
813 3.967724357786749e-05
814 3.915171126154804e-05
815 3.8632384328596555e-05
816 3.811920077048326e-05
817 3.761209903817577e-05
818 3.711101804096848e-05
819 3.6615897145280016e-05
820 3.612667617341931e-05
821 3.564329540232094e-05
822 3.5165695562250286e-05
823 3.469381783547915e-05
824 3.422760385493237e-05
825 3.3766995702806144e-05
826 3.331193590915847e-05
827 3.2862367450472466e-05
828 3.2418233748193e-05
829 3.197947866723727e-05
830 3.1546046514479916e-05
831 3.1117882037213186e-05
832 3.0694930421582716e-05
833 3.0277137290999524e-05
834 2.9864448704528673e-05
835 2.9456811155255297e-05
836 2.9054171568628336e-05
837 2.8656477300782666e-05
838 2.8263676136840117e-05
839 2.7875716289189844e-05
840 2.749254639574863e-05
841 2.7114115518201645e-05
842 2.6740373140224094e-05
843 2.6371269165684355e-05
844 2.6006753916829033e-05
845 2.5646778132450467e-05
846 2.529129296603716e-05
847 2.4940249983907616e-05
848 2.4593601163328092e-05
849 2.4251298890614694e-05
850 2.3913295959220343e-05
851 2.3579545567807015e-05
852 2.3250001318303772e-05
853 2.2924617213951013e-05
854 2.2603347657331387e-05
855 2.2286147448387823e-05
856 2.197297178242915e-05
857 2.1663776248123687e-05
858 2.135851682548127e-05
859 2.1057149883824124e-05
860 2.075963217974703e-05
861 2.0465920855067188e-05
862 2.017597343476416e-05
863 1.9889747824910336e-05
864 1.9607202310592335e-05
865 1.932829555382369e-05
866 1.9052986591449263e-05
867 1.878123483304172e-05
868 1.851300005879051e-05
869 1.8248242417383702e-05
870 1.798692242388301e-05
871 1.7729000957592457e-05
872 1.747443925992096e-05
873 1.7223198932239284e-05
874 1.69752419337316e-05
875 1.6730530579242126e-05
876 1.648902753711711e-05
877 1.6250695827042512e-05
878 1.6015498817877755e-05
879 1.578340022548581e-05
880 1.5554364110560035e-05
881 1.5328354876447987e-05
882 1.5105337266972612e-05
883 1.488527636425105e-05
884 1.4668137586511436e-05
885 1.4453886685907937e-05
886 1.4242489746334373e-05
887 1.4033913181236692e-05
888 1.3828123731424573e-05
889 1.3625088462882482e-05
890 1.342477476458046e-05
891 1.3227150346284847e-05
892 1.3032183236369337e-05
893 1.2839841779626515e-05
894 1.2650094635080218e-05
895 1.246291077379896e-05
896 1.2278259476710622e-05
897 1.2096110332418773e-05
898 1.191643323502075e-05
899 1.1739198381927814e-05
900 1.1564376271687583e-05
901 1.1391937701809024e-05
902 1.1221853766590155e-05
903 1.1054095854948781e-05
904 1.0888635648256387e-05
905 1.0725445118175494e-05
906 1.0564496524500649e-05
907 1.0405762413003237e-05
908 1.0249215613280375e-05
909 1.009482923660807e-05
910 9.942576673798805e-06
911 9.79243159306381e-06
912 9.644367937880162e-06
913 9.498359924862902e-06
914 9.354382041642403e-06
915 9.21240904474711e-06
916 9.072415957491838e-06
917 8.934378067871856e-06
918 8.798270926462831e-06
919 8.664070344326913e-06
920 8.531752390925e-06
921 8.401293392035438e-06
922 8.272669927679274e-06
923 8.1458588300522e-06
924 8.020837181463357e-06
925 7.89758231228115e-06
926 7.776071798886179e-06
927 7.656283461631469e-06
928 7.538195362810103e-06
929 7.421785804630398e-06
930 7.3070333271987605e-06
931 7.193916706510328e-06
932 7.082414952447542e-06
933 6.9725073067867545e-06
934 6.8641732412129755e-06
935 6.757392455342915e-06
936 6.652144874756366e-06
937 6.5484106490360995e-06
938 6.446170149816332e-06
939 6.345403968839868e-06
940 6.246092916024055e-06
941 6.148218017535594e-06
942 6.051760513874324e-06
943 5.956701857966077e-06
944 5.863023713264674e-06
945 5.770707951863145e-06
946 5.679736652614274e-06
947 5.590092099260516e-06
948 5.501756778573399e-06
949 5.41471337850245e-06
950 5.328944786333729e-06
951 5.244434086858053e-06
952 5.161164560548952e-06
953 5.079119681750426e-06
954 4.998283116874583e-06
955 4.918638722609183e-06
956 4.840170544135172e-06
957 4.762862813354246e-06
958 4.686699947126501e-06
959 4.611666545518206e-06
960 4.537747390059764e-06
961 4.464927442013894e-06
962 4.393191840654077e-06
963 4.3225259015533e-06
964 4.252915114883152e-06
965 4.1843451437232965e-06
966 4.116801822381345e-06
967 4.050271154723185e-06
968 3.984739312513774e-06
969 3.920192633768433e-06
970 3.8566176211146695e-06
971 3.7940009401645383e-06
972 3.7323294178975836e-06
973 3.6715900410543663e-06
974 3.611769954540594e-06
975 3.5528564598418826e-06
976 3.494837013449151e-06
977 3.4376992252946643e-06
978 3.3814308571987456e-06
979 3.326019821327149e-06
980 3.2714541786591123e-06
981 3.217722137466103e-06
982 3.164812051801234e-06
983 3.1127124199993847e-06
984 3.0614118831880066e-06
985 3.010899223808617e-06
986 2.961163364148986e-06
987 2.9121933648860086e-06
988 2.8639784236392484e-06
989 2.8165078735351644e-06
990 2.7697711817819996e-06
991 2.7237579482553224e-06
992 2.6784579040942206e-06
993 2.6338609103081215e-06
994 2.5899569563942383e-06
995 2.5467361589656216e-06
996 2.504188760389797e-06
997 2.4623051274379836e-06
998 2.421075749944857e-06
999 2.38049123947886e-06
1000 2.34054232802302e-06
1001 2.3012198666662612e-06
1002 2.262514824305193e-06
1003 2.224418286356338e-06
1004 2.186921453478787e-06
1005 2.1500156403072482e-06
1006 2.1136922741954646e-06
1007 2.0779428939699752e-06
1008 2.0427591486941877e-06
1009 2.0081327964427296e-06
1010 1.974055703086056e-06
1011 1.9405198410852752e-06
1012 1.907517288297159e-06
1013 1.875040226789311e-06
1014 1.8430809416654505e-06
1015 1.8116318199007809e-06
1016 1.7806853491874105e-06
1017 1.750234116789778e-06
1018 1.7202708084100561e-06
1019 1.690788207063491e-06
1020 1.6617791919636352e-06
1021 1.6332367374174427e-06
1022 1.605153911730174e-06
1023 1.577523876120081e-06
1024 1.5503398836428274e-06
1025 1.5235952781255948e-06
1026 1.4972834931108417e-06
1027 1.4713980508096669e-06
1028 1.4459325610647335e-06
1029 1.4208807203227085e-06
1030 1.3962363106161746e-06
1031 1.3719931985549655e-06
1032 1.3481453343268835e-06
1033 1.3246867507077469e-06
1034 1.3016115620807211e-06
1035 1.2789139634648937e-06
1036 1.2565882295530296e-06
1037 1.234628713758475e-06
1038 1.2130298472711505e-06
1039 1.1917861381225833e-06
1040 1.1708921702599392e-06
1041 1.150342602628991e-06
1042 1.1301321682659821e-06
1043 1.1102556733983325e-06
1044 1.0907079965541321e-06
1045 1.071484087680376e-06
1046 1.0525789672698862e-06
1047 1.033987725496867e-06
1048 1.0157055213610462e-06
1049 9.97727581840345e-07
1050 9.800492010520256e-07
1051 9.626657394222663e-07
1052 9.455726228641031e-07
1053 9.287653419636956e-07
1054 9.122394511748534e-07
1055 8.959905680217745e-07
1056 8.800143723099418e-07
1057 8.643066053451205e-07
1058 8.488630691604063e-07
1059 8.336796257512671e-07
1060 8.187521963185239e-07
1061 8.04076760519217e-07
1062 7.896493557253058e-07
1063 7.754660762901386e-07
1064 7.615230728226502e-07
1065 7.478165514692193e-07
1066 7.343427732031414e-07
1067 7.210980531216567e-07
1068 7.08078759750477e-07
1069 6.952813143557608e-07
1070 6.827021902634796e-07
1071 6.703379121861171e-07
1072 6.581850555566514e-07
1073 6.462402458697627e-07
1074 6.345001580302093e-07
1075 6.229615157083218e-07
1076 6.116210907025548e-07
1077 6.00475702309046e-07
1078 5.895222166981248e-07
1079 5.78757546297716e-07
1080 5.681786491835849e-07
1081 5.577825284763686e-07
1082 5.475662317453361e-07
1083 5.375268504188296e-07
1084 5.276615192013226e-07
1085 5.179674154970506e-07
1086 5.08441758840152e-07
1087 4.9908181033127e-07
1088 4.898848720805597e-07
1089 4.808482866570458e-07
1090 4.719694365442786e-07
1091 4.6324574360223453e-07
1092 4.546746685354056e-07
1093 4.4625371036702756e-07
1094 4.3798040591939163e-07
1095 4.2985232930018644e-07
1096 4.2186709139481914e-07
1097 4.1402233936466146e-07
1098 4.0631575615116845e-07
1099 3.9874505998581857e-07
1100 3.9130800390582146e-07
1101 3.8400237527554277e-07
1102 3.768259953135937e-07
1103 3.697767186255337e-07
1104 3.6285243274213504e-07
1105 3.5605105766315876e-07
1106 3.4937054540658945e-07
1107 3.4280887956328056e-07
1108 3.363640748569573e-07
1109 3.3003417670952854e-07
1110 3.238172608116577e-07
1111 3.1771143269854104e-07
1112 3.1171482733084653e-07
1113 3.058256086807617e-07
1114 3.0004196932310265e-07
1115 2.9436213003143455e-07
1116 2.8878433937915676e-07
1117 2.8330687334550124e-07
1118 2.7792803492639984e-07
1119 2.726461537501694e-07
1120 2.674595856979692e-07
1121 2.623667125289831e-07
1122 2.573659415102784e-07
1123 2.5245570505129537e-07
1124 2.476344603429219e-07
1125 2.4290068900110474e-07
1126 2.3825289671495396e-07
1127 2.3368961289929273e-07
1128 2.2920939035160876e-07
1129 2.2481080491336157e-07
1130 2.2049245513560026e-07
1131 2.1625296194884836e-07
1132 2.120909683372105e-07
1133 2.0800513901665753e-07
1134 2.0399416011744627e-07
1135 2.0005673887063005e-07
1136 1.9619160329861763e-07
1137 1.9239750190973744e-07
1138 1.8867320339676398e-07
1139 1.8501749633936512e-07
1140 1.8142918891042783e-07
1141 1.779071085862205e-07
1142 1.7445010186035114e-07
1143 1.710570339614794e-07
1144 1.677267885747428e-07
1145 1.6445826756685596e-07
1146 1.612503907148425e-07
1147 1.5810209543836043e-07
1148 1.550123365355809e-07
1149 1.519800859225811e-07
1150 1.4900433237621253e-07
1151 1.4608408128040584e-07
1152 1.432183543758735e-07
1153 1.4040618951317308e-07
1154 1.3764664040909228e-07
1155 1.3493877640631895e-07
1156 1.3228168223635888e-07
1157 1.296744577856637e-07
1158 1.271162178649335e-07
1159 1.246060919815567e-07
1160 1.221432241151518e-07
1161 1.1972677249617548e-07
1162 1.1735590938756074e-07
1163 1.1502982086935111e-07
1164 1.1274770662629519e-07
1165 1.1050877973836739e-07
1166 1.0831226647418069e-07
1167 1.0615740608725742e-07
1168 1.0404345061512409e-07
1169 1.0196966468119757e-07
1170 9.99353252994289e-08
1171 9.793972168167242e-08
1172 9.598215504774758e-08
1173 9.406193843816106e-08
1174 9.217839652945769e-08
1175 9.033086545216821e-08
1176 8.851869261132278e-08
1177 8.674123650949898e-08
1178 8.499786657237376e-08
1179 8.328796297674877e-08
