0 0.0
1 0.005623413251903491
2 0.011183580950603613
3 0.01658670173394134
4 0.021742506798577727
5 0.02656679799391854
6 0.03098378108930438
7 0.03492810236798675
8 0.03834651004793931
9 0.041199079349021235
10 0.04345996034447072
11 0.04511762989270654
12 0.046174651676227835
13 0.04664697039011784
14 0.046562786201324216
15 0.04596107266686768
16 0.044889814496287185
17 0.04340405028116865
18 0.041563809301799315
19 0.039432030774046715
20 0.03707254872670121
21 0.03454821666541331
22 0.03191923405258659
23 0.0292417223211799
24 0.026566582621109825
25 0.023938651744422616
26 0.02139615759644001
27 0.018970461958238448
28 0.01668606673961613
29 0.014560850878657024
30 0.012606498731116696
31 0.010829077242722602
32 0.009229718267944883
33 0.007805363803181359
34 0.006549535246646251
35 0.0054530926207605095
36 0.004504955508000049
37 0.003692763780391895
38 0.003003462609294383
39 0.0024238023529032523
40 0.0019407494403303823
41 0.0015418090953621373
42 0.001215264547900898
43 0.0009503402232699348
44 0.0007372983032592818
45 0.0005674790956668717
46 0.00043329594676668707
47 0.00032819512192524945
48 0.00024659031056329175
49 0.00018378032690960903
50 0.00013585730953699908
51 9.9611384192005e-05
52 7.243643773682657e-05
53 5.2240424888674985e-05
54 3.736254041218256e-05
55 2.649866404037887e-05
56 1.863573337476744e-05
57 1.2995117816827664e-05
58 8.984641110940543e-06
59 6.1586120729768504e-06
60 4.185050083780383e-06
61 2.8192106863484203e-06
62 1.8825048774988651e-06
63 1.2459433782753033e-06
