0 0.0
1 0.01
2 0.0198
3 0.029105999999999996
4 0.03764376
5 0.045172512
6 0.051496663679999985
7 0.056474674502399985
8 0.060024511185407976
9 0.06212536907689725
10 0.06281565095552945
11 0.06218749444597415
12 0.0603784036984549
13 0.05756074485919368
14 0.05392999018345993
15 0.04969263381190236
16 0.0450546546561248
17 0.040211279280591386
18 0.03533861837953148
19 0.030587537464061138
20 0.02607990036409424
21 0.02190711630583916
22 0.018130746733118316
23 0.01478479983600648
24 0.01187926525953912
25 0.00940441833046847
26 0.007335446297765407
27 0.005637008347282801
28 0.004267424096980017
29 0.0031822791123193835
30 0.0023373291411173404
31 0.0016906680787415428
32 0.0012041919735036536
33 0.000844439621419437
34 0.000582919229573781
35 0.00039604218244571586
36 0.0002647824876922785
37 0.00017416803634869875
38 0.00011269142676183373
39 7.170733418687209e-05
40 4.486305010665844e-05
41 2.759077581559494e-05
42 1.667559572464494e-05
43 9.902127556491544e-06
44 5.775473467832743e-06
45 3.3077711679405717e-06
46 1.8597024566421437e-06
