0 0.0
1 0.03162277660168379
2 0.06124555320336758
3 0.08605806646466148
4 0.10385850857720927
5 0.11340166364690583
6 0.11456554352169468
7 0.10829963665205124
8 0.09637313158949924
9 0.08099149894225197
10 0.06437879360341653
11 0.04842247467568393
12 0.03444948063798071
13 0.02315822369778013
14 0.01468704283787221
15 0.00876944120727076
16 0.004917045337582835
17 0.0025810200249193034
18 0.0012637023785225796
19 0.0005746342840845948
20 0.00024144756190774488
21 9.317985146730565e-05
22 3.2791663463432005e-05
23 1.0432034314521472e-05
24 2.968243648747404e-06
