0 0.0
1 3.1622776601683795e-05
2 6.324355320336759e-05
3 9.485932999478805e-05
4 0.00012646710779811335
5 0.00015806388854215487
6 0.0001896466757363689
7 0.00022121247494454323
8 0.0002527582942580646
9 0.00028428114476866076
10 0.0003157780410405143
11 0.00034724600158164286
12 0.00037868204931444064
13 0.0004100832120452797
14 0.0004414465229330647
15 0.0004727690209566391
16 0.0005040477513809392
17 0.0005352797662217934
18 0.0005664621247092643
19 0.0005975918937494308
20 0.0006286661483845111
21 0.0006596819722512212
22 0.0006906364580372728
23 0.000721526707935908
24 0.0007523498340983711
25 0.0007831029590842196
26 0.0008137832163093762
27 0.0008443877504918218
28 0.0008749137180948359
29 0.000905358287767684
30 0.0009357186407836611
31 0.000965991971475391
32 0.0009961754876672913
33 0.0010262664111051092
34 0.0010562619778824351
35 0.0010861594388641032
36 0.0011159560601063877
37 0.0011456491232739038
38 0.0011752359260531274
39 0.0012047137825624415
40 0.0012340800237586244
41 0.0012633319978396934
42 0.0012924670706440185
43 0.0013214826260456224
44 0.0013503760663455828
45 0.0013791448126594568
46 0.0014077863053006436
47 0.0014362980041596099
48 0.0014646773890788945
49 0.0014929219602238207
50 0.001521029238448834
51 0.001548996765659394
52 0.001576822105169345
53 0.0016045028420536972
54 0.0016320365834967365
55 0.0016594209591354076
56 0.001686653621397888
57 0.001713732245837296
58 0.001740654531460459
59 0.001767418201051683
60 0.001794021001491458
61 0.001820460704070033
62 0.0018467351047958109
63 0.0018728420246984917
64 0.0018987793101269156
65 0.001924544833041546
66 0.001950136491301536
67 0.00197555220894633
68 0.0020007899364717445
69 0.0020258476511004785
70 0.002050723357047007
71 0.002075415085776807
72 0.002099920896259873
73 0.002124238875218477
74 0.002148367137369129
75 0.0021723038256586985
76 0.0021960471114946573
77 0.002219595194969405
78 0.002242946305078643
79 0.002266098699933755
80 0.0022890506669681725
81 0.0023118005231376857
82 0.0023343466151146673
83 0.0023566873194761917
84 0.0023788210428860104
85 0.0024007462222703675
86 0.002422461324987628
87 0.0024439648489916962
88 0.0024652553229892074
89 0.002486331306590471
90 0.002507191390454147
91 0.0025278341964256467
92 0.0025482583776692365
93 0.0025684626187938387
94 0.002588445635972512
95 0.0026082061770556107
96 0.0026277430216776103
97 0.002647054981357594
98 0.0026661408995933993
99 0.0026849996519494167
100 0.002703630146138047
101 0.0027220313220948124
102 0.002740202152047126
103 0.002758141640576723
104 0.002775848824675761
105 0.002793322773796591
106 0.00281056258989522
107 0.002827567407468458
108 0.0028443363935847805
109 0.002860868747908902
110 0.002877163702720091
111 0.00289322052292423
112 0.00290903850605965
113 0.0029246169822967497
114 0.002939955314431426
115 0.0029550528978723374
116 0.0029699091606220224
117 0.002984523563251902
118 0.002998895598871189
119 0.0030130247930897384
120 0.0030269107039748574
121 0.003040552922002124
122 0.003053951070000232
123 0.003067104803089898
124 0.003080013808616877
125 0.0030926778060791113
126 0.003105096547048053
127 0.0031172698150842104
128 0.0031291974256469402
129 0.003140879225998547
130 0.0031523150951027193
131 0.0031635049435173534
132 0.003174448713281813
133 0.0031851463777986602
134 0.003195597941709928
135 0.0032058034407679518
136 0.00321576294170085
137 0.003225476542072665
138 0.003234944370138254
139 0.00324416658469295
140 0.003253143374917087
141 0.0032618749602153978
142 0.0032703615900513934
143 0.0032786035437767343
144 0.0032866011304556937
145 0.0032943546886847414
146 0.0033018645864073327
147 0.0033091312207239455
148 0.0033161550176974497
149 0.003322936432153851
150 0.00332947594747849
151 0.003335774075407757
152 0.0033418313558163854
153 0.003347648356500402
154 0.0033532256729557858
155 0.003358563928152926
156 0.003363663772306923
157 0.0033685258826438315
158 0.003373150963162888
159 0.003377539744394823
160 0.003381692983156301
161 0.0033856114623005934
162 0.003389295990464524
163 0.003392747401811796
164 0.003395966555772741
165 0.0033989543367805987
166 0.0034017116540043723
167 0.0034042394410783634
168 0.003406538655828441
169 0.0034086102799951367
170 0.0034104553189536375
171 0.0034120748014307535
172 0.003413469779218943
173 0.003414641326887468
174 0.00341559054149077
175 0.0034163185422741247
176 0.0034168264703766872
177 0.0034171154885319697
178 0.0034171867807658665
179 0.0034170415520922794
180 0.003416681028206447
181 0.003416106455176033
182 0.0034153190991300856
183 0.0034143202459459136
184 0.003413111200933994
185 0.0034116932885209636
186 0.003410067851930797
187 0.0034082362528642354
188 0.0034061998711765614
189 0.0034039601045537894
190 0.0034015183681873583
191 0.003398876094447407
192 0.00339603473255471
193 0.003392995748251359
194 0.0033897606234702636
195 0.0033863308560035583
196 0.003382707959169992
197 0.003378893461481381
198 0.0033748889063082007
199 0.0033706958515444065
200 0.003366315869271548
201 0.003361750545422266
202 0.003357001479443246
203 0.0033520702839577123
204 0.0033469585844275226
205 0.0033416680188149686
206 0.0033362002372443324
207 0.0033305569016632936
208 0.003324739685504249
209 0.0033187502733456357
210 0.003312590360573315
211 0.0033062616530421104
212 0.0032997658667375555
213 0.0032931047274379404
214 0.0032862799703767187
215 0.0032792933399053534
216 0.003272146589156673
217 0.003264841479708805
218 0.003257379781249762
219 0.003249763271242746
220 0.003241993734592248
221 0.0032340729633109967
222 0.003226002756187844
223 0.003217784918456634
224 0.00320942126146614
225 0.0032009136023511196
226 0.003192263763704568
227 0.0031834735732512213
228 0.0031745448635223782
229 0.0031654794715321056
230 0.003156279238454885
231 0.0031469460093047643
232 0.003137481632616073
233 0.0031278879601257616
234 0.0031181668464574275
235 0.003108320148807072
236 0.0030983497266306665
237 0.0030882574413335635
238 0.0030780451559618196
239 0.0030677147348954826
240 0.003057268043543891
241 0.0030467069480430487
242 0.003036033314955115
243 0.0030252490109700684
244 0.0030143559026095897
245 0.0030033558559332194
246 0.0029922507362468253
247 0.002981042407813444
248 0.002969732733566525
249 0.0029583235748256356
250 0.0029468167910146653
251 0.0029352142393825687
252 0.0029235177747267
253 0.002911729249118768
254 0.0028998505116334615
255 0.002887883408079777
256 0.0028758297807350923
257 0.0028636914680820204
258 0.002851470304548079
259 0.0028391681202482155
260 0.0028267867407302124
261 0.0028143279867230207
262 0.002801793673888035
263 0.0027891856125733636
264 0.002776505607571098
265 0.0027637554578776344
266 0.002750936956457062
267 0.002738051890007651
268 0.002725102038731459
269 0.002712089176107092
270 0.002699015068665633
271 0.0026858814757697736
272 0.0026726901493961536
273 0.002659442833920949
274 0.0026461412659087137
275 0.002632787173904503
276 0.00261938227822929
277 0.0026059282907786975
278 0.0025924269148250626
279 0.0025788798448228415
280 0.0025652887662173736
281 0.0025516553552570216
282 0.0025379812788086952
283 0.0025242681941767685
284 0.002510517748925405
285 0.0024967315807042983
286 0.0024829113170778397
287 0.00246905857535771
288 0.002455174962438917
289 0.0024412620746392727
290 0.002427321497542322
291 0.0024133548058437202
292 0.0023993635632010672
293 0.002385349322087199
294 0.002371313623646941
295 0.00235725799755731
296 0.0023431839618911865
297 0.002329093022984433
298 0.0023149866753064733
299 0.0023008664013343173
300 0.0022867336714300353
301 0.0022725899437216757
302 0.002258436663987612
303 0.002244275265544326
304 0.0022301071691376104
305 0.002215933782837185
306 0.002201756501934717
307 0.0021875767088452387
308 0.002173395773011947
309 0.00215921505081438
310 0.002145035885479952
311 0.002130859606998836
312 0.0021166875320421863
313 0.0021025209638836787
314 0.0020883611923243565
315 0.0020742094936207684
316 0.0020600671304163804
317 0.0020459353516762463
318 0.0020318153926249163
319 0.0020177084746875657
320 0.002003615805434332
321 0.0019895385785278306
322 0.001975477973673834
323 0.001961435156575096
324 0.0019474112788882949
325 0.0019334074781840766
326 0.0019194248779101763
327 0.0019054645873575907
328 0.0018915277016297862
329 0.0018776153016149054
330 0.0018637284539609648
331 0.0018498682110540017
332 0.001836035610999158
333 0.001822231677604664
334 0.001808457420368705
335 0.001794713834469139
336 0.0017810019007560378
337 0.0017673225857470236
338 0.0017536768416253766
339 0.0017400656062408807
340 0.001726489803113381
341 0.0017129503414390205
342 0.0016994481160991291
343 0.0016859840076717373
344 0.0016725588824456736
345 0.0016591735924372294
346 0.0016458289754093466
347 0.0016325258548933084
348 0.00161926504021289
349 0.0016060473265109487
350 0.0015928734947784093
351 0.0015797443118856253
352 0.0015666605306160694
353 0.0015536228897023326
354 0.0015406321138643885
355 0.001527688913850099
356 0.001514793986477918
357 0.0015019480146817657
358 0.0014891516675580396
359 0.001476405600414724
360 0.0014637104548225663
361 0.001451066858668286
362 0.0014384754262097804
363 0.0014259367581332934
364 0.0014134514416125118
365 0.0014010200503695542
366 0.0013886431447378196
367 0.0013763212717266555
368 0.0013640549650878173
369 0.0013518447453836784
370 0.0013396911200571587
371 0.0013275945835033332
372 0.0013155556171426895
373 0.0013035746894959964
374 0.0012916522562607486
375 0.001279788760389152
376 0.0012679846321676147
377 0.0012562402892977104
378 0.0012445561369785747
379 0.0012329325679907033
380 0.001221369962781115
381 0.0012098686895498439
382 0.0011984291043377292
383 0.0011870515511154633
384 0.0011757363618738659
385 0.0011644838567153504
386 0.0011532943439465462
387 0.001142168120172042
388 0.001131105470389219
389 0.0011201066680841367
390 0.0011091719753284382
391 0.0010983016428772426
392 0.0010874959102679881
393 0.0010767550059201957
394 0.001066079147236116
395 0.0010554685407022303
396 0.0010449233819915709
397 0.0010344438560668263
398 0.0010240301372842018
399 0.0010136823894980023
400 0.0010034007661659024
401 0.0009931854104548777
402 0.0009830364553477578
403 0.0009729540237503778
404 0.0009629382285992904
405 0.0009529891729700127
406 0.0009431069501857728
407 0.0009332916439267293
408 0.0009235433283396309
409 0.0009138620681478881
410 0.0009042479187620266
411 0.0008947009263904917
412 0.0008852211281507789
413 0.0008758085521808559
414 0.0008664632177508528
415 0.0008571851353749902
416 0.0008479743069237165
417 0.0008388307257360282
418 0.0008297543767319455
419 0.0008207452365251168
420 0.0008118032735355251
421 0.0008029284481022687
422 0.0007941207125963921
423 0.0007853800115337425
424 0.0007767062816878221
425 0.0007680994522026161
426 0.0007595594447053697
427 0.0007510861734192884
428 0.000742679545276141
429 0.0007343394600287385
430 0.0007260658103632678
431 0.0007178584820114559
432 0.0007097173538625428
433 0.0007016422980750411
434 0.0006936331801882592
435 0.0006856898592335688
436 0.0006778121878453922
437 0.0006700000123718931
438 0.0006622531729853457
439 0.0006545715037921658
440 0.0006469548329425825
441 0.0006394029827399302
442 0.0006319157697495452
443 0.0006244930049072446
444 0.0006171344936273706
445 0.0006098400359103841
446 0.0006026094264499865
447 0.0005954424547397563
448 0.0005883389051792806
449 0.0005812985571797667
450 0.0005743211852691177
451 0.0005674065591964555
452 0.0005605544440360768
453 0.0005537646002908258
454 0.0005470367839948713
455 0.0005403707468158705
456 0.0005337662361565091
457 0.0005272229952554014
458 0.0005207407632873388
459 0.0005143192754628735
460 0.0005079582631272231
461 0.0005016574538584884
462 0.0004954165715651668
463 0.0004892353365829541
464 0.00048311346577082243
465 0.0004770506726063624
466 0.00047104666728038083
467 0.00046510115679074206
468 0.00045921384503544503
469 0.00045338443290492527
470 0.0004476126183735732
471 0.00044189809659046005
472 0.000436240559969263
473 0.000430639698277381
474 0.0004250951987242341
475 0.0004196067460487385
476 0.00041417402260595027
477 0.0004087967084528706
478 0.0004034744814334068
479 0.00039820701726248184
480 0.0003929939896092877
481 0.00038783507017967604
482 0.000382729928797681
483 0.00037767823348616974
484 0.00037267965054661517
485 0.0003677338446379879
486 0.000362840478854761
487 0.00035799921480402603
488 0.0003532097126817159
489 0.0003484716313479305
490 0.00034378462840136385
491 0.0003391483602528283
492 0.00033456248219787457
493 0.00033002664848850506
494 0.00032554051240397817
495 0.0003211037263207026
496 0.0003167159417812198
497 0.00031237680956227367
498 0.00030808597974196604
499 0.00030384310176599855
500 0.0002996478245129992
501 0.00029549979635893383
502 0.00029139866524060306
503 0.0002873440787182242
504 0.0002833356840370994
505 0.00027937312818837026
506 0.00027545605796886033
507 0.00027158412004000567
508 0.0002677569609858765
509 0.0002639742273702902
510 0.0002602355657930176
511 0.00025654062294508563
512 0.00025288904566317676
513 0.00024928048098312957
514 0.0002457145761925415
515 0.00024219097888247734
516 0.000238709336998286
517 0.00023526929888952958
518 0.00023187051335902615
519 0.00022851262971101217
520 0.00022519529779842617
521 0.0002219181680693185
522 0.00021868089161239095
523 0.0002154831202016701
524 0.0002123245063403191
525 0.00020920470330359196
526 0.00020612336518093479
527 0.0002030801469172393
528 0.00020007470435325276
529 0.00019710669426514985
530 0.00019417577440327094
531 0.0001912816035300329
532 0.0001884238414570168
533 0.00018560214908123907
534 0.0001828161884206103
535 0.00018006562264858897
536 0.0001773501161280346
537 0.00017466933444426708
538 0.00017202294443733774
539 0.00016941061423351842
540 0.00016683201327601492
541 0.0001642868123549107
542 0.0001617746836363477
543 0.00015929530069095046
544 0.00015684833852150015
545 0.00015443347358986529
546 0.00015205038384319555
547 0.00014969874873938582
548 0.00014737824927181715
549 0.0001450885679933813
550 0.0001428293890397965
551 0.00014060039815222067
552 0.00013840128269916984
553 0.00013623173169774856
554 0.00013409143583419962
555 0.00013198008748378033
556 0.0001298973807299727
557 0.0001278430113830345
558 0.00012581667699789926
559 0.00012381807689143196
560 0.00012184691215904812
561 0.00011990288569070398
562 0.00011798570218626472
563 0.00011609506817025886
564 0.0001142306920060259
565 0.00011239228390926516
566 0.00011057955596099305
567 0.00010879222211991674
568 0.00010702999823423148
569 0.00010529260205284948
570 0.0001035797532360679
571 0.00010189117336568352
572 0.0001002265859545618
573 9.858571645566796e-05
574 9.696829227056788e-05
575 9.537404275740607e-05
576 9.38026992383688e-05
577 9.225399500663976e-05
578 9.072766533285592e-05
579 8.922344747107125e-05
580 8.774108066423577e-05
581 8.628030614919774e-05
582 8.484086716123635e-05
583 8.342250893813252e-05
584 8.202497872378537e-05
585 8.064802577138179e-05
586 7.929140134612682e-05
587 7.795485872754179e-05
588 7.663815321133829e-05
589 7.534104211087486e-05
590 7.406328475820402e-05
591 7.280464250471693e-05
592 7.15648787213929e-05
593 7.034375879866111e-05
594 6.91410501458818e-05
595 6.795652219045388e-05
596 6.678994637655655e-05
597 6.564109616353154e-05
598 6.450974702391342e-05
599 6.339567644111484e-05
600 6.229866390677373e-05
601 6.121849091776935e-05
602 6.015494097291406e-05
603 5.910779956932788e-05
604 5.807685419850224e-05
605 5.706189434206005e-05
606 5.6062711467218526e-05
607 5.507909902196157e-05
608 5.4110852429928126e-05
609 5.3157769085023314e-05
610 5.221964834575847e-05
611 5.129629152932689e-05
612 5.038750190542135e-05
613 4.949308468979988e-05
614 4.8612847037606025e-05
615 4.774659803644973e-05
616 4.689414869925505e-05
617 4.605531195688083e-05
618 4.5229902650520135e-05
619 4.441773752388466e-05
620 4.361863521517995e-05
621 4.283241624887713e-05
622 4.205890302728708e-05
623 4.12979198219427e-05
624 4.0549292764795e-05
625 3.981284983922836e-05
626 3.908842087090085e-05
627 3.837583751841476e-05
628 3.767493326382294e-05
629 3.69855434029761e-05
630 3.630750503571653e-05
631 3.564065705592332e-05
632 3.498484014141422e-05
633 3.433989674370927e-05
634 3.37056710776612e-05
635 3.308200911095745e-05
636 3.2468758553498865e-05
637 3.186576884665964e-05
638 3.127289115243347e-05
639 3.068997834247052e-05
640 3.0116884987009698e-05
641 2.955346734371102e-05
642 2.8999583346392297e-05
643 2.8455092593674767e-05
644 2.7919856337541884e-05
645 2.73937374718156e-05
646 2.687660052055438e-05
647 2.6368311626377042e-05
648 2.5868738538716552e-05
649 2.537775060200781e-05
650 2.489521874381334e-05
651 2.4421015462890817e-05
652 2.3955014817206215e-05
653 2.349709241189639e-05
654 2.304712538718476e-05
655 2.2604992406253755e-05
656 2.2170573643077534e-05
657 2.1743750770218596e-05
658 2.132440694659161e-05
659 2.0912426805197933e-05
660 2.0507696440834102e-05
661 2.0110103397777528e-05
662 1.97195366574527e-05
663 1.9335886626080883e-05
664 1.8959045122316493e-05
665 1.858890536487313e-05
666 1.8225361960142247e-05
667 1.786831088980729e-05
668 1.7517649498456203e-05
669 1.7173276481195065e-05
670 1.6835091871265546e-05
671 1.6502997027668883e-05
672 1.6176894622798946e-05
673 1.585668863008695e-05
674 1.5542284311660336e-05
675 1.523358820601818e-05
676 1.4930508115725582e-05
677 1.4632953095129325e-05
678 1.4340833438097052e-05
679 1.4054060665782222e-05
680 1.3772547514416966e-05
681 1.3496207923134963e-05
682 1.3224957021826406e-05
683 1.2958711119027028e-05
684 1.269738768984316e-05
685 1.244090536391475e-05
686 1.2189183913418106e-05
687 1.1942144241110272e-05
688 1.1699708368416705e-05
689 1.1461799423564006e-05
690 1.1228341629759317e-05
691 1.0999260293418027e-05
692 1.077448179244134e-05
693 1.0553933564545192e-05
694 1.0337544095642018e-05
695 1.012524290827677e-05
696 9.916960550118576e-06
697 9.712628582509356e-06
698 9.512179569070725e-06
699 9.315547064370358e-06
700 9.122665602649113e-06
701 8.933470686609997e-06
702 8.747898776270137e-06
703 8.565887277876827e-06
704 8.387374532888694e-06
705 8.212299807022992e-06
706 8.040603279369955e-06
707 7.872226031575193e-06
708 7.707110037090946e-06
709 7.545198150497113e-06
710 7.386434096892813e-06
711 7.230762461359305e-06
712 7.07812867849497e-06
713 6.928479022023083e-06
714 6.781760594473041e-06
715 6.637921316935695e-06
716 6.4969099188933785e-06
717 6.358675928125217e-06
718 6.223169660688255e-06
719 6.090342210974923e-06
720 5.960145441847296e-06
721 5.83253197484864e-06
722 5.7074551804926086e-06
723 5.584869168630532e-06
724 5.4647287788971285e-06
725 5.346989571234986e-06
726 5.231607816498118e-06
727 5.118540487134869e-06
728 5.007745247950432e-06
729 4.899180446949194e-06
730 4.792805106257122e-06
731 4.688578913124357e-06
732 4.586462211008175e-06
733 4.486415990736444e-06
734 4.388401881751678e-06
735 4.292382143435772e-06
736 4.198319656515485e-06
737 4.106177914548699e-06
738 4.015921015491479e-06
739 3.927513653345924e-06
740 3.840921109888799e-06
741 3.756109246480877e-06
742 3.6730444959569625e-06
743 3.5916938545964863e-06
744 3.5120248741745835e-06
745 3.434005654093534e-06
746 3.3576048335944294e-06
747 3.2827915840489133e-06
748 3.209535601330822e-06
749 3.1378070982675434e-06
750 3.06757679717089e-06
751 2.9988159224472693e-06
752 2.93149619328692e-06
753 2.865589816431961e-06
754 2.801069479023005e-06
755 2.737908341524047e-06
756 2.676080030725352e-06
757 2.6155586328240316e-06
758 2.5563186865820076e-06
759 2.4983351765610174e-06
760 2.441583526434352e-06
761 2.3860395923749478e-06
762 2.3316796565194963e-06
763 2.2784804205081884e-06
764 2.226418999099716e-06
765 2.175472913861142e-06
766 2.1256200869322354e-06
767 2.0768388348638663e-06
768 2.029107862530037e-06
769 1.9824062571131293e-06
770 1.9367134821619273e-06
771 1.892009371721971e-06
772 1.8482741245378014e-06
773 1.805488298326625e-06
774 1.763632804122943e-06
775 1.7226889006936666e-06
776 1.6826381890232493e-06
777 1.6434626068683427e-06
778 1.6051444233814907e-06
779 1.567666233803368e-06
780 1.5310109542230595e-06
781 1.4951618164058769e-06
782 1.4601023626882006e-06
783 1.4258164409388343e-06
784 1.3922881995863514e-06
785 1.3595020827119128e-06
786 1.3274428252070246e-06
787 1.2960954479957133e-06
788 1.2654452533205784e-06
789 1.2354778200921892e-06
790 1.206178999301288e-06
791 1.1775349094932542e-06
792 1.1495319323042902e-06
793 1.122156708058779e-06
794 1.0953961314272692e-06
795 1.0692373471445353e-06
796 1.0436677457871617e-06
797 1.0186749596101024e-06
798 9.94246858441657e-07
799 9.70371545636313e-07
800 9.470373540848972e-07
801 9.242328422814806e-07
802 9.019467904464811e-07
803 8.801681967054077e-07
804 8.588862733226889e-07
805 8.380904429900301e-07
806 8.177703351687425e-07
807 7.979157824854881e-07
808 7.785168171808883e-07
809 7.595636676104355e-07
810 7.410467547971614e-07
811 7.229566890355034e-07
812 7.052842665458208e-07
813 6.880204661790087e-07
814 6.711564461706619e-07
815 6.546835409442406e-07
816 6.385932579626913e-07
817 6.228772746279797e-07
818 6.075274352279929e-07
819 5.925357479302708e-07
820 5.778943818220257e-07
821 5.63595663995919e-07
822 5.496320766810544e-07
823 5.359962544186612e-07
824 5.226809812819356e-07
825 5.096791881395135e-07
826 4.969839499620517e-07
827 4.845884831713941e-07
828 4.724861430318049e-07
829 4.6067042108275427e-07
830 4.4913494261274e-07
831 4.378734641736388e-07
832 4.268798711350769e-07
833 4.161481752783182e-07
834 4.0567251242916826e-07
835 3.9544714012939594e-07
836 3.854664353461801e-07
837 3.7572489221908797e-07
838 3.662171198441005e-07
839 3.569378400941974e-07
840 3.4788188547602407e-07
841 3.390441970221611e-07
842 3.3041982221852466e-07
843 3.220039129664258e-07
844 3.137917235788246e-07
845 3.057786088103147e-07
846 2.979600219203806e-07
847 2.903315127694719e-07
848 2.828887259474436e-07
849 2.7562739893391484e-07
850 2.6854336029010196e-07
851 2.6163252788168734e-07
852 2.5489090713228636e-07
853 2.4831458930708206e-07
854 2.418997498261983e-07
855 2.3564264660738832e-07
856 2.2953961843761713e-07
857 2.2358708337312332e-07
858 2.1778153716754627e-07
859 2.121195517277118e-07
860 2.0659777359667148e-07
861 2.012129224635957e-07
862 1.9596178970012357e-07
863 1.9084123692277857e-07
864 1.8584819458106087e-07
865 1.809796605708327e-07
866 1.7623269887261615e-07
867 1.7160443821442822e-07
868 1.670920707587798e-07
869 1.6269285081347178e-07
870 1.5840409356582308e-07
871 1.5422317383997167e-07
872 1.5014752487689173e-07
873 1.4617463713677523e-07
874 1.4230205712342993e-07
875 1.3852738623034948e-07
876 1.3484827960811587e-07
877 1.312624450527975e-07
878 1.277676419150113e-07
879 1.2436168002931988e-07
880 1.2104241866364014e-07
881 1.1780776548834184e-07
882 1.1465567556472039e-07
883 1.1158415035253055e-07
