0 0.0
1 0.00031622776601683794
2 0.0006322555320336759
3 0.0009477834877871734
4 0.0012625124552295222
5 0.0015761443615704745
6 0.0018883827102222927
7 0.002198933048605139
8 0.002507503431778368
9 0.0028138048808740673
10 0.0031175518353229914
11 0.0034184625978797055
12 0.003716259771473204
13 0.004010670686931512
14 0.0043014278206536674
15 0.0045882692013299526
16 0.004870938804841222
17 0.005149186936500585
18 0.005422770599835314
19 0.005691453851143751
20 0.005955008139100825
21 0.006213212628726628
22 0.006465854509075092
23 0.006712729284044046
24 0.006953641045753626
25 0.007188402729987151
26 0.0074168363532367745
27 0.007638773230945521
28 0.007854054176587504
29 0.008062529681278944
30 0.008264060073663971
31 0.00845851565987107
32 0.008645776843387815
33 0.008825734224753752
34 0.008998288681022981
35 0.009163351424999727
36 0.00932084404430123
37 0.009470698520352885
38 0.009612857227470302
39 0.009747272912231807
40 0.009873908653392756
41 0.009992737802639588
42 0.01010374390652682
43 0.010206920609984012
44 0.010302271541821941
45 0.010389810182707735
46 0.010469559716117408
47 0.01054155286281107
48 0.010605831699410836
49 0.010662447461694187
50 0.010711460333246017
51 0.010752939220140957
52 0.010786961512353517
53 0.010813612832617234
54 0.010832986773475339
55 0.010845184623284175
56 0.010850315081947143
57 0.010848493967170738
58 0.010839843912045777
59 0.01082449405476592
60 0.010802579721302084
61 0.010774242101855465
62 0.010739627921913564
63 0.010698889108732996
64 0.010652182454069696
65 0.010599669273972013
66 0.010541515066444513
67 0.010477889167780736
68 0.010408964408351247
69 0.010334916768619695
70 0.010255925036143719
71 0.010172170464300046
72 0.010083836433453784
73 0.00999110811527094
74 0.009894172140850642
75 0.009793216273329514
76 0.0096884290855854
77 0.009579999643640955
78 0.009468117196339948
79 0.00935297087184039
80 0.009234749381438988
81 0.009113640731210933
82 0.008989831941918007
83 0.008863508777606324
84 0.008734855483282825
85 0.00860405453202734
86 0.008471286381864264
87 0.008336729242685099
88 0.008200558853480411
89 0.008062948270106974
90 0.007924067663783325
91 0.0077840841304749
92 0.00764316151129789
93 0.007501460224039802
94 0.007359137105863733
95 0.007216345267233407
96 0.007073233957066493
97 0.006929948439095118
98 0.00678662987938479
99 0.006643415244936079
100 0.006500437213267548
101 0.006357824092853709
102 0.006215699754267961
103 0.0060741835718580136
104 0.005933390375759767
105 0.005793430414035525
106 0.005654409324703371
107 0.005516428117406844
108 0.005379583164457578
109 0.005243966200968432
110 0.005109664333780687
111 0.004976760058876368
112 0.004845331286955388
113 0.004715451376847212
114 0.004587189176417998
115 0.004460609070626667
116 0.004335771036377107
117 0.004212730703808696
118 0.0040915394236634706
119 0.003972244340365597
120 0.003854888470447263
121 0.003739510785954638
122 0.0036261463024681714
123 0.003514826171373133
124 0.003405577776018879
125 0.003298424831408876
126 0.0031933874870679743
127 0.003090482432738608
128 0.0029897230065637466
129 0.002891119305421177
130 0.002794678297081188
131 0.0027004039338679045
132 0.0026082972675132285
133 0.0025183565649016205
134 0.002430577424413739
135 0.0023449528925871665
136 0.00226147358082303
137 0.0021801277818783056
138 0.0021009015858948123
139 0.0020237789957273863
140 0.0019487420413454332
141 0.0018757708930938796
142 0.0018048439736114994
143 0.0017359380682166203
144 0.0016690284335822616
145 0.001604088904534778
146 0.0015410919988220972
147 0.0014800090197095153
148 0.001420810156272816
149 0.0013634645812701052
150 0.0013079405464851987
151 0.001254205475446657
152 0.0012022260534375535
153 0.0011519683147218167
154 0.0011033977269234551
155 0.0010564792725051284
156 0.0010111775273023802
157 0.0009674567360793513
158 0.0009252808850809495
159 0.0008846137715652436
160 0.0008454190703082711
161 0.0008076603970814876
162 0.0007713013691097278
163 0.0007363056625248079
164 0.0007026370668367485
165 0.0006702595364510519
166 0.0006391372392665222
167 0.0006092346023937657
168 0.0005805163550397621
169 0.0005529475686087583
170 0.0005264936940742018
171 0.0005011205966805148
172 0.00047679458803721566
173 0.00045348245567123214
174 0.0004311514901062188
175 0.00040976950954031997
176 0.00038930488219609594
177 0.0003697265464182798
178 0.00035100402859666256
179 0.0003331074589927278
180 0.0003160075855496799
181 0.0002996757857662604
182 0.00028408407671521457
183 0.0002692051232874965
184 0.0002550122447432705
185 0.00024147941965051655
186 0.00022858128929157632
187 0.0002162931596173065
188 0.00020459100182764373
189 0.00019345145165635086
190 0.00018285180743651686
191 0.00017277002702203523
192 0.00016318472363880323
193 0.00015407516073777784
194 0.0001454212459203065
195 0.00013720352400433314
196 0.00012940316929817652
197 0.00012200197714659362
198 0.00011498235481179676
199 0.0001083273117499882
200 0.00010202044934182898
201 9.604595013307464e-05
202 9.038856663939991e-05
203 8.503360976720628e-05
204 7.996693689996626e-05
205 7.517493969741901e-05
206 7.064453165269439e-05
207 6.636313545021935e-05
208 6.231867016505328e-05
209 5.849953834211751e-05
210 5.489461299162993e-05
211 5.149322453493757e-05
212 4.828514773285904e-05
213 4.5260588626611805e-05
214 4.24101715194077e-05
215 3.972492602485947e-05
216 3.719627420645202e-05
217 3.4816017830499074e-05
218 3.257632575322987e-05
219 3.046972146093353e-05
220 2.8489070780432782e-05
221 2.662756977556448e-05
222 2.487873284381268e-05
223 2.3236381025772114e-05
224 2.169463053871541e-05
225 2.024788154419691e-05
226 1.8890807158349128e-05
227 1.761834271231441e-05
228 1.6425675269103844e-05
229 1.5308233402086967e-05
230 1.426167723928866e-05
231 1.328188877670267e-05
232 1.2364962462923303e-05
233 1.1507196056546637e-05
234 1.0705081756998859e-05
235 9.955297608710417e-06
236 9.254699177869e-06
237 8.600311500350302e-06
238 7.989321298841478e-06
239 7.4190694666360775e-06
240 6.887043815089709e-06
241 6.390872081280394e-06
242 5.928315192015128e-06
243 5.497260779962312e-06
244 5.095716947366926e-06
245 4.721806272519395e-06
246 4.3737600538984565e-06
247 4.049912786690993e-06
248 3.7486968662058934e-06
249 3.4686375125429005e-06
250 3.2083479107492e-06
251 2.9665245605945236e-06
252 2.741942830018115e-06
253 2.5334527062463842e-06
254 2.3399747385468225e-06
255 2.1604961665703227e-06
256 1.994067228238799e-06
257 1.8397976411566579e-06
258 1.6968532515616997e-06
259 1.5644528448822094e-06
260 1.4418651120309533e-06
261 1.3284057656424077e-06
262 1.2234348005455632e-06
263 1.126353892860014e-06
264 1.0366039322066934e-06
265 9.53662681635543e-07
266 8.770425599896901e-07
267 8.062885415484444e-07
268 7.409761679187924e-07
269 6.807096672762805e-07
270 6.251201761904983e-07
271 5.738640594071375e-07
272 5.266213230971462e-07
273 4.830941172232736e-07
274 4.430053228147204e-07
275 4.0609722008122087e-07
276 3.721302334381792e-07
277 3.4088174965408706e-07
