0 0.0
1 0.0005623413251903491
2 0.0011240501948486645
3 0.0016841789926445418
4 0.0022417836564063965
5 0.002795926332547327
6 0.003345678009542917
7 0.003890121120094577
8 0.004428352101752918
9 0.00495948390596825
10 0.005482648445778631
11 0.005996998972638422
12 0.00650171237323047
13 0.006995991377490747
14 0.007479066669503312
15 0.007950198893393245
16 0.008408680546852993
17 0.008853837755480373
18 0.009285031921680996
19 0.009701661242490868
20 0.010103162091302647
21 0.010489010259128025
22 0.010858722051694948
23 0.011211855239358243
24 0.01154800985749143
25 0.011866828855722582
26 0.012167998595073599
27 0.012451249192756532
28 0.012716354715068793
29 0.012963133219507157
30 0.013191446647884965
31 0.013401200572884167
32 0.013592343801100333
33 0.01376486783624145
34 0.013918806206716814
35 0.014054233662398196
36 0.014171265245848653
37 0.014270055243792726
38 0.014350796025043192
39 0.014413716771501908
40 0.01445908210921428
41 0.014487190646777039
42 0.014498373428676124
43 0.014492992311365145
44 0.014471438270084338
45 0.014434129644565008
46 0.014381510331865372
47 0.014314047934640757
48 0.014232231873164696
49 0.01413657146938901
50 0.014027594011260757
51 0.013905842805404217
52 0.013771875226127765
53 0.013626260768530483
54 0.013469579113263986
55 0.013302418210252614
56 0.01312537238839291
57 0.01293904049794282
58 0.012744024091975368
59 0.012540925652913077
60 0.01233034686978049
61 0.012112886971416149
62 0.01188914112047435
63 0.011659698872624217
64 0.011425142704921443
65 0.011186046616889506
66 0.010942974807404674
67 0.010696480430035439
68 0.010447104429044644
69 0.010195374457823932
70 0.009941803881097604
71 0.00968689086180876
72 0.009431117533186774
73 0.009174949256093669
74 0.008918833961359795
75 0.008663201576447633
76 0.008408463535428576
77 0.008155012370922091
78 0.007903221386331084
79 0.007653444406412584
80 0.007406015603949914
81 0.007161249400041734
82 0.006919440435295681
83 0.0066808636090096435
84 0.006445774183242571
85 0.006214407948518933
86 0.005986981447776467
87 0.005763692255055464
88 0.005544719305339112
89 0.005330223271887832
90 0.005120346987365522
91 0.004915215905031415
92 0.0047149385962670185
93 0.004519607280722458
94 0.004329298385399509
95 0.004144073129038581
96 0.003963978128242863
97 0.003789046021853546
98 0.003619296110184385
99 0.003454735005830572
100 0.0032953572928847543
101 0.0031411461915208964
102 0.0029920742250431264
103 0.002848103886640761
104 0.0027091883032409093
105 0.0025752718940054297
106 0.002446291021178307
107 0.002322174631151614
108 0.002202844883782128
109 0.002088217768155304
110 0.001978203703157687
111 0.0018727081213821468
112 0.001771632035051573
113 0.0016748725828051913
114 0.0015823235563466338
115 0.0014938759061037313
116 0.001409418225196035
117 0.0013288372111468062
118 0.0012520181049111932
119 0.001178845106921079
120 0.001109201769969358
121 0.001042971368871842
122 0.00098003724695344
123 0.0009202831395064959
124 0.0008635934744631195
125 0.0008098536506099381
126 0.0007589502937529442
127 0.0007107714913120147
128 0.0006652070058893718
129 0.0006221484684137949
130 0.000581489551513003
131 0.0005431261238104397
132 0.0005069563858799615
133 0.0004728809886228938
134 0.0004408031348568175
135 0.00041062866492461245
136 0.0003822661271459692
137 0.00035562683394212407
138 0.0003306249044682988
139 0.0003071772945875441
140 0.0002852038150147547
141 0.00026462713845085454
142 0.0002453727965148928
143 0.00022736916726636645
144 0.00021054745409182312
145 0.0001948416567090127
146 0.0001801885350188629
147 0.00016652756651064487
148 0.00015380089789916932
149 0.0001419532916449722
150 0.00013093206797949272
151 0.00012068704302744672
152 0.00011117046358820323
153 0.000102336939107192
154 9.414337133741233e-05
155 8.654888216016845e-05
156 7.951474000339274e-05
157 7.300428526549853e-05
158 6.698285512276709e-05
159 6.141770806894881e-05
160 5.627794850716076e-05
161 5.1534451686386236e-05
162 4.715978924802004e-05
163 4.3128155622020056e-05
164 3.94152954873892e-05
165 3.5998432487965874e-05
166 3.285619937188512e-05
167 2.996856970161475e-05
168 2.7316791261187086e-05
169 2.4883321268148212e-05
170 2.2651763479832202e-05
171 2.0606807266832454e-05
172 1.873416871097163e-05
173 1.7020533770647283e-05
174 1.5453503543127197e-05
175 1.402154164115752e-05
176 1.2713923690094617e-05
177 1.1520688941641796e-05
178 1.043259399112451e-05
179 9.441068577030945e-06
180 8.538173434234929e-06
181 7.71656016585979e-06
182 6.96943309308926e-06
183 6.290513037337856e-06
184 5.674002985011982e-06
185 5.11455558157737e-06
186 4.607242398752546e-06
187 4.147524916326253e-06
188 3.73122715830477e-06
189 3.3545099217896716e-06
190 3.013846536125749e-06
191 2.706000089402233e-06
192 2.428002059299309e-06
193 2.1771322855090448e-06
194 1.950900221490021e-06
195 1.7470274041046982e-06
196 1.5634310807061966e-06
197 1.398208934457157e-06
198 1.249624850049732e-06
199 1.116095663526761e-06
200 9.96178841555638e-07
201 8.885610372561322e-07
202 7.920474715109924e-07
203 7.055520905748197e-07
204 6.280884527254129e-07
205 5.587612986570684e-07
206 4.967587622832756e-07
207 4.4134518058438667e-07
