0 0.0
1 3.1622776601683796e-06
2 6.3245353203367595e-06
3 9.486742980694875e-06
4 1.2648870642064918e-05
5 1.5810888306375858e-05
6 1.8972765977137757e-05
7 2.213447365991604e-05
8 2.5295981362805737e-05
9 2.8457259096905655e-05
10 3.16182768767925e-05
11 3.477900472099492e-05
12 3.7939412652467484e-05
13 4.1099470699064524e-05
14 4.42591488940139e-05
15 4.741841727639068e-05
16 5.0577245891590584e-05
17 5.3735604791803464e-05
18 5.689346403648649e-05
19 6.00507936928372e-05
20 6.320756383626649e-05
21 6.636374455087128e-05
22 6.951930592990708e-05
23 7.267421807626037e-05
24 7.582845110292068e-05
25 7.89819751334525e-05
26 8.213476030246706e-05
27 8.528677675609369e-05
28 8.843799465245101e-05
29 9.158838416211793e-05
30 9.473791546860424e-05
31 9.788655876882099e-05
32 0.00010103428427355066
33 0.00010418106220791683
34 0.00010732686281185371
35 0.00011047165634057527
36 0.00011361541306504404
37 0.00011675810327243957
38 0.00011989969726662658
39 0.00012304016536862265
40 0.0001261794779170656
41 0.00012931760526868047
42 0.00013245451779874624
43 0.00013559018590156166
44 0.00013872457999091143
45 0.0001418576705005313
46 0.00014498942788457287
47 0.00014811982261806839
48 0.0001512488251973944
49 0.0001543764061407354
50 0.0001575025359885469
51 0.00016062718530401808
52 0.00016375032467353347
53 0.000166871924707135
54 0.00016999195603898277
55 0.00017311038932781538
56 0.00017622719525741025
57 0.00017934234453704292
58 0.0001824558079019456
59 0.000185567556113766
60 0.00018867755996102454
61 0.0001917857902595717
62 0.00019489221785304458
63 0.00019799681361332266
64 0.00020109954844098316
65 0.0002042003932657557
66 0.00020729931904697635
67 0.00021039629677404082
68 0.00021349129746685744
69 0.00021658429217629908
70 0.00021967525198465435
71 0.00022276414800607853
72 0.00022585095138704346
73 0.00022893563330678672
74 0.00023201816497776023
75 0.00023509851764607812
76 0.0002381766625919637
77 0.00024125257113019594
78 0.0002443262146105549
79 0.00024739756441826663
80 0.0002504665919744472
81 0.0002535332687365458
82 0.00025659756619878746
83 0.0002596594558926146
84 0.00026271890938712756
85 0.000265775898289525
86 0.000268830394245543
87 0.0002718823689398932
88 0.0002749317940967004
89 0.0002779786414799392
90 0.0002810228828938697
91 0.00028406449018347226
92 0.00028710343523488164
93 0.00029013968997581994
94 0.0002931732263760289
95 0.000296204016447701
96 0.00029923203224590974
97 0.00030225724586903916
98 0.00030527962945921217
99 0.0003082991552027181
100 0.000311315795330439
101 0.0003143295221182755
102 0.00031734030788757096
103 0.0003203481250055355
104 0.00032335294588566813
105 0.00032635474298817847
106 0.0003293534888204073
107 0.000332349155937246
108 0.00033534171694155497
109 0.0003383311444845812
110 0.00034131741126637447
111 0.00034430049003620266
112 0.00034728035359296605
113 0.00035025697478561043
114 0.0003532303265135389
115 0.0003562003817270234
116 0.00035916711342761384
117 0.00036213049466854745
118 0.00036509049855515597
119 0.0003680470982452722
120 0.0003710002669496353
121 0.00037394997793229525
122 0.00037689620451101537
123 0.00037983892005767454
124 0.0003827780979986677
125 0.0003857137118153054
126 0.000388645735044212
127 0.0003915741412777228
128 0.0003944989041642799
129 0.00039741999740882696
130 0.0004003373947732025
131 0.000403251070076532
132 0.0004061609971956192
133 0.00040906715006533537
134 0.00041196950267900794
135 0.00041486802908880785
136 0.00041776270340613517
137 0.0004206534998020039
138 0.00042354039250742514
139 0.0004264233558137892
140 0.0004293023640732461
141 0.0004321773916990855
142 0.0004350484131661142
143 0.00043791540301103317
144 0.00044077833583281296
145 0.00044363718629306754
146 0.0004464919291164272
147 0.0004493425390909101
148 0.0004521889910682916
149 0.00045503125996447356
150 0.00045786932075985104
151 0.00046070314849967845
152 0.0004635327182944337
153 0.0004663580053201815
154 0.00046917898481893473
155 0.00047199563209901463
156 0.00047480792253540977
157 0.00047761583157013304
158 0.00048041933471257785
159 0.0004832184075398721
160 0.0004860130256972316
161 0.0004888031648983116
162 0.000491588800925556
163 0.000494369909630547
164 0.0004971464669343515
165 0.0004999184488278667
166 0.0005026858313721644
167 0.0005054485906988332
168 0.0005082067030103203
169 0.0005109601445802697
170 0.0005137088917538617
171 0.0005164529209481485
172 0.0005191922086523888
173 0.0005219267314283824
174 0.0005246564659108007
175 0.0005273813888075179
176 0.000530101476899939
177 0.0005328167070433277
178 0.0005355270561671311
179 0.0005382325012753043
180 0.0005409330194466325
181 0.0005436285878350518
182 0.0005463191836699684
183 0.000549004784256576
184 0.0005516853669761718
185 0.0005543609092864711
186 0.0005570313887219197
187 0.0005596967828940051
188 0.0005623570694915653
189 0.0005650122262810977
190 0.0005676622311070645
191 0.0005703070618921968
192 0.0005729466966377985
193 0.000575581113424046
194 0.0005782102904102891
195 0.0005808342058353475
196 0.000583452838017808
197 0.0005860661653563175
198 0.0005886741663298771
199 0.0005912768194981327
200 0.0005938741035016634
201 0.00059646599706227
202 0.0005990524789832609
203 0.0006016335281497351
204 0.0006042091235288659
205 0.0006067792441701808
206 0.0006093438692058409
207 0.0006119029778509173
208 0.0006144565494036676
209 0.0006170045632458083
210 0.0006195469988427875
211 0.0006220838357440553
212 0.0006246150535833313
213 0.000627140632078872
214 0.0006296605510337348
215 0.0006321747903360418
216 0.000634683329959241
217 0.0006371861499623644
218 0.000639683230490288
219 0.0006421745517739856
220 0.0006446600941307837
221 0.0006471398379646138
222 0.0006496137637662623
223 0.0006520818521136198
224 0.0006545440836719271
225 0.000657000439194021
226 0.0006594508995205764
227 0.0006618954455803485
228 0.0006643340583904117
229 0.0006667667190563973
230 0.0006691934087727293
231 0.0006716141088228582
232 0.0006740288005794932
233 0.0006764374655048321
234 0.0006788400851507895
235 0.0006812366411592241
236 0.0006836271152621621
237 0.0006860114892820209
238 0.0006883897451318288
239 0.0006907618648154451
240 0.0006931278304277767
241 0.0006954876241549925
242 0.0006978412282747381
243 0.0007001886251563461
244 0.0007025297972610458
245 0.000704864727142171
246 0.0007071933974453653
247 0.0007095157909087864
248 0.0007118318903633071
249 0.0007141416787327161
250 0.0007164451390339158
251 0.0007187422543771178
252 0.0007210330079660377
253 0.0007233173830980872
254 0.0007255953631645646
255 0.0007278669316508422
256 0.0007301320721365543
257 0.0007323907682957805
258 0.0007346430038972286
259 0.0007368887628044155
260 0.0007391280289758458
261 0.0007413607864651884
262 0.000743587019421451
263 0.0007458067120891536
264 0.000748019848808499
265 0.0007502264140155418
266 0.0007524263922423555
267 0.000754619768117197
268 0.0007568065263646706
269 0.0007589866518058878
270 0.000761160129358628
271 0.0007633269440374943
272 0.0007654870809540692
273 0.0007676405253170682
274 0.00076978726243249
275 0.0007719272777037674
276 0.0007740605566319127
277 0.0007761870848156646
278 0.0007783068479516306
279 0.0007804198318344285
280 0.0007825260223568263
281 0.000784625405509879
282 0.0007867179673830641
283 0.0007888036941644155
284 0.0007908825721406541
285 0.0007929545876973181
286 0.0007950197273188899
287 0.0007970779775889218
288 0.0007991293251901594
289 0.0008011737569046628
290 0.0008032112596139269
291 0.0008052418202989977
292 0.0008072654260405894
293 0.0008092820640191959
294 0.0008112917215152039
295 0.0008132943859090023
296 0.0008152900446810883
297 0.0008172786854121749
298 0.0008192602957832925
299 0.0008212348635758921
300 0.0008232023766719436
301 0.0008251628230540336
302 0.0008271161908054616
303 0.0008290624681103326
304 0.0008310016432536491
305 0.0008329337046214003
306 0.0008348586407006499
307 0.000836776440079622
308 0.0008386870914477831
309 0.0008405905835959258
310 0.0008424869054162464
311 0.000844376045902423
312 0.0008462579941496918
313 0.0008481327393549195
314 0.000850000270816675
315 0.0008518605779353001
316 0.000853713650212975
317 0.0008555594772537856
318 0.0008573980487637859
319 0.0008592293545510596
320 0.0008610533845257811
321 0.0008628701287002707
322 0.0008646795771890516
323 0.0008664817202089027
324 0.0008682765480789113
325 0.0008700640512205214
326 0.0008718442201575815
327 0.0008736170455163908
328 0.0008753825180257416
329 0.000877140628516963
330 0.0008788913679239574
331 0.0008806347272832408
332 0.0008823706977339773
333 0.0008840992705180122
334 0.0008858204369799055
335 0.0008875341885669594
336 0.0008892405168292472
337 0.0008909394134196386
338 0.0008926308700938238
339 0.0008943148787103352
340 0.0008959914312305666
341 0.0008976605197187919
342 0.0008993221363421799
343 0.000900976273370809
344 0.0009026229231776793
345 0.0009042620782387216
346 0.0009058937311328054
347 0.0009075178745417461
348 0.0009091345012503082
349 0.0009107436041462074
350 0.0009123451762201106
351 0.0009139392105656345
352 0.0009155257003793414
353 0.0009171046389607342
354 0.0009186760197122482
355 0.0009202398361392412
356 0.0009217960818499824
357 0.0009233447505556388
358 0.0009248858360702601
359 0.0009264193323107609
360 0.0009279452332969012
361 0.0009294635331512659
362 0.0009309742260992408
363 0.0009324773064689887
364 0.000933972768691421
365 0.0009354606073001697
366 0.0009369408169315564
367 0.0009384133923245592
368 0.0009398783283207789
369 0.0009413356198644014
370 0.0009427852620021597
371 0.0009442272498832935
372 0.0009456615787595073
373 0.0009470882439849258
374 0.0009485072410160475
375 0.0009499185654116977
376 0.0009513222128329777
377 0.000952718179043214
378 0.0009541064599079043
379 0.0009554870513946616
380 0.0009568599495731575
381 0.0009582251506150625
382 0.0009595826507939858
383 0.0009609324464854113
384 0.0009622745341666333
385 0.0009636089104166898
386 0.0009649355719162939
387 0.0009662545154477644
388 0.0009675657378949518
389 0.0009688692362431658
390 0.0009701650075790986
391 0.0009714530490907482
392 0.0009727333580673378
393 0.0009740059318992348
394 0.0009752707680778676
395 0.0009765278641956411
396 0.0009777772179458495
397 0.0009790188271225878
398 0.0009802526896206612
399 0.0009814788034354933
400 0.0009826971666630317
401 0.0009839077774996528
402 0.0009851106342420634
403 0.000986305735287202
404 0.0009874930791321378
405 0.000988672664373967
406 0.0009898444897097091
407 0.0009910085539362
408 0.0009921648559499832
409 0.0009933133947472013
410 0.000994454169423483
411 0.0009955871791738305
412 0.000996712423292504
413 0.0009978299011729047
414 0.0009989396123074562
415 0.0010000415562874847
416 0.0010011357328030962
417 0.0010022221416430522
418 0.001003300782694646
419 0.0010043716559435735
420 0.0010054347614738065
421 0.0010064900994674595
422 0.0010075376702046593
423 0.0010085774740634104
424 0.001009609511519459
425 0.0010106337831461566
426 0.0010116502896143204
427 0.0010126590316920918
428 0.0010136600102447957
429 0.0010146532262347953
430 0.0010156386807213473
431 0.001016616374860454
432 0.0010175863099047145
433 0.0010185484872031743
434 0.0010195029082011727
435 0.0010204495744401906
436 0.0010213884875576928
437 0.0010223196492869721
438 0.0010232430614569908
439 0.0010241587259922208
440 0.0010250666449124807
441 0.0010259668203327732
442 0.00102685925446312
443 0.0010277439496083952
444 0.0010286209081681575
445 0.0010294901326364794
446 0.0010303516256017773
447 0.001031205389746638
448 0.0010320514278476449
449 0.001032889742775201
450 0.001033720337493353
451 0.001034543215059611
452 0.0010353583786247688
453 0.001036165831432722
454 0.001036965576820284
455 0.0010377576182170015
456 0.0010385419591449675
457 0.001039318603218634
458 0.001040087554144622
459 0.0010408488157215305
460 0.001041602391839745
461 0.0010423482864812426
462 0.0010430865037193966
463 0.0010438170477187812
464 0.0010445399227349715
465 0.0010452551331143448
466 0.0010459626832938793
467 0.0010466625778009513
468 0.0010473548212531325
469 0.0010480394183579825
470 0.0010487163739128441
471 0.0010493856928046339
472 0.0010500473800096326
473 0.0010507014405932759
474 0.0010513478797099399
475 0.0010519867026027284
476 0.0010526179146032582
477 0.001053241521131442
478 0.001053857527695271
479 0.0010544659398905962
480 0.0010550667634009068
481 0.0010556600039971096
482 0.001056245667537305
483 0.0010568237599665636
484 0.0010573942873166988
485 0.0010579572557060418
486 0.0010585126713392116
487 0.0010590605405068868
488 0.0010596008695855732
489 0.0010601336650373724
490 0.0010606589334097485
491 0.0010611766813352934
492 0.0010616869155314903
493 0.0010621896428004768
494 0.0010626848700288063
495 0.0010631726041872092
496 0.0010636528523303497
497 0.001064125621596587
498 0.0010645909192077293
499 0.0010650487524687894
500 0.0010654991287677407
501 0.0010659420555752688
502 0.001066377540444524
503 0.0010668055910108714
504 0.0010672262149916414
505 0.0010676394201858768
506 0.0010680452144740816
507 0.0010684436058179655
508 0.0010688346022601903
509 0.0010692182119241124
510 0.0010695944430135261
511 0.0010699633038124055
512 0.0010703248026846448
513 0.001070678948073797
514 0.0010710257485028127
515 0.0010713652125737775
516 0.0010716973489676483
517 0.001072022166443987
518 0.0010723396738406962
519 0.0010726498800737508
520 0.0010729527941369308
521 0.0010732484251015518
522 0.0010735367821161942
523 0.001073817874406433
524 0.001074091711274565
525 0.0010743583020993359
526 0.0010746176563356654
527 0.0010748697835143727
528 0.0010751146932419001
529 0.001075352395200035
530 0.0010755828991456328
531 0.001075806214910338
532 0.0010760223524003023
533 0.0010762313215959055
534 0.0010764331325514723
535 0.0010766277953949905
536 0.0010768153203278262
537 0.0010769957176244387
538 0.0010771689976320968
539 0.00107733517077059
540 0.0010774942475319422
541 0.001077646238480124
542 0.0010777911542507613
543 0.0010779290055508478
544 0.001078059803158452
545 0.0010781835579224274
546 0.0010783002807621175
547 0.001078409982667065
548 0.0010785126746967143
549 0.00107860836798012
550 0.001078697073715648
551 0.0010787788031706804
552 0.0010788535676813174
553 0.0010789213786520787
554 0.0010789822475556056
555 0.0010790361859323594
556 0.001079083205390322
557 0.001079123317604694
558 0.001079156534317593
559 0.00107918286733775
560 0.0010792023285402066
561 0.0010792149298660097
562 0.0010792206833219076
563 0.0010792196009800426
564 0.0010792116949776467
565 0.0010791969775167322
566 0.0010791754608637854
567 0.0010791471573494576
568 0.0010791120793682556
569 0.001079070239378232
570 0.001079021649900675
571 0.001078966323519797
572 0.001078904272882423
573 0.0010788355106976773
574 0.0010787600497366718
575 0.001078677902832191
576 0.0010785890828783793
577 0.0010784936028304245
578 0.0010783914757042435
579 0.0010782827145761657
580 0.0010781673325826163
581 0.0010780453429198
582 0.0010779167588433817
583 0.0010777815936681707
584 0.0010776398607677993
585 0.001077491573574404
586 0.0010773367455783076
587 0.0010771753903276963
588 0.0010770075214283001
589 0.001076833152543072
590 0.001076652297391864
591 0.0010764649697511065
592 0.0010762711834534854
593 0.0010760709523876184
594 0.0010758642904977302
595 0.0010756512117833302
596 0.0010754317302988866
597 0.0010752058601535015
598 0.0010749736155105855
599 0.001074735010587532
600 0.00107449005965539
601 0.0010742387770385376
602 0.001073981177114356
603 0.0010737172743129008
604 0.001073447083116574
605 0.0010731706180597954
606 0.0010728878937286757
607 0.0010725989247606857
608 0.001072303725844327
609 0.001072002311718804
610 0.0010716946971736916
611 0.0010713808970486058
612 0.0010710609262328742
613 0.0010707347996652028
614 0.0010704025323333463
615 0.0010700641392737756
616 0.0010697196355713469
617 0.0010693690363589683
618 0.0010690123568172683
619 0.0010686496121742634
620 0.001068280817705024
621 0.0010679059887313414
622 0.0010675251406213962
623 0.0010671382887894219
624 0.0010667454486953734
625 0.0010663466358445915
626 0.001065941865787469
627 0.001065531154119116
628 0.0010651145164790262
629 0.001064691968550741
630 0.001064263526061514
631 0.0010638292047819781
632 0.001063389020525807
633 0.0010629429891493827
634 0.0010624911265514573
635 0.001062033448672819
636 0.0010615699714959551
637 0.0010611007110447167
638 0.0010606256833839824
639 0.0010601449046193214
640 0.0010596583908966577
641 0.0010591661584019336
642 0.001058668223360773
643 0.0010581646020381454
644 0.0010576553107380278
645 0.0010571403658030697
646 0.001056619783614255
647 0.0010560935805905662
648 0.0010555617731886466
649 0.0010550243779024638
650 0.0010544814112629726
651 0.0010539328898377788
652 0.001053378830230801
653 0.0010528192490819347
654 0.0010522541630667152
655 0.0010516835888959805
656 0.0010511075433155335
657 0.0010505260431058077
658 0.001049939105081527
659 0.0010493467460913717
660 0.0010487489830176403
661 0.0010481458327759132
662 0.001047537312314716
663 0.0010469234386151834
664 0.0010463042286907222
665 0.0010456796995866751
666 0.0010450498683799846
667 0.001044414752178857
668 0.0010437743681224257
669 0.0010431287333804156
670 0.0010424778651528077
671 0.0010418217806695029
672 0.0010411604971899864
673 0.0010404940320029926
674 0.0010398224024261704
675 0.0010391456258057466
676 0.0010384637195161928
677 0.0010377767009598891
678 0.0010370845875667908
679 0.0010363873967940925
680 0.0010356851461258963
681 0.001034977853072875
682 0.0010342655351719408
683 0.0010335482099859104
684 0.001032825895103172
685 0.0010320986081373516
686 0.0010313663667269825
687 0.0010306291885351692
688 0.0010298870912492579
689 0.0010291400925805027
690 0.001028388210263735
691 0.0010276314620570309
692 0.0010268698657413804
693 0.0010261034391203566
694 0.0010253322000197847
695 0.0010245561662874118
696 0.0010237753557925764
697 0.001022989786425879
698 0.0010221994760988525
699 0.001021404442743633
700 0.0010206047043126317
701 0.0010198002787782045
702 0.0010189911841323263
703 0.0010181774383862616
704 0.0010173590595702374
705 0.0010165360657331168
706 0.0010157084749420713
707 0.0010148763052822555
708 0.0010140395748564797
709 0.0010131983017848867
710 0.001012352504204624
711 0.0010115022002695213
712 0.0010106474081497644
713 0.0010097881460315724
714 0.0010089244321168746
715 0.0010080562846229858
716 0.0010071837217822846
717 0.0010063067618418919
718 0.0010054254230633475
719 0.0010045397237222907
720 0.001003649682108138
721 0.0010027553165237633
722 0.001001856645285178
723 0.0010009536867212107
724 0.0010000464591731907
725 0.0009991349809946267
726 0.0009982192705508901
727 0.0009972993462188976
728 0.0009963752263867942
729 0.0009954469294536365
730 0.0009945144738290768
731 0.0009935778779330484
732 0.0009926371601954491
733 0.0009916923390558285
734 0.000990743432963074
735 0.000989790460375096
736 0.0009888334397585177
737 0.0009878723895883602
738 0.000986907328347733
739 0.0009859382745275225
740 0.0009849652466260804
741 0.000983988263148916
742 0.000983007342608384
743 0.0009820225035233798
744 0.000981033764419027
745 0.000980041143826373
746 0.000979044660282081
747 0.000978044332328124
748 0.0009770401785114784
749 0.0009760322173838206
750 0.0009750204675012207
751 0.0009740049474238402
752 0.0009729856757156279
753 0.0009719626709440184
754 0.000970935951679629
755 0.0009699055364959598
756 0.0009688714439690921
757 0.0009678336926773895
758 0.0009667923012011979
759 0.0009657472881225477
760 0.0009646986720248552
761 0.0009636464714926259
762 0.0009625907051111591
763 0.0009615313914662493
764 0.0009604685491438944
765 0.0009594021967299992
766 0.0009583323528100824
767 0.0009572590359689837
768 0.0009561822647905716
769 0.000955102057857452
770 0.0009540184337506772
771 0.0009529314110494558
772 0.0009518410083308642
773 0.0009507472441695568
774 0.0009496501371374789
775 0.00094854970580358
776 0.0009474459687335265
777 0.0009463389444894173
778 0.0009452286516294979
779 0.0009441151087078777
780 0.0009429983342742454
781 0.0009418783468735878
782 0.000940755165045907
783 0.0009396288073259404
784 0.0009384992922428799
785 0.0009373666383200935
786 0.0009362308640748458
787 0.000935091988018021
788 0.0009339500286538457
789 0.000932805004479613
790 0.0009316569339854071
791 0.0009305058356538292
792 0.0009293517279597235
793 0.0009281946293699042
794 0.0009270345583428841
795 0.0009258715333286035
796 0.0009247055727681595
797 0.0009235366950935366
798 0.0009223649187273385
799 0.0009211902620825203
800 0.0009200127435621207
801 0.0009188323815589979
802 0.0009176491944555626
803 0.0009164632006235144
804 0.0009152744184235787
805 0.0009140828662052433
806 0.0009128885623064979
807 0.0009116915250535724
808 0.0009104917727606771
809 0.000909289323729744
810 0.0009080841962501693
811 0.0009068764085985541
812 0.0009056659790384504
813 0.0009044529258201041
814 0.0009032372671802011
815 0.0009020190213416141
816 0.0009007982065131492
817 0.000899574840889294
818 0.0008983489426499673
819 0.0008971205299602689
820 0.0008958896209702308
821 0.0008946562338145688
822 0.0008934203866124351
823 0.0008921820974671729
824 0.0008909413844660705
825 0.0008896982656801169
826 0.0008884527591637584
827 0.0008872048829546568
828 0.0008859546550734468
829 0.0008847020935234965
830 0.0008834472162906671
831 0.0008821900413430743
832 0.0008809305866308508
833 0.0008796688700859098
834 0.0008784049096217084
835 0.000877138723133014
836 0.0008758703284956693
837 0.0008745997435663604
838 0.0008733269861823839
839 0.0008720520741614175
840 0.0008707750253012884
841 0.0008694958573797454
842 0.0008682145881542309
843 0.0008669312353616534
844 0.0008656458167181621
845 0.0008643583499189218
846 0.0008630688526378887
847 0.0008617773425275874
848 0.0008604838372188897
849 0.0008591883543207922
850 0.0008578909114201975
851 0.000856591526081695
852 0.0008552902158473425
853 0.0008539869982364498
854 0.0008526818907453624
855 0.0008513749108472469
856 0.0008500660759918768
857 0.0008487554036054194
858 0.000847442911090225
859 0.0008461286158246149
860 0.0008448125351626721
861 0.0008434946864340324
862 0.0008421750869436769
863 0.0008408537539717249
864 0.0008395307047732285
865 0.0008382059565779677
866 0.0008368795265902472
867 0.0008355514319886933
868 0.0008342216899260527
869 0.0008328903175289921
870 0.0008315573318978982
871 0.0008302227501066798
872 0.0008288865892025702
873 0.000827548866205931
874 0.0008262095981100569
875 0.0008248688018809811
876 0.0008235264944572826
877 0.0008221826927498939
878 0.0008208374136419097
879 0.0008194906739883972
880 0.0008181424906162071
881 0.0008167928803237855
882 0.0008154418598809875
883 0.0008140894460288907
884 0.0008127356554796114
885 0.0008113805049161203
886 0.00081002401099206
887 0.0008086661903315641
888 0.0008073070595290757
889 0.0008059466351491686
890 0.0008045849337263693
891 0.000803221971764979
892 0.0008018577657388982
893 0.0008004923320914508
894 0.0007991256872352108
895 0.0007977578475518288
896 0.0007963888293918608
897 0.0007950186490745964
898 0.0007936473228878896
899 0.0007922748670879903
900 0.0007909012978993768
901 0.0007895266315145884
902 0.000788150884094061
903 0.0007867740717659623
904 0.0007853962106260285
905 0.0007840173167374022
906 0.0007826374061304712
907 0.0007812564948027086
908 0.0007798745987185137
909 0.0007784917338090543
910 0.0007771079159721095
911 0.0007757231610719149
912 0.0007743374849390066
913 0.0007729509033700693
914 0.0007715634321277821
915 0.0007701750869406685
916 0.0007687858835029458
917 0.0007673958374743754
918 0.0007660049644801146
919 0.0007646132801105704
920 0.0007632207999212534
921 0.000761827539432632
922 0.0007604335141299894
923 0.0007590387394632808
924 0.0007576432308469916
925 0.0007562470036599971
926 0.0007548500732454229
927 0.0007534524549105066
928 0.0007520541639264602
929 0.0007506552155283346
930 0.0007492556249148838
931 0.0007478554072484311
932 0.0007464545776547365
933 0.0007450531512228641
934 0.0007436511430050523
935 0.0007422485680165832
936 0.0007408454412356546
937 0.000739441777603252
938 0.0007380375920230225
939 0.0007366328993611492
940 0.0007352277144462274
941 0.0007338220520691405
942 0.000732415926982939
943 0.0007310093539027183
944 0.0007296023475054997
945 0.000728194922430111
946 0.0007267870932770687
947 0.0007253788746084614
948 0.0007239702809478342
949 0.0007225613267800741
950 0.0007211520265512964
951 0.0007197423946687322
952 0.0007183324455006171
953 0.0007169221933760813
954 0.00071551165258504
955 0.0007141008373780851
956 0.0007126897619663785
957 0.0007112784405215461
958 0.0007098668871755727
959 0.0007084551160206979
960 0.000707043141109314
961 0.0007056309764538639
962 0.00070421863602674
963 0.0007028061337601857
964 0.0007013934835461957
965 0.0006999806992364191
966 0.0006985677946420631
967 0.0006971547835337973
968 0.0006957416796416597
969 0.0006943284966549636
970 0.0006929152482222047
971 0.0006915019479509709
972 0.0006900886094078518
973 0.0006886752461183496
974 0.0006872618715667913
975 0.0006858484991962418
976 0.0006844351424084179
977 0.0006830218145636038
978 0.0006816085289805669
979 0.0006801952989364755
980 0.000678782137666817
981 0.0006773690583653169
982 0.00067595607418386
983 0.0006745431982324112
984 0.0006731304435789379
985 0.0006717178232493343
986 0.0006703053502273451
987 0.0006688930374544917
988 0.0006674808978299985
989 0.0006660689442107206
990 0.0006646571894110727
991 0.0006632456462029584
992 0.0006618343273157017
993 0.0006604232454359778
994 0.0006590124132077466
995 0.0006576018432321861
996 0.0006561915480676277
997 0.0006547815402294915
998 0.0006533718321902234
999 0.0006519624363792331
1000 0.0006505533651828328
1001 0.000649144630944177
1002 0.0006477362459632041
1003 0.0006463282224965772
1004 0.0006449205727576278
1005 0.0006435133089162995
1006 0.0006421064430990932
1007 0.0006406999873890121
1008 0.00063929395382551
1009 0.000637888354404438
1010 0.0006364832010779939
1011 0.0006350785057546722
1012 0.0006336742802992147
1013 0.0006322705365325628
1014 0.0006308672862318096
1015 0.0006294645411301547
1016 0.000628062312916858
1017 0.0006266606132371962
1018 0.0006252594536924197
1019 0.0006238588458397093
1020 0.0006224588011921362
1021 0.000621059331218621
1022 0.0006196604473438942
1023 0.0006182621609484584
1024 0.0006168644833685503
1025 0.0006154674258961045
1026 0.0006140709997787181
1027 0.000612675216219616
1028 0.0006112800863776174
1029 0.0006098856213671025
1030 0.0006084918322579824
1031 0.0006070987300756667
1032 0.0006057063258010345
1033 0.0006043146303704054
1034 0.0006029236546755115
1035 0.0006015334095634705
1036 0.0006001439058367596
1037 0.0005987551542531906
1038 0.0005973671655258853
1039 0.0005959799503232527
1040 0.000594593519268966
1041 0.0005932078829419419
1042 0.00059182305187632
1043 0.0005904390365614425
1044 0.0005890558474418364
1045 0.0005876734949171954
1046 0.000586291989342363
1047 0.0005849113410273165
1048 0.0005835315602371523
1049 0.0005821526571920715
1050 0.0005807746420673667
1051 0.0005793975249934093
1052 0.000578021316055639
1053 0.0005766460252945524
1054 0.0005752716627056934
1055 0.0005738982382396452
1056 0.0005725257618020214
1057 0.0005711542432534591
1058 0.0005697836924096136
1059 0.0005684141190411526
1060 0.0005670455328737514
1061 0.0005656779435880899
1062 0.0005643113608198499
1063 0.0005629457941597127
1064 0.0005615812531533594
1065 0.0005602177473014695
1066 0.0005588552860597225
1067 0.0005574938788387988
1068 0.0005561335350043831
1069 0.000554774263877167
1070 0.0005534160747328534
1071 0.0005520589768021614
1072 0.0005507029792708322
1073 0.0005493480912796359
1074 0.0005479943219243786
1075 0.0005466416802559113
1076 0.0005452901752801384
1077 0.0005439398159580283
1078 0.0005425906112056237
1079 0.0005412425698940533
1080 0.0005398957008495446
1081 0.0005385500128534367
1082 0.0005372055146421943
1083 0.000535862214907423
1084 0.0005345201222958846
1085 0.0005331792454095133
1086 0.0005318395928054334
1087 0.0005305011729959771
1088 0.0005291639944487036
1089 0.0005278280655864182
1090 0.0005264933947871928
1091 0.0005251599903843875
1092 0.0005238278606666719
1093 0.0005224970138780481
1094 0.0005211674582178746
1095 0.0005198392018408895
1096 0.0005185122528572365
1097 0.0005171866193324903
1098 0.0005158623092876833
1099 0.0005145393306993319
1100 0.0005132176914994661
1101 0.000511897399575657
1102 0.0005105784627710472
1103 0.0005092608888843803
1104 0.0005079446856700321
1105 0.000506629860838043
1106 0.0005053164220541492
1107 0.0005040043769398175
1108 0.0005026937330722774
1109 0.0005013844979845569
1110 0.000500076679165518
1111 0.000498770284059892
1112 0.0004974653200683165
1113 0.0004961617945473733
1114 0.0004948597148096259
1115 0.0004935590881236592
1116 0.0004922599217141184
1117 0.0004909622227617495
1118 0.0004896659984034405
1119 0.0004883712557322625
1120 0.00048707800179751293
1121 0.00048578624360475766
1122 0.0004844959881158751
1123 0.00048320724224910075
1124 0.00048192001287907204
1125 0.0004806343068368738
1126 0.0004793501309100853
1127 0.00047806749184282676
1128 0.000476786396335807
1129 0.0004755068510463723
1130 0.00047422886258855477
1131 0.00047295243753312264
1132 0.00047167758240763003
1133 0.0004704043036964681
1134 0.0004691326078409167
1135 0.00046786250123919646
1136 0.0004665939902465216
1137 0.00046532708117515365
1138 0.0004640617802944551
1139 0.0004627980938309445
1140 0.00046153602796835167
1141 0.0004602755888476734
1142 0.00045901678256723044
1143 0.00045775961518272433
1144 0.00045650409270729534
1145 0.00045525022111158063
1146 0.0004539980063237732
1147 0.0004527474542296819
1148 0.0004514985706727909
1149 0.00045025136145432083
1150 0.00044900583233328995
1151 0.0004477619890265761
1152 0.0004465198372089791
1153 0.00044527938251328383
1154 0.00044404063053032374
1155 0.00044280358680904517
1156 0.00044156825685657175
1157 0.00044033464613827013
1158 0.0004391027600778154
1159 0.0004378726040572578
1160 0.0004366441834170895
1161 0.000435417503456312
1162 0.0004341925694325044
1163 0.0004329693865618917
1164 0.0004317479600194141
1165 0.0004305282949387962
1166 0.0004293103964126179
1167 0.00042809426949238437
1168 0.0004268799191885975
1169 0.00042566735047082767
1170 0.00042445656826778594
1171 0.0004232475774673967
1172 0.00042204038291687084
1173 0.0004208349894227797
1174 0.0004196314017511292
1175 0.0004184296246274347
1176 0.00041722966273679564
1177 0.00041603152072397216
1178 0.00041483520319346066
1179 0.0004136407147095705
1180 0.00041244805979650146
1181 0.0004112572429384212
1182 0.0004100682685795433
1183 0.00040888114112420595
1184 0.00040769586493695086
1185 0.0004065124443426029
1186 0.0004053308836263499
1187 0.00040415118703382305
1188 0.00040297335877117785
1189 0.00040179740300517547
1190 0.0004006233238632642
1191 0.000399451125433662
1192 0.0003982808117654387
1193 0.00039711238686859963
1194 0.0003959458547141685
1195 0.0003947812192342715
1196 0.0003936184843222219
1197 0.0003924576538326044
1198 0.00039129873158136053
1199 0.0003901417213458741
1200 0.00038898662686505733
1201 0.0003878334518394371
1202 0.00038668219993124176
1203 0.0003855328747644884
1204 0.0003843854799250703
1205 0.0003832400189608449
1206 0.00038209649538172247
1207 0.00038095491265975444
1208 0.0003798152742292226
1209 0.0003786775834867289
1210 0.000377541843791285
1211 0.0003764080584644027
1212 0.00037527623079018445
1213 0.0003741463640154145
1214 0.0003730184613496499
1215 0.00037189252596531256
1216 0.0003707685609977812
1217 0.00036964656954548353
1218 0.00036852655466998923
1219 0.0003674085193961031
1220 0.00036629246671195825
1221 0.00036517839956910986
1222 0.00036406632088262973
1223 0.0003629562335312002
1224 0.000361848140357209
1225 0.0003607420441668446
1226 0.00035963794773019136
1227 0.00035853585378132536
1228 0.00035743576501841046
1229 0.0003563376841037944
1230 0.0003552416136641058
1231 0.0003541475562903509
1232 0.0003530555145380108
1233 0.0003519654909271391
1234 0.00035087748794245964
1235 0.0003497915080334648
1236 0.00034870755361451374
1237 0.00034762562706493113
1238 0.00034654573072910637
1239 0.0003454678669165924
1240 0.0003443920379022057
1241 0.0003433182459261256
1242 0.00034224649319399496
1243 0.00034117678187702
1244 0.00034010911411207104
1245 0.00033904349200178347
1246 0.00033797991761465865
1247 0.0003369183929851656
1248 0.0003358589201138421
1249 0.000334801500967397
1250 0.000333746137478812
1251 0.00033269283154744445
1252 0.00033164158503912915
1253 0.0003305923997862818
1254 0.0003295452775880018
1255 0.00032850022021017536
1256 0.00032745722938557924
1257 0.00032641630681398427
1258 0.00032537745416225914
1259 0.0003243406730644749
1260 0.00032330596512200886
1261 0.00032227333190364946
1262 0.00032124277494570067
1263 0.0003202142957520872
1264 0.00031918789579445957
1265 0.00031816357651229954
1266 0.0003171413393130253
1267 0.0003161211855720973
1268 0.0003151031166331245
1269 0.0003140871338079699
1270 0.0003130732383768574
1271 0.0003120614315884774
1272 0.00031105171466009414
1273 0.0003100440887776521
1274 0.0003090385550958833
1275 0.0003080351147384137
1276 0.00030703376879787113
1277 0.0003060345183359924
1278 0.00030503736438373084
1279 0.00030404230794136417
1280 0.00030304934997860236
1281 0.00030205849143469547
1282 0.00030106973321854187
1283 0.00030008307620879663
1284 0.00029909852125397984
1285 0.00029811606917258527
1286 0.000297135720753189
1287 0.00029615747675455816
1288 0.00029518133790576006
1289 0.000294207304906271
1290 0.00029323537842608586
1291 0.0002922655591058269
1292 0.0002912978475568535
1293 0.0002903322443613717
1294 0.0002893687500725437
1295 0.0002884073652145974
1296 0.00028744809028293666
1297 0.0002864909257442511
1298 0.00028553587203662575
1299 0.0002845829295696519
1300 0.0002836320987245366
1301 0.00028268337985421323
1302 0.0002817367732834521
1303 0.0002807922793089706
1304 0.0002798498981995438
1305 0.00027890963019611527
1306 0.0002779714755119076
1307 0.000277035434332533
1308 0.00027610150681610466
1309 0.00027516969309334717
1310 0.0002742399932677075
1311 0.0002733124074154664
1312 0.000272386935585849
1313 0.00027146357780113625
1314 0.000270542334056776
1315 0.00026962320432149416
1316 0.0002687061885374063
1317 0.00026779128662012854
1318 0.000266878498458889
1319 0.00026596782391663954
1320 0.0002650592628301668
1321 0.0002641528150102039
1322 0.00026324848024154184
1323 0.00026234625828314097
1324 0.0002614461488682427
1325 0.00026054815170448094
1326 0.00025965226647399383
1327 0.00025875849283353515
1328 0.0002578668304145862
1329 0.0002569772788234672
1330 0.00025608983764144913
1331 0.0002552045064248652
1332 0.0002543212847052227
1333 0.00025344017198931457
1334 0.000252561167759331
1335 0.0002516842714729713
1336 0.00025080948256355525
1337 0.00024993680044013505
1338 0.00024906622448760677
1339 0.0002481977540668221
1340 0.0002473313885146999
1341 0.00024646712714433764
1342 0.00024560496924512336
1343 0.0002447449140828469
1344 0.00024388696089981145
1345 0.00024303110891494523
1346 0.00024217735732391289
1347 0.00024132570529922682
1348 0.00024047615199035874
1349 0.000239628696523851
1350 0.00023878333800342785
1351 0.00023794007551010694
1352 0.00023709890810231037
1353 0.0002362598348159759
1354 0.0002354228546646682
1355 0.00023458796663968992
1356 0.00023375516971019285
1357 0.00023292446282328872
1358 0.00023209584490416034
1359 0.0002312693148561723
1360 0.00023044487156098197
1361 0.0002296225138786502
1362 0.00022880224064775203
1363 0.0002279840506854873
1364 0.00022716794278779116
1365 0.00022635391572944468
1366 0.00022554196826418522
1367 0.00022473209912481673
1368 0.00022392430702332
1369 0.00022311859065096294
1370 0.00022231494867841066
1371 0.00022151337975583537
1372 0.00022071388251302643
1373 0.00021991645555950016
1374 0.00021912109748460957
1375 0.00021832780685765403
1376 0.0002175365822279888
1377 0.00021674742212513461
1378 0.00021596032505888688
1379 0.00021517528951942513
1380 0.000214392313977422
1381 0.00021361139688415239
1382 0.00021283253667160246
1383 0.00021205573175257837
1384 0.00021128098052081512
1385 0.00021050828135108502
1386 0.00020973763259930648
1387 0.00020896903260265206
1388 0.00020820247967965689
1389 0.00020743797213032702
1390 0.00020667550823624714
1391 0.00020591508626068865
1392 0.0002051567044487174
1393 0.00020440036102730138
1394 0.00020364605420541827
1395 0.0002028937821741627
1396 0.00020214354310685377
1397 0.00020139533515914186
1398 0.00020064915646911583
1399 0.00019990500515740988
1400 0.00019916287932731017
1401 0.00019842277706486148
1402 0.0001976846964389735
1403 0.0001969486355015273
1404 0.00019621459228748132
1405 0.00019548256481497745
1406 0.00019475255108544686
1407 0.00019402454908371556
1408 0.00019329855677811025
1409 0.0001925745721205632
1410 0.000191852593046718
1411 0.00019113261747603425
1412 0.00019041464331189263
1413 0.00018969866844169964
1414 0.00018898469073699208
1415 0.00018827270805354157
1416 0.00018756271823145877
1417 0.00018685471909529746
1418 0.00018614870845415837
1419 0.00018544468410179298
1420 0.0001847426438167072
1421 0.00018404258536226456
1422 0.00018334450648678952
1423 0.00018264840492367054
1424 0.00018195427839146294
1425 0.00018126212459399144
1426 0.0001805719412204528
1427 0.00017988372594551826
1428 0.0001791974764294353
1429 0.00017851319031812987
1430 0.00017783086524330815
1431 0.00017715049882255794
1432 0.0001764720886594502
1433 0.00017579563234364012
1434 0.00017512112745096824
1435 0.0001744485715435612
1436 0.0001737779621699323
1437 0.00017310929686508193
1438 0.00017244257315059784
1439 0.00017177778853475495
1440 0.0001711149405126155
1441 0.00017045402656612832
1442 0.00016979504416422846
1443 0.0001691379907629363
1444 0.0001684828638054565
1445 0.0001678296607222768
1446 0.00016717837893126674
1447 0.00016652901583777587
1448 0.00016588156883473191
1449 0.00016523603530273873
1450 0.00016459241261017416
1451 0.00016395069811328737
1452 0.00016331088915629623
1453 0.00016267298307148442
1454 0.00016203697717929826
1455 0.00016140286878844328
1456 0.00016077065519598085
1457 0.00016014033368742423
1458 0.0001595119015368345
1459 0.0001588853560069165
1460 0.00015826069434911417
1461 0.00015763791380370604
1462 0.0001570170115999001
1463 0.00015639798495592884
1464 0.00015578083107914385
1465 0.00015516554716611005
1466 0.00015455213040270008
1467 0.000153940577964188
1468 0.00015333088701534312
1469 0.0001527230547105235
1470 0.00015211707819376904
1471 0.00015151295459889466
1472 0.0001509106810495828
1473 0.00015031025465947614
1474 0.0001497116725322698
1475 0.00014911493176180337
1476 0.00014852002943215278
1477 0.00014792696261772177
1478 0.00014733572838333318
1479 0.0001467463237843201
1480 0.0001461587458666167
1481 0.00014557299166684864
1482 0.00014498905821242364
1483 0.00014440694252162143
1484 0.00014382664160368357
1485 0.00014324815245890312
1486 0.0001426714720787139
1487 0.00014209659744577965
1488 0.00014152352553408276
1489 0.000140952253309013
1490 0.00014038277772745572
1491 0.00013981509573788006
1492 0.00013924920428042662
1493 0.00013868510028699514
1494 0.0001381227806813318
1495 0.00013756224237911627
1496 0.00013700348228804846
1497 0.00013644649730793512
1498 0.00013589128433077617
1499 0.00013533784024085058
1500 0.00013478616191480225
1501 0.00013423624622172555
1502 0.00013368809002325038
1503 0.00013314169017362737
1504 0.00013259704351981251
1505 0.00013205414690155146
1506 0.00013151299715146402
1507 0.0001309735910951278
1508 0.00013043592555116217
1509 0.00012989999733131123
1510 0.00012936580324052741
1511 0.00012883334007705402
1512 0.0001283026046325079
1513 0.00012777359369196194
1514 0.00012724630403402684
1515 0.00012672073243093316
1516 0.00012619687564861264
1517 0.00012567473044677963
1518 0.00012515429357901192
1519 0.00012463556179283158
1520 0.00012411853182978528
1521 0.00012360320042552453
1522 0.00012308956430988558
1523 0.000122577620206969
1524 0.00012206736483521906
1525 0.00012155879490750277
1526 0.00012105190713118869
1527 0.00012054669820822547
1528 0.00012004316483522012
1529 0.00011954130370351592
1530 0.0001190411114992702
1531 0.0001185425849035317
1532 0.00011804572059231771
1533 0.000117550515236691
1534 0.00011705696550283634
1535 0.00011656506805213689
1536 0.00011607481954125013
1537 0.00011558621662218376
1538 0.00011509925594237099
1539 0.00011461393414474595
1540 0.00011413024786781847
1541 0.0001136481937457487
1542 0.00011316776840842159
1543 0.00011268896848152092
1544 0.000112211790586603
1545 0.00011173623134117033
1546 0.00011126228735874477
1547 0.00011078995524894048
1548 0.00011031923161753663
1549 0.00010985011306654978
1550 0.00010938259619430599
1551 0.00010891667759551266
1552 0.00010845235386132999
1553 0.00010798962157944243
1554 0.00010752847733412943
1555 0.00010706891770633632
1556 0.00010661093927374461
1557 0.0001061545386108422
1558 0.00010569971228899317
1559 0.00010524645687650733
1560 0.00010479476893870955
1561 0.00010434464503800878
1562 0.00010389608173396666
1563 0.000103449075583366
1564 0.00010300362314027896
1565 0.00010255972095613483
1566 0.00010211736557978766
1567 0.00010167655355758351
1568 0.0001012372814334275
1569 0.00010079954574885047
1570 0.0001003633430430755
1571 9.992866985308393e-05
1572 9.949552271368132e-05
1573 9.906389815756305e-05
1574 9.863379271537949e-05
1575 9.820520291580114e-05
1576 9.777812528558327e-05
1577 9.73525563496304e-05
1578 9.692849263106045e-05
1579 9.650593065126852e-05
1580 9.608486692999061e-05
1581 9.566529798536689e-05
1582 9.524722033400457e-05
1583 9.48306304910408e-05
1584 9.441552497020504e-05
1585 9.40019002838812e-05
1586 9.358975294316951e-05
1587 9.317907945794815e-05
1588 9.276987633693454e-05
1589 9.236214008774633e-05
1590 9.195586721696212e-05
1591 9.155105423018194e-05
1592 9.114769763208743e-05
1593 9.074579392650168e-05
1594 9.034533961644882e-05
1595 8.994633120421333e-05
1596 8.954876519139913e-05
1597 8.915263807898821e-05
1598 8.87579463673992e-05
1599 8.836468655654546e-05
1600 8.797285514589303e-05
1601 8.758244863451813e-05
1602 8.719346352116466e-05
1603 8.680589630430106e-05
1604 8.641974348217718e-05
1605 8.603500155288072e-05
1606 8.565166701439338e-05
1607 8.526973636464684e-05
1608 8.48892061015784e-05
1609 8.451007272318616e-05
1610 8.413233272758431e-05
1611 8.375598261305773e-05
1612 8.338101887811663e-05
1613 8.300743802155064e-05
1614 8.263523654248281e-05
1615 8.22644109404233e-05
1616 8.18949577153227e-05
1617 8.152687336762509e-05
1618 8.116015439832097e-05
1619 8.079479730899975e-05
1620 8.043079860190193e-05
1621 8.006815477997118e-05
1622 7.970686234690595e-05
1623 7.934691780721098e-05
1624 7.898831766624836e-05
1625 7.863105843028848e-05
1626 7.827513660656049e-05
1627 7.792054870330274e-05
1628 7.75672912298127e-05
1629 7.721536069649681e-05
1630 7.686475361491989e-05
1631 7.651546649785437e-05
1632 7.616749585932917e-05
1633 7.582083821467846e-05
1634 7.547549008058987e-05
1635 7.513144797515274e-05
1636 7.478870841790588e-05
1637 7.444726792988507e-05
1638 7.410712303367048e-05
1639 7.37682702534335e-05
1640 7.343070611498359e-05
1641 7.309442714581469e-05
1642 7.275942987515144e-05
1643 7.242571083399503e-05
1644 7.209326655516893e-05
1645 7.176209357336415e-05
1646 7.143218842518446e-05
1647 7.110354764919112e-05
1648 7.07761677859475e-05
1649 7.045004537806335e-05
1650 7.012517697023881e-05
1651 6.980155910930819e-05
1652 6.947918834428341e-05
1653 6.91580612263973e-05
1654 6.883817430914642e-05
1655 6.851952414833387e-05
1656 6.82021073021116e-05
1657 6.788592033102267e-05
1658 6.757095979804305e-05
1659 6.725722226862324e-05
1660 6.694470431072968e-05
1661 6.663340249488577e-05
1662 6.632331339421278e-05
1663 6.601443358447032e-05
1664 6.570675964409674e-05
1665 6.540028815424906e-05
1666 6.509501569884282e-05
1667 6.47909388645916e-05
1668 6.448805424104625e-05
1669 6.418635842063384e-05
1670 6.388584799869649e-05
1671 6.358651957352977e-05
1672 6.328836974642095e-05
1673 6.299139512168695e-05
1674 6.269559230671203e-05
1675 6.240095791198523e-05
1676 6.210748855113765e-05
1677 6.18151808409792e-05
1678 6.152403140153541e-05
1679 6.123403685608385e-05
1680 6.09451938311902e-05
1681 6.065749895674428e-05
1682 6.0370948865995616e-05
1683 6.008554019558889e-05
1684 5.980126958559908e-05
1685 5.951813367956636e-05
1686 5.923612912453076e-05
1687 5.8955252571066553e-05
1688 5.867550067331642e-05
1689 5.8396870089025326e-05
1690 5.81193574795742e-05
1691 5.7842959510013306e-05
1692 5.7567672849095436e-05
1693 5.729349416930879e-05
1694 5.702042014690962e-05
1695 5.6748447461954716e-05
1696 5.647757279833349e-05
1697 5.620779284379998e-05
1698 5.5939104290004435e-05
1699 5.567150383252487e-05
1700 5.540498817089817e-05
1701 5.513955400865108e-05
1702 5.4875198053330896e-05
1703 5.461191701653597e-05
1704 5.434970761394593e-05
1705 5.40885665653516e-05
1706 5.3828490594684865e-05
1707 5.3569476430048084e-05
1708 5.3311520803743425e-05
1709 5.305462045230188e-05
1710 5.279877211651205e-05
1711 5.2543972541448736e-05
1712 5.229021847650124e-05
1713 5.2037506675401494e-05
1714 5.178583389625187e-05
1715 5.153519690155285e-05
1716 5.128559245823041e-05
1717 5.103701733766316e-05
1718 5.078946831570927e-05
1719 5.05429421727332e-05
1720 5.029743569363216e-05
1721 5.005294566786233e-05
1722 4.9809468889464863e-05
1723 4.956700215709171e-05
1724 4.9325542274031146e-05
1725 4.9085086048233075e-05
1726 4.884563029233417e-05
1727 4.860717182368272e-05
1728 4.83697074643633e-05
1729 4.81332340412212e-05
1730 4.7897748385886586e-05
1731 4.766324733479854e-05
1732 4.742972772922877e-05
1733 4.7197186415305165e-05
1734 4.696562024403513e-05
1735 4.6735026071328655e-05
1736 4.650540075802118e-05
1737 4.627674116989628e-05
1738 4.6049044177708095e-05
1739 4.582230665720355e-05
1740 4.559652548914438e-05
1741 4.5371697559328865e-05
1742 4.514781975861348e-05
1743 4.49248889829342e-05
1744 4.4702902133327655e-05
1745 4.448185611595208e-05
1746 4.4261747842108046e-05
1747 4.4042574228258906e-05
1748 4.382433219605118e-05
1749 4.3607018672334564e-05
1750 4.339063058918188e-05
1751 4.317516488390869e-05
1752 4.296061849909278e-05
1753 4.2746988382593415e-05
1754 4.25342714875704e-05
1755 4.232246477250288e-05
1756 4.211156520120802e-05
1757 4.19015697428594e-05
1758 4.16924753720053e-05
1759 4.148427906858666e-05
1760 4.1276977817954925e-05
1761 4.1070568610889694e-05
1762 4.086504844361611e-05
1763 4.0660414317822096e-05
1764 4.045666324067535e-05
1765 4.025379222484023e-05
1766 4.005179828849428e-05
1767 3.9850678455344774e-05
1768 3.965042975464482e-05
1769 3.945104922120952e-05
1770 3.925253389543171e-05
1771 3.905488082329768e-05
1772 3.8858087056402566e-05
1773 3.8662149651965655e-05
1774 3.8467065672845433e-05
1775 3.8272832187554465e-05
1776 3.8079446270274064e-05
1777 3.788690500086882e-05
1778 3.769520546490089e-05
1779 3.75043447536441e-05
1780 3.731431996409791e-05
1781 3.712512819900113e-05
1782 3.6936766566845496e-05
1783 3.674923218188902e-05
1784 3.656252216416921e-05
1785 3.637663363951606e-05
1786 3.619156373956485e-05
1787 3.600730960176882e-05
1788 3.5823868369411614e-05
1789 3.5641237191619535e-05
1790 3.545941322337368e-05
1791 3.527839362552182e-05
1792 3.509817556479018e-05
1793 3.4918756213794946e-05
1794 3.474013275105369e-05
1795 3.456230236099658e-05
1796 3.438526223397736e-05
1797 3.420900956628427e-05
1798 3.40335415601507e-05
1799 3.3858855423765676e-05
1800 3.368494837128425e-05
1801 3.351181762283762e-05
1802 3.333946040454312e-05
1803 3.316787394851409e-05
1804 3.299705549286949e-05
1805 3.2827002281743394e-05
1806 3.265771156529429e-05
1807 3.2489180599714274e-05
1808 3.232140664723799e-05
1809 3.215438697615145e-05
1810 3.198811886080074e-05
1811 3.1822599581600394e-05
1812 3.1657826425041856e-05
1813 3.1493796683701524e-05
1814 3.133050765624881e-05
1815 3.1167956647453984e-05
1816 3.1006140968195797e-05
1817 3.084505793546905e-05
1818 3.0684704872391927e-05
1819 3.05250791082132e-05
1820 3.036617797831927e-05
1821 3.020799882424105e-05
1822 3.0050538993660697e-05
1823 2.989379584041818e-05
1824 2.973776672451771e-05
1825 2.958244901213398e-05
1826 2.942784007561832e-05
1827 2.92739372935046e-05
1828 2.9120738050515078e-05
1829 2.896823973756606e-05
1830 2.8816439751773376e-05
1831 2.8665335496457754e-05
1832 2.8514924381150033e-05
1833 2.8365203821596208e-05
1834 2.8216171239762373e-05
1835 2.8067824063839445e-05
1836 2.792015972824782e-05
1837 2.7773175673641842e-05
1838 2.7626869346914124e-05
1839 2.7481238201199742e-05
1840 2.733627969588029e-05
1841 2.719199129658777e-05
1842 2.7048370475208355e-05
1843 2.690541470988603e-05
1844 2.6763121485026053e-05
1845 2.6621488291298306e-05
1846 2.6480512625640505e-05
1847 2.6340191991261253e-05
1848 2.6200523897642983e-05
1849 2.606150586054476e-05
1850 2.5923135402004915e-05
1851 2.5785410050343586e-05
1852 2.5648327340165118e-05
1853 2.551188481236029e-05
1854 2.5376080014108463e-05
1855 2.524091049887958e-05
1856 2.5106373826436e-05
1857 2.4972467562834252e-05
1858 2.4839189280426633e-05
1859 2.470653655786267e-05
1860 2.457450698009048e-05
1861 2.4443098138357985e-05
1862 2.431230763021399e-05
1863 2.418213305950917e-05
1864 2.405257203639689e-05
1865 2.392362217733393e-05
1866 2.379528110508106e-05
1867 2.3667546448703553e-05
1868 2.354041584357148e-05
1869 2.341388693135996e-05
1870 2.328795736004926e-05
1871 2.3162624783924774e-05
1872 2.3037886863576893e-05
1873 2.2913741265900748e-05
1874 2.279018566409583e-05
1875 2.2667217737665512e-05
1876 2.2544835172416433e-05
1877 2.2423035660457767e-05
1878 2.2301816900200403e-05
1879 2.218117659635598e-05
1880 2.206111245993582e-05
1881 2.194162220824976e-05
1882 2.182270356490483e-05
1883 2.170435425980388e-05
1884 2.158657202914405e-05
1885 2.1469354615415144e-05
1886 2.1352699767397888e-05
1887 2.123660524016211e-05
1888 2.112106879506475e-05
1889 2.1006088199747827e-05
1890 2.089166122813626e-05
1891 2.07777856604356e-05
1892 2.0664459283129632e-05
1893 2.0551679888977925e-05
1894 2.0439445277013207e-05
1895 2.032775325253869e-05
1896 2.0216601627125276e-05
1897 2.0105988218608647e-05
1898 1.9995910851086288e-05
1899 1.9886367354914363e-05
1900 1.9777355566704522e-05
1901 1.9668873329320616e-05
1902 1.9560918491875275e-05
1903 1.9453488909726436e-05
1904 1.9346582444473718e-05
1905 1.9240196963954765e-05
1906 1.9134330342241432e-05
1907 1.9028980459635922e-05
1908 1.8924145202666792e-05
1909 1.8819822464084885e-05
1910 1.8716010142859177e-05
1911 1.8612706144172497e-05
1912 1.85099083794172e-05
1913 1.8407614766190715e-05
1914 1.8305823228290995e-05
1915 1.8204531695711924e-05
1916 1.810373810463859e-05
1917 1.8003440397442472e-05
1918 1.790363652267657e-05
1919 1.7804324435070407e-05
1920 1.770550209552498e-05
1921 1.760716747110761e-05
1922 1.7509318535046682e-05
1923 1.7411953266726352e-05
1924 1.7315069651681113e-05
1925 1.7218665681590332e-05
1926 1.7122739354272653e-05
1927 1.7027288673680346e-05
1928 1.6932311649893575e-05
1929 1.683780629911457e-05
1930 1.6743770643661738e-05
1931 1.6650202711963668e-05
1932 1.6557100538553076e-05
1933 1.6464462164060674e-05
1934 1.6372285635208928e-05
1935 1.6280569004805797e-05
1936 1.6189310331738338e-05
1937 1.609850768096626e-05
1938 1.6008159123515406e-05
1939 1.5918262736471142e-05
1940 1.5828816602971693e-05
1941 1.5739818812201394e-05
1942 1.565126745938387e-05
1943 1.5563160645775125e-05
1944 1.54754964786566e-05
1945 1.5388273071328115e-05
1946 1.5301488543100764e-05
1947 1.5215141019289747e-05
1948 1.5129228631207101e-05
1949 1.5043749516154399e-05
1950 1.4958701817415352e-05
1951 1.4874083684248357e-05
1952 1.4789893271878971e-05
1953 1.4706128741492327e-05
1954 1.4622788260225468e-05
1955 1.453987000115964e-05
1956 1.4457372143312484e-05
1957 1.4375292871630207e-05
1958 1.4293630376979647e-05
1959 1.4212382856140307e-05
1960 1.4131548511796304e-05
1961 1.4051125552528272e-05
1962 1.3971112192805184e-05
1963 1.3891506652976141e-05
1964 1.3812307159262078e-05
1965 1.3733511943747401e-05
1966 1.3655119244371603e-05
1967 1.3577127304920782e-05
1968 1.3499534375019123e-05
1969 1.3422338710120308e-05
1970 1.3345538571498888e-05
1971 1.3269132226241569e-05
1972 1.3193117947238477e-05
1973 1.3117494013174335e-05
1974 1.3042258708519608e-05
1975 1.2967410323521584e-05
1976 1.2892947154195394e-05
1977 1.2818867502314997e-05
1978 1.2745169675404087e-05
1979 1.2671851986726977e-05
1980 1.2598912755279408e-05
1981 1.2526350305779308e-05
1982 1.2454162968657518e-05
1983 1.2382349080048453e-05
1984 1.2310906981780713e-05
1985 1.2239835021367643e-05
1986 1.2169131551997863e-05
1987 1.2098794932525728e-05
1988 1.202882352746174e-05
1989 1.195921570696294e-05
1990 1.1889969846823218e-05
1991 1.1821084328463599e-05
1992 1.1752557538922474e-05
1993 1.1684387870845795e-05
1994 1.1616573722477216e-05
1995 1.154911349764819e-05
1996 1.148200560576803e-05
1997 1.1415248461813916e-05
1998 1.1348840486320878e-05
1999 1.1282780105371705e-05
2000 1.1217065750586853e-05
2001 1.1151695859114268e-05
2002 1.1086668873619212e-05
2003 1.1021983242274005e-05
2004 1.0957637418747772e-05
2005 1.0893629862196109e-05
2006 1.082995903725074e-05
2007 1.0766623414009116e-05
2008 1.0703621468023995e-05
2009 1.064095168029297e-05
2010 1.0578612537247955e-05
2011 1.0516602530744664e-05
2012 1.0454920158052011e-05
2013 1.0393563921841515e-05
2014 1.033253233017664e-05
2015 1.0271823896502123e-05
2016 1.0211437139633249e-05
2017 1.0151370583745099e-05
2018 1.0091622758361776e-05
2019 1.0032192198345582e-05
2020 9.973077443886167e-06
2021 9.914277040489653e-06
2022 9.855789538967716e-06
2023 9.797613495426647e-06
2024 9.739747471256375e-06
2025 9.682190033119466e-06
2026 9.62493975294008e-06
2027 9.567995207892924e-06
2028 9.511354980392143e-06
2029 9.455017658080207e-06
2030 9.398981833816759e-06
2031 9.343246105667446e-06
2032 9.287809076892705e-06
2033 9.232669355936542e-06
2034 9.177825556415264e-06
2035 9.123276297106214e-06
2036 9.06902020193644e-06
2037 9.015055899971385e-06
2038 8.96138202540351e-06
2039 8.907997217540926e-06
2040 8.85490012079598e-06
2041 8.80208938467383e-06
2042 8.749563663760986e-06
2043 8.697321617713842e-06
2044 8.645361911247178e-06
2045 8.593683214122633e-06
2046 8.54228420113718e-06
2047 8.491163552111543e-06
2048 8.440319951878634e-06
2049 8.389752090271944e-06
2050 8.339458662113912e-06
2051 8.289438367204296e-06
2052 8.239689910308504e-06
2053 8.19021200114592e-06
2054 8.141003354378196e-06
2055 8.092062689597548e-06
2056 8.043388731315011e-06
2057 7.994980208948697e-06
2058 7.946835856812023e-06
2059 7.898954414101927e-06
2060 7.85133462488707e-06
2061 7.80397523809601e-06
2062 7.756875007505388e-06
2063 7.710032691728065e-06
2064 7.663447054201271e-06
2065 7.617116863174721e-06
2066 7.571040891698735e-06
2067 7.525217917612326e-06
2068 7.479646723531293e-06
2069 7.4343260968362815e-06
2070 7.389254829660849e-06
2071 7.344431718879509e-06
2072 7.299855566095765e-06
2073 7.255525177630132e-06
2074 7.211439364508149e-06
2075 7.167596942448382e-06
2076 7.12399673185041e-06
2077 7.080637557782806e-06
2078 7.037518249971112e-06
2079 6.9946376427857915e-06
2080 6.951994575230186e-06
2081 6.90958789092846e-06
2082 6.867416438113527e-06
2083 6.8254790696149835e-06
2084 6.783774642847026e-06
2085 6.742302019796354e-06
2086 6.701060067010084e-06
2087 6.660047655583637e-06
2088 6.619263661148633e-06
2089 6.5787069638607745e-06
2090 6.538376448387719e-06
2091 6.49827100389696e-06
2092 6.458389524043684e-06
2093 6.418730906958635e-06
2094 6.379294055235973e-06
2095 6.340077875921129e-06
2096 6.30108128049864e-06
2097 6.26230318488001e-06
2098 6.223742509391539e-06
2099 6.185398178762161e-06
2100 6.147269122111284e-06
2101 6.1093542729366165e-06
2102 6.071652569102e-06
2103 6.03416295282523e-06
2104 5.9968843706658915e-06
2105 5.9598157735131694e-06
2106 5.922956116573683e-06
2107 5.886304359359299e-06
2108 5.8498594656749535e-06
2109 5.813620403606477e-06
2110 5.777586145508407e-06
2111 5.741755667991813e-06
2112 5.7061279519121145e-06
2113 5.6707019823569045e-06
2114 5.6354767486337674e-06
2115 5.6004512442581025e-06
2116 5.5656244669409555e-06
2117 5.530995418576832e-06
2118 5.496563105231538e-06
2119 5.46232653713e-06
2120 5.428284728644104e-06
2121 5.394436698280528e-06
2122 5.360781468668582e-06
2123 5.327318066548048e-06
2124 5.294045522757023e-06
2125 5.260962872219773e-06
2126 5.228069153934581e-06
2127 5.195363410961605e-06
2128 5.162844690410737e-06
2129 5.1305120434294745e-06
2130 5.098364525190784e-06
2131 5.066401194880982e-06
2132 5.034621115687615e-06
2133 5.003023354787343e-06
2134 4.971606983333838e-06
2135 4.9403710764456756e-06
2136 4.909314713194246e-06
2137 4.87843697659166e-06
2138 4.847736953578676e-06
2139 4.817213735012611e-06
2140 4.786866415655288e-06
2141 4.756694094160964e-06
2142 4.726695873064284e-06
2143 4.6968708587682325e-06
2144 4.667218161532099e-06
2145 4.6377368954594495e-06
2146 4.6084261784861026e-06
2147 4.579285132368123e-06
2148 4.550312882669815e-06
2149 4.521508558751732e-06
2150 4.492871293758689e-06
2151 4.464400224607789e-06
2152 4.436094491976462e-06
2153 4.407953240290503e-06
2154 4.37997561771213e-06
2155 4.352160776128052e-06
2156 4.3245078711375405e-06
2157 4.2970160620405175e-06
2158 4.269684511825652e-06
2159 4.2425123871584695e-06
2160 4.215498858369471e-06
2161 4.188643099442263e-06
2162 4.161944288001699e-06
2163 4.13540160530204e-06
2164 4.109014236215112e-06
2165 4.082781369218491e-06
2166 4.056702196383689e-06
2167 4.030775913364364e-06
2168 4.005001719384527e-06
2169 3.979378817226779e-06
2170 3.953906413220547e-06
2171 3.928583717230341e-06
2172 3.903409942644026e-06
2173 3.878384306361097e-06
2174 3.853506028780983e-06
2175 3.828774333791346e-06
2176 3.804188448756417e-06
2177 3.779747604505322e-06
2178 3.755451035320443e-06
2179 3.73129797892578e-06
2180 3.7072876764753335e-06
2181 3.6834193725415015e-06
2182 3.659692315103488e-06
2183 3.636105755535734e-06
2184 3.6126589485963543e-06
2185 3.589351152415597e-06
2186 3.5661816284843153e-06
2187 3.5431496416424575e-06
2188 3.520254460067569e-06
2189 3.497495355263314e-06
2190 3.4748716020480108e-06
2191 3.4523824785431873e-06
2192 3.430027266162145e-06
2193 3.4078052495985525e-06
2194 3.3857157168150395e-06
2195 3.3637579590318226e-06
2196 3.3419312707153404e-06
2197 3.320234949566904e-06
2198 3.298668296511372e-06
2199 3.2772306156858366e-06
2200 3.255921214428329e-06
2201 3.234739403266545e-06
2202 3.2136844959065836e-06
2203 3.1927558092217073e-06
2204 3.1719526632411213e-06
2205 3.1512743811387643e-06
2206 3.130720289222127e-06
2207 3.110289716921081e-06
2208 3.089981996776731e-06
2209 3.0697964644302823e-06
2210 3.0497324586119318e-06
2211 3.029789321129771e-06
2212 3.009966396858715e-06
2213 2.9902630337294453e-06
2214 2.970678582717376e-06
2215 2.9512123978316354e-06
2216 2.931863836104069e-06
2217 2.9126322575782633e-06
2218 2.8935170252985873e-06
2219 2.874517505299254e-06
2220 2.8556330665934018e-06
2221 2.836863081162197e-06
2222 2.8182069239439557e-06
2223 2.7996639728232832e-06
2224 2.78123360862024e-06
2225 2.7629152150795204e-06
2226 2.7447081788596584e-06
2227 2.7266118895222493e-06
2228 2.7086257395211947e-06
2229 2.6907491241919676e-06
2230 2.6729814417408963e-06
2231 2.6553220932344738e-06
2232 2.6377704825886826e-06
2233 2.620326016558345e-06
2234 2.6029881047264925e-06
2235 2.5857561594937564e-06
2236 2.5686295960677818e-06
2237 2.55160783245266e-06
2238 2.534690289438384e-06
2239 2.5178763905903267e-06
2240 2.501165562238739e-06
2241 2.4845572334682695e-06
2242 2.468050836107508e-06
2243 2.4516458047185496e-06
2244 2.4353415765865786e-06
2245 2.4191375917094815e-06
2246 2.4030332927874723e-06
2247 2.387028125212749e-06
2248 2.3711215370591654e-06
2249 2.3553129790719316e-06
2250 2.3396019046573307e-06
2251 2.323987769872464e-06
2252 2.3084700334150115e-06
2253 2.2930481566130245e-06
2254 2.277721603414732e-06
2255 2.2624898403783734e-06
2256 2.2473523366620572e-06
2257 2.2323085640136367e-06
2258 2.217357996760612e-06
2259 2.202500111800056e-06
2260 2.1877343885885596e-06
2261 2.1730603091322035e-06
2262 2.1584773579765533e-06
2263 2.143985022196675e-06
2264 2.1295827913871744e-06
2265 2.1152701576522636e-06
2266 2.1010466155958454e-06
2267 2.0869116623116264e-06
2268 2.0728647973732486e-06
2269 2.058905522824448e-06
2270 2.0450333431692353e-06
2271 2.0312477653621033e-06
2272 2.017548298798252e-06
2273 2.0039344553038415e-06
2274 1.99040574912627e-06
2275 1.9769616969244728e-06
2276 1.963601817759244e-06
2277 1.950325633083588e-06
2278 1.9371326667330877e-06
2279 1.9240224449163014e-06
2280 1.9109944962051835e-06
2281 1.8980483515255276e-06
2282 1.8851835441474324e-06
2283 1.8723996096757976e-06
2284 1.8596960860408367e-06
2285 1.8470725134886186e-06
2286 1.8345284345716337e-06
2287 1.822063394139381e-06
2288 1.8096769393289816e-06
2289 1.7973686195558183e-06
2290 1.7851379865041953e-06
2291 1.7729845941180264e-06
2292 1.760907998591545e-06
2293 1.7489077583600401e-06
2294 1.7369834340906161e-06
2295 1.7251345886729775e-06
2296 1.7133607872102377e-06
2297 1.701661597009753e-06
2298 1.6900365875739804e-06
2299 1.6784853305913608e-06
2300 1.6670073999272264e-06
2301 1.6556023716147334e-06
2302 1.6442698238458191e-06
2303 1.6330093369621825e-06
2304 1.6218204934462917e-06
2305 1.6107028779124153e-06
2306 1.5996560770976768e-06
2307 1.5886796798531377e-06
2308 1.577773277134902e-06
2309 1.5669364619952455e-06
2310 1.556168829573773e-06
2311 1.5454699770885979e-06
2312 1.5348395038275465e-06
2313 1.5242770111393883e-06
2314 1.5137821024250916e-06
2315 1.503354383129102e-06
2316 1.4929934607306489e-06
2317 1.4826989447350725e-06
2318 1.4724704466651807e-06
2319 1.4623075800526274e-06
2320 1.4522099604293178e-06
2321 1.4421772053188367e-06
2322 1.4322089342279044e-06
2323 1.4223047686378548e-06
2324 1.4124643319961412e-06
2325 1.4026872497078641e-06
2326 1.3929731491273268e-06
2327 1.383321659549615e-06
2328 1.3737324122021998e-06
2329 1.364205040236569e-06
2330 1.3547391787198797e-06
2331 1.3453344646266394e-06
2332 1.335990536830409e-06
2333 1.3267070360955341e-06
2334 1.3174836050688979e-06
2335 1.3083198882717006e-06
2336 1.299215532091266e-06
2337 1.290170184772868e-06
2338 1.2811834964115877e-06
2339 1.272255118944192e-06
2340 1.2633847061410374e-06
2341 1.2545719135980003e-06
2342 1.2458163987284314e-06
2343 1.2371178207551352e-06
2344 1.228475840702374e-06
2345 1.219890121387897e-06
2346 1.2113603274149967e-06
2347 1.2028861251645848e-06
2348 1.1944671827872995e-06
2349 1.1861031701956327e-06
2350 1.1777937590560847e-06
2351 1.1695386227813433e-06
2352 1.1613374365224877e-06
2353 1.1531898771612163e-06
2354 1.1450956233021015e-06
2355 1.1370543552648672e-06
2356 1.129065755076693e-06
2357 1.121129506464541e-06
2358 1.11324529484751e-06
2359 1.1054128073292123e-06
2360 1.0976317326901766e-06
2361 1.0899017613802749e-06
2362 1.0822225855111751e-06
2363 1.074593898848817e-06
2364 1.0670153968059142e-06
2365 1.0594867764344803e-06
2366 1.0520077364183792e-06
2367 1.0445779770659006e-06
2368 1.0371972003023611e-06
2369 1.0298651096627273e-06
2370 1.0225814102842658e-06
2371 1.0153458088992178e-06
2372 1.0081580138274963e-06
2373 1.00101773496941e-06
2374 9.9392468379841e-07
2375 9.868785733538621e-07
2376 9.798791182338433e-07
2377 9.729260345879627e-07
2378 9.660190401102057e-07
2379 9.59157854031806e-07
2380 9.523421971141363e-07
2381 9.455717916416297e-07
2382 9.388463614147205e-07
2383 9.321656317428114e-07
2384 9.255293294372654e-07
2385 9.189371828044204e-07
2386 9.123889216386296e-07
2387 9.058842772153243e-07
2388 8.994229822841024e-07
2389 8.93004771061841e-07
2390 8.866293792258317e-07
2391 8.802965439069403e-07
2392 8.740060036827931e-07
2393 8.677574985709826e-07
2394 8.615507700223018e-07
2395 8.553855609139988e-07
2396 8.492616155430577e-07
2397 8.43178679619502e-07
2398 8.371365002597229e-07
2399 8.311348259798305e-07
2400 8.251734066890288e-07
2401 8.192519936830156e-07
2402 8.133703396374044e-07
2403 8.075281986011712e-07
2404 8.017253259901247e-07
2405 7.959614785804003e-07
2406 7.902364145019762e-07
2407 7.845498932322155e-07
2408 7.789016755894295e-07
2409 7.732915237264661e-07
2410 7.677192011243208e-07
2411 7.62184472585771e-07
2412 7.566871042290344e-07
2413 7.512268634814495e-07
2414 7.458035190731811e-07
2415 7.404168410309469e-07
2416 7.350666006717697e-07
2417 7.297525705967503e-07
2418 7.244745246848654e-07
2419 7.192322380867881e-07
2420 7.140254872187307e-07
2421 7.088540497563116e-07
2422 7.037177046284438e-07
2423 6.986162320112485e-07
2424 6.935494133219889e-07
2425 6.88517031213029e-07
2426 6.835188695658141e-07
2427 6.785547134848746e-07
2428 6.736243492918517e-07
2429 6.68727564519547e-07
2430 6.638641479059939e-07
2431 6.590338893885519e-07
2432 6.542365800980225e-07
2433 6.494720123527896e-07
2434 6.447399796529809e-07
2435 6.400402766746514e-07
2436 6.353726992639907e-07
2437 6.307370444315512e-07
2438 6.261331103465e-07
2439 6.215606963308914e-07
2440 6.170196028539634e-07
2441 6.125096315264548e-07
2442 6.080305850949451e-07
2443 6.035822674362169e-07
2444 5.991644835516395e-07
2445 5.947770395615746e-07
2446 5.90419742699805e-07
2447 5.860924013079834e-07
2448 5.817948248301044e-07
2449 5.775268238069982e-07
2450 5.732882098708451e-07
2451 5.690787957397131e-07
2452 5.648983952121154e-07
2453 5.607468231615916e-07
2454 5.566238955313084e-07
2455 5.525294293286834e-07
2456 5.484632426200296e-07
2457 5.444251545252213e-07
2458 5.404149852123814e-07
2459 5.364325558925906e-07
2460 5.324776888146168e-07
2461 5.285502072596672e-07
2462 5.246499355361598e-07
2463 5.207766989745174e-07
2464 5.169303239219821e-07
2465 5.131106377374514e-07
2466 5.093174687863339e-07
2467 5.055506464354275e-07
2468 5.01810001047818e-07
2469 4.98095363977798e-07
2470 4.944065675658067e-07
2471 4.907434451333912e-07
2472 4.871058309781882e-07
2473 4.834935603689252e-07
2474 4.799064695404438e-07
2475 4.7634439568874276e-07
2476 4.728071769660417e-07
2477 4.6929465247586526e-07
2478 4.6580666226814747e-07
2479 4.6234304733435666e-07
2480 4.5890364960264056e-07
2481 4.5548831193299157e-07
2482 4.5209687811243244e-07
2483 4.4872919285022145e-07
2484 4.4538510177307867e-07
2485 4.4206445142043134e-07
2486 4.3876708923967955e-07
2487 4.354928635814819e-07
2488 4.322416236950609e-07
2489 4.2901321972352843e-07
2490 4.2580750269923053e-07
2491 4.226243245391122e-07
2492 4.19463538040102e-07
2493 4.163249968745157e-07
2494 4.1320855558548016e-07
2495 4.101140695823762e-07
2496 4.07041395136301e-07
2497 4.0399038937555036e-07
2498 4.0096091028111947e-07
2499 3.979528166822236e-07
2500 3.949659682518381e-07
2501 3.92000225502257e-07
2502 3.890554497806711e-07
2503 3.861315032647654e-07
2504 3.8322824895833474e-07
2505 3.803455506869195e-07
2506 3.774832730934592e-07
2507 3.746412816339657e-07
2508 3.7181944257321466e-07
2509 3.690176229804563e-07
2510 3.662356907251443e-07
2511 3.6347351447268367e-07
2512 3.6073096368019734e-07
2513 3.58007908592311e-07
2514 3.5530422023695653e-07
2515 3.526197704211938e-07
2516 3.4995443172705117e-07
2517 3.473080775073837e-07
2518 3.446805818817506e-07
2519 3.4207181973230945e-07
2520 3.3948166669973045e-07
2521 3.3690999917912684e-07
2522 3.3435669431600487e-07
2523 3.3182163000223114e-07
2524 3.293046848720177e-07
2525 3.268057382979256e-07
2526 3.243246703868859e-07
2527 3.2186136197623836e-07
2528 3.194156946297884e-07
2529 3.16987550633881e-07
2530 3.14576812993493e-07
2531 3.1218336542834235e-07
2532 3.09807092369015e-07
2533 3.0744787895310984e-07
2534 3.051056110214e-07
2535 3.0278017511401245e-07
2536 3.004714584666244e-07
2537 2.9817934900667706e-07
2538 2.9590373534960654e-07
2539 2.936445067950922e-07
2540 2.914015533233215e-07
2541 2.891747655912725e-07
2542 2.869640349290127e-07
2543 2.8476925333601545e-07
2544 2.825903134774927e-07
2545 2.804271086807451e-07
2546 2.78279532931528e-07
2547 2.7614748087043526e-07
2548 2.740308477892987e-07
2549 2.719295296276048e-07
2550 2.698434229689276e-07
2551 2.6777242503737843e-07
2552 2.657164336940714e-07
2553 2.6367534743360633e-07
2554 2.6164906538056683e-07
2555 2.596374872860355e-07
2556 2.57640513524125e-07
2557 2.5565804508852543e-07
2558 2.536899835890675e-07
2559 2.517362312483021e-07
2560 2.497966908980959e-07
2561 2.4787126597624247e-07
2562 2.459598605230899e-07
2563 2.4406237917818347e-07
2564 2.421787271769251e-07
2565 2.403088103472476e-07
2566 2.384525351063051e-07
2567 2.3660980845717912e-07
2568 2.347805379855999e-07
2569 2.3296463185668354e-07
2570 2.311619988116846e-07
2571 2.2937254816476376e-07
2572 2.2759618979977125e-07
2573 2.2583283416704537e-07
2574 2.2408239228022637e-07
2575 2.2234477571308536e-07
2576 2.2061989659636855e-07
2577 2.1890766761465645e-07
2578 2.1720800200323818e-07
2579 2.1552081354500074e-07
2580 2.1384601656733314e-07
2581 2.1218352593904557e-07
2582 2.1053325706730326e-07
2583 2.0889512589457508e-07
2584 2.0726904889559704e-07
2585 2.0565494307435038e-07
2586 2.04052725961054e-07
2587 2.0246231560917197e-07
2588 2.008836305924351e-07
2589 1.9931659000187716e-07
2590 1.9776111344288553e-07
2591 1.9621712103226608e-07
2592 1.946845333953225e-07
2593 1.9316327166294968e-07
2594 1.9165325746874145e-07
2595 1.9015441294611244e-07
2596 1.8866666072543402e-07
2597 1.8718992393118412e-07
2598 1.8572412617911124e-07
2599 1.842691915734124e-07
2600 1.828250447039248e-07
2601 1.813916106433314e-07
2602 1.7996881494438043e-07
2603 1.7855658363711828e-07
2604 1.771548432261364e-07
2605 1.757635206878316e-07
2606 1.743825434676802e-07
2607 1.7301183947752527e-07
2608 1.716513370928777e-07
2609 1.7030096515023068e-07
2610 1.6896065294438724e-07
2611 1.6763033022580152e-07
2612 1.6630992719793292e-07
2613 1.6499937451461382e-07
2614 1.6369860327743008e-07
2615 1.6240754503311504e-07
2616 1.6112613177095632e-07
2617 1.598542959202158e-07
2618 1.5859197034756244e-07
2619 1.5733908835451802e-07
2620 1.5609558367491585e-07
2621 1.5486139047237215e-07
2622 1.5363644333777043e-07
2623 1.5242067728675817e-07
2624 1.5121402775725665e-07
2625 1.5001643060698297e-07
2626 1.4882782211098504e-07
2627 1.4764813895918858e-07
2628 1.4647731825395714e-07
2629 1.453152975076641e-07
2630 1.4416201464027733e-07
2631 1.4301740797695585e-07
2632 1.4188141624565914e-07
2633 1.407539785747684e-07
2634 1.3963503449072005e-07
2635 1.3852452391565135e-07
2636 1.3742238716505816e-07
2637 1.3632856494546454e-07
2638 1.3524299835210464e-07
2639 1.341656288666162e-07
2640 1.3309639835474606e-07
2641 1.3203524906406751e-07
2642 1.3098212362170953e-07
2643 1.2993696503209743e-07
2644 1.2889971667470565e-07
2645 1.2787032230182166e-07
2646 1.2684872603632198e-07
2647 1.2583487236945941e-07
2648 1.2482870615866182e-07
2649 1.2383017262534243e-07
2650 1.2283921735272154e-07
2651 1.218557862836595e-07
2652 1.20879825718501e-07
2653 1.1991128231293083e-07
2654 1.1895010307584048e-07
2655 1.1799623536720624e-07
2656 1.1704962689597832e-07
2657 1.1611022571798093e-07
2658 1.1517798023382355e-07
2659 1.1425283918682306e-07
2660 1.1333475166093699e-07
2661 1.1242366707870728e-07
2662 1.1151953519921547e-07
2663 1.1062230611604802e-07
2664 1.0973193025527298e-07
2665 1.088483583734269e-07
2666 1.0797154155551273e-07
2667 1.0710143121300818e-07
2668 1.0623797908188466e-07
2669 1.0538113722063679e-07
2670 1.0453085800832232e-07
2671 1.0368709414261263e-07
2672 1.028497986378534e-07
2673 1.0201892482313587e-07
2674 1.011944263403782e-07
2675 1.0037625714241717e-07
2676 9.956437149111017e-08
2677 9.875872395544719e-08
2678 9.795926940967309e-08
2679 9.716596303141985e-08
2680 9.63787602998489e-08
2681 9.559761699380346e-08
2682 9.48224891899708e-08
2683 9.40533332610544e-08
2684 9.329010587395594e-08
2685 9.253276398796726e-08
2686 9.178126485297194e-08
2687 9.10355660076566e-08
2688 9.029562527773209e-08
2689 8.956140077416403e-08
2690 8.883285089141325e-08
2691 8.81099343056856e-08
2692 8.739260997319135e-08
2693 8.668083712841403e-08
2694 8.597457528238877e-08
2695 8.527378422098997e-08
2696 8.45784240032283e-08
2697 8.38884549595572e-08
2698 8.320383769018832e-08
2699 8.252453306341645e-08
2700 8.185050221395364e-08
2701 8.118170654127217e-08
2702 8.051810770795702e-08
2703 7.98596676380671e-08
2704 7.920634851550562e-08
2705 7.855811278239949e-08
2706 7.791492313748748e-08
2707 7.727674253451751e-08
2708 7.664353418065258e-08
2709 7.601526153488568e-08
2710 7.539188830646337e-08
2711 7.477337845331818e-08
2712 7.41596961805096e-08
2713 7.355080593867387e-08
2714 7.294667242248219e-08
2715 7.234726056910779e-08
2716 7.175253555670116e-08
2717 7.116246280287416e-08
2718 7.057700796319236e-08
2719 6.99961369296758e-08
2720 6.941981582930825e-08
2721 6.884801102255474e-08
2722 6.828068910188734e-08
2723 6.771781689031937e-08
2724 6.715936143994761e-08
2725 6.660529003050287e-08
2726 6.60555701679087e-08
2727 6.551016958284803e-08
2728 6.496905622933819e-08
2729 6.443219828331362e-08
2730 6.389956414121687e-08
2731 6.33711224185974e-08
2732 6.284684194871826e-08
2733 6.232669178117088e-08
2734 6.181064118049742e-08
2735 6.129865962482114e-08
2736 6.079071680448444e-08
2737 6.028678262069467e-08
2738 5.978682718417764e-08
2739 5.929082081383882e-08
2740 5.879873403543201e-08
2741 5.8310537580235846e-08
2742 5.7826202383737665e-08
2743 5.7345699584324973e-08
2744 5.686900052198437e-08
2745 5.63960767370079e-08
2746 5.592689996870688e-08
2747 5.546144215413298e-08
2748 5.4999675426806775e-08
2749 5.4541572115453505e-08
2750 5.408710474274613e-08
2751 5.3636246024055647e-08
2752 5.318896886620852e-08
2753 5.274524636625139e-08
2754 5.230505181022278e-08
2755 5.1868358671932e-08
2756 5.143514061174506e-08
2757 5.1005371475377576e-08
2758 5.057902529269475e-08
2759 5.015607627651821e-08
2760 4.9736498821439836e-08
2761 4.932026750264243e-08
2762 4.8907357074727265e-08
2763 4.849774247054843e-08
2764 4.809139880005398e-08
2765 4.76883013491338e-08
2766 4.7288425578474275e-08
2767 4.689174712241952e-08
2768 4.6498241787839325e-08
2769 4.6107885553003755e-08
2770 4.5720654566464274e-08
2771 4.533652514594142e-08
2772 4.495547377721907e-08
2773 4.457747711304511e-08
2774 4.420251197203857e-08
2775 4.3830555337603256e-08
2776 4.34615843568477e-08
2777 4.3095576339511466e-08
2778 4.2732508756897834e-08
2779 4.237235924081273e-08
2780 4.201510558250994e-08
2781 4.1660725731642536e-08
2782 4.130919779522057e-08
2783 4.096050003657481e-08
2784 4.061461087432672e-08
2785 4.027150888136452e-08
2786 3.9931172783825295e-08
2787 3.959358146008317e-08
2788 3.92587139397435e-08
2789 3.892654940264301e-08
2790 3.8597067177855925e-08
2791 3.8270246742706034e-08
2792 3.794606772178458e-08
2793 3.762450988597406e-08
2794 3.730555315147787e-08
2795 3.6989177578855674e-08
2796 3.667536337206468e-08
2797 3.6364090877506476e-08
2798 3.605534058307977e-08
2799 3.574909311723865e-08
2800 3.544532924805662e-08
