0 0.0
1 0.001
2 0.001998
3 0.002991006
4 0.003976043976
5 0.00495017475012
6 0.005910508651643279
7 0.0068542198663556556
8 0.007778560374047046
9 0.008680873377436504
10 0.009558606130043973
11 0.010409322075617886
12 0.011230712217584825
13 0.012020605643554958
14 0.012776979137126339
15 0.013497965817007037
16 0.014181862751735394
17 0.014827137506939356
18 0.015432433591046176
19 0.015996574774541084
20 0.016518568267184005
21 0.01699760674693234
22 0.017433069243591844
23 0.017824520889334314
24 0.018171711557091783
25 0.018474573416376646
26 0.01873321744420592
27 0.018947928936451044
28 0.0191191620720249
29 0.01924753358879421
30 0.019333815635916386
31 0.01937892787240019
32 0.01938392888604468
33 0.0193500070104941
34 0.019278470620940152
35 0.019170737990999605
36 0.019028326794495034
37 0.01885284333627913
38 0.01864597159588645
39 0.01840946216669652
40 0.018145121171482415
41 0.017854799232738697
42 0.01754038057307925
43 0.01720377231731968
44 0.01684689406366737
45 0.01647166778679478
46 0.016080008130530992
47 0.01567381314253801
48 0.015254955497707634
49 0.014825274251188868
50 0.014386567156000625
51 0.013940583574164606
52 0.013489018004272059
53 0.013033504242435484
54 0.012575610187729543
55 0.012116833297547558
56 0.011658596692840304
57 0.01120224590800627
58 0.010749046275306928
59 0.010300180929120835
60 0.009856749411155292
61 0.009419766853927408
62 0.008990163716425342
63 0.008568786042878048
64 0.008156396213004936
65 0.007753674149987817
66 0.007361218950703818
67 0.006979550901471871
68 0.00660911384168629
69 0.006250277837222969
70 0.005903342125388709
71 0.005568538293420234
72 0.005246033653102713
73 0.004935934774941529
74 0.004638291146458069
75 0.004353098920560985
76 0.004080304721539163
77 0.0038198094780009005
78 0.003571472254015544
79 0.003335114051769028
80 0.0031105215611942024
81 0.0028974508342523996
82 0.0026956308637974364
83 0.00250476704922173
84 0.0023245445333427883
85 0.0021546313972151134
86 0.0019946817017277327
87 0.0018443383669533237
88 0.001703235882235607
89 0.001571002841923861
90 0.0014472643034757011
91 0.0013316439663424756
92 0.0012237661716185556
93 0.001123257723871275
94 0.0010297495378690019
95 0.0009428781140892021
96 0.0008622868479165252
97 0.0007876271783344193
98 0.0007185595826755269
99 0.0006547544246301959
100 0.0005958926632240471
101 0.0005416664308706588
102 0.000491779488890868
103 0.00044594756907325437
104 0.00040389860993889087
105 0.0003653728963754889
106 0.00033012311122992987
107 0.0002979143073021947
108 0.00026852380797619496
109 0.0002417410444621249
110 0.0002173673373186501
111 0.0001952156295791768
112 0.00017511017843188715
113 0.0001568862120050829
114 0.00014038955739407056
115 0.0001254762456393145
116 0.00011201209893332195
117 9.987230490065194e-05
118 8.894098236597032e-05
119 7.911074260311452e-05
120 7.028224964706947e-05
121 6.236378285349965e-05
122 5.5270804509451195e-05
123 4.892553493601371e-05
124 4.3256537180663565e-05
125 3.819831307486017e-05
126 3.3690912132026665e-05
127 2.96795544827833e-05
128 2.6114268788379037e-05
129 2.294954583958735e-05
130 2.0144008336561827e-05
131 1.7660097154753474e-05
132 1.54637742322707e-05
133 1.3524242064168626e-05
134 1.1813679658127689e-05
135 1.0306994692773941e-05
136 8.981591523392049e-06
137 7.817154598829926e-06
138 6.795446786810593e-06
139 5.900122051464287e-06
140 5.116551885492843e-06
141 4.431664868820444e-06
142 3.833798704744539e-06
143 3.312564072393849e-06
144 2.8587196296921684e-06
145 2.4640575030374435e-06
146 2.1212986076149244e-06
147 1.823997154813441e-06
148 1.5664537198113471e-06
149 1.3436362623149385e-06
150 1.1511085160033685e-06
151 9.849651868602156e-07
152 8.417734267148152e-07
153 7.185200754979407e-07
154 6.125641935150352e-07
