0 0.0
1 0.00017782794100389227
2 0.0003555926364545812
3 0.0005331992517627411
4 0.0007105530647833118
5 0.0008875595500367176
6 0.0010641244627202528
7 0.001240153922405053
8 0.0014155544963145243
9 0.0015902332820807142
10 0.0017640979898758888
11 0.0019370570238175216
12 0.0021090195625460104
13 0.0022798956388756994
14 0.0024495962184212126
15 0.002618033277102679
16 0.002785119877435175
17 0.002950770243509567
18 0.0031148998345739923
19 0.0032774254171273613
20 0.0034382651354385803
21 0.003597338580407638
22 0.003754566856687256
23 0.003909872647986495
24 0.004063180280480537
25 0.004214415784253756
26 0.004363506952706255
27 0.004510383399857147
28 0.004654976615481121
29 0.004797220018018116
30 0.004937049005199371
31 0.0050744010023365555
32 0.005209215508224283
33 0.0053414341386098805
34 0.005471000667188001
35 0.005597861064081367
36 0.005721963531772696
37 0.005843258538456711
38 0.005961698848784895
39 0.006077239551979601
40 0.006189838087297926
41 0.006299454266829697
42 0.006406050295617756
43 0.006509590789092679
44 0.006610042787817861
45 0.0067073757695448035
46 0.006801561658582248
47 0.00689257483248662
48 0.0069803921260849335
49 0.007064992832845145
50 0.007146358703612461
51 0.00722447394273384
52 0.007299325201596373
53 0.007370901569608773
54 0.007439194562658537
55 0.007504198109080719
56 0.007565908533177474
57 0.007624324536330613
58 0.0076794471757525755
59 0.007731279840924059
60 0.007779828227769468
61 0.007825100310624025
62 0.00786710631204907
63 0.007905858670554515
64 0.007941372006289889
65 0.007973663084767577
66 0.008002750778684117
67 0.008028656027907323
68 0.008051401797698969
69 0.008071013035244481
70 0.008087516624562703
71 0.008100941339870337
72 0.008111317797476928
73 0.008118678406287543
74 0.00812305731699136
75 0.008124490370015279
76 0.008123015042322513
77 0.008118670393136747
78 0.008111497008673033
79 0.008101536945956863
80 0.008088833675813279
81 0.008073432025107826
82 0.008055378118321296
83 0.008034719318539931
84 0.008011504167942603
85 0.007985782327865974
86 0.007957604518528217
87 0.007927022458491159
88 0.007894088803939985
89 0.00785885708785873
90 0.007821381659178853
91 0.007781717621976973
92 0.007739920774796789
93 0.007696047550168755
94 0.007650154954399768
95 0.007602300507703578
96 0.007552542184741076
97 0.007500938355637881
98 0.007447547727544949
99 0.007392429286806061
100 0.007335642241794132
101 0.007277245966476333
102 0.007217299944765943
103 0.007155863715716808
104 0.0070929968196140475
105 0.0070287587450125295
106 0.006963208876772339
107 0.006896406445138209
108 0.006828410475907535
109 0.00675927974172926
110 0.006689072714573555
111 0.0066178475194097934
112 0.006545661889127917
113 0.006472573120735879
114 0.006398638032863419
115 0.006323912924599937
116 0.0062484535356919085
117 0.006172315008122735
118 0.006095551849095606
119 0.006018217895437489
120 0.005940366279440003
121 0.005862049396150575
122 0.005783318872124931
123 0.005704225535649668
124 0.005624819388441399
125 0.005545149578826714
126 0.0054652643764049975
127 0.005385211148194001
128 0.0053050363362559735
129 0.00522478543680006
130 0.005144502980754707
131 0.00506423251580183
132 0.0049840165898626335
133 0.004903896736023087
134 0.004823913458885335
135 0.004744106222329557
136 0.004664513438669165
137 0.004585172459180612
138 0.00450611956598761
139 0.00442738996527802
140 0.004349017781830391
141 0.00427103605482571
142 0.0041934767349187455
143 0.00411637068254217
144 0.004039747667415518
145 0.0039636363692300515
146 0.0038880643794795854
147 0.003813058204406492
148 0.0037386432690312337
149 0.0036648439222330613
150 0.003591683442848811
151 0.0035191840467561535
152 0.003447366894907077
153 0.0033762521022769427
154 0.0033058587476940396
155 0.0032362048845142244
156 0.0031673075521049744
157 0.0030991827881029542
158 0.00303184564140909
159 0.0029653101858850128
160 0.002899589534714766
161 0.002834695855395657
162 0.0027706403853222706
163 0.0027074334479277795
164 0.0026450844693468993
165 0.0025836019955651005
166 0.002522993710018965
167 0.002463266451612956
168 0.0024044262331182464
169 0.002346478259919698
170 0.0022894269490775594
171 0.0022332759486709828
172 0.0021780281573910085
173 0.0021236857443512635
174 0.002070250169085252
175 0.0020177222016997598
176 0.001966101943154615
177 0.0019153888456397146
178 0.0018655817330210196
179 0.0018166788213279362
180 0.0017686777392553234
181 0.0017215755486541448
182 0.0016753687649856152
183 0.00163005337771452
184 0.0015856248706182408
185 0.00154207824198887
186 0.001499408024706675
187 0.0014576083061640381
188 0.0014166727480198842
189 0.0013765946057654988
190 0.001337366748083508
191 0.001298981675982699
192 0.001261431541692231
193 0.001224708167299681
194 0.0011888030631182372
195 0.0011537074457692329
196 0.0011194122559670828
197 0.0010859081759945328
198 0.0010531856468569926
199 0.0010212348851055522
200 0.0009900458993191141
201 0.0009596085062368814
202 0.0009299123465332489
203 0.0009009469002279198
204 0.0008727015017248485
205 0.0008451653544743548
206 0.0008183275452534951
207 0.0007921770580604911
208 0.0007667027876197153
209 0.0007418935524944099
210 0.000717738107804981
211 0.0006942251575513392
212 0.0006713433665383882
213 0.0006490813719043494
214 0.0006274277942521941
215 0.0006063712483850083
216 0.0005859003536466443
217 0.0005660037438695288
218 0.0005466700769319861
219 0.0005278880439278971
220 0.0005096463779519662
221 0.0004919338625042875
222 0.00047473933951830335
223 0.00045805171701662956
224 0.0004418599763995735
225 0.00042615317937151674
226 0.0004109204745106396
227 0.0003961511034877645
228 0.0003818344069403661
229 0.00036795983000804976
230 0.0003545169275360321
231 0.0003414953689533718
232 0.00032888494283289036
233 0.0003166755611399018
234 0.0003048572631770213
235 0.00029342021923246705
236 0.0002823547339393872
237 0.00027165124935385026
238 0.00026130034775922334
239 0.00025129275420473634
240 0.00024161933878608568
241 0.0002322711186759723
242 0.00022323925991249712
243 0.00021451507895334956
244 0.00020609004400372522
245 0.00019795577612589626
246 0.0001901040501383331
247 0.00018252679531224002
248 0.00017521609587331985
249 0.0001681641913165247
250 0.00016136347654148247
251 0.00015480650181621137
252 0.00014848597257664868
253 0.00014239474906942577
254 0.00013652584584521925
255 0.00013087243110989865
256 0.00012542782594057502
257 0.00012018550337353238
258 0.00011513908737089577
259 0.00011028235167275657
260 0.00010560921854133699
261 0.00010111375740363346
262 9.67901833988324e-05
263 9.263285583664147e-05
264 8.863627657252638e-05
265 8.479508830568888e-05
266 8.11040728054621e-05
267 7.755814907164125e-05
268 7.415237143410564e-05
269 7.088192759692629e-05
270 6.774213663198988e-05
271 6.472844692700691e-05
272 6.18364340926078e-05
273 5.9061798833067426e-05
274 5.640036478503563e-05
275 5.3848076328488665e-05
276 5.140099637395542e-05
277 4.905530412991201e-05
278 4.680729285407954e-05
279 4.4653367592202805e-05
280 4.259004290773248e-05
281 4.061394060568012e-05
282 3.87217874537642e-05
283 3.691041290381695e-05
284 3.517674681627544e-05
285 3.351781719043704e-05
286 3.193074790301864e-05
287 3.041275645742107e-05
288 2.8961151745965744e-05
289 2.757333182723828e-05
290 2.6246781720545774e-05
291 2.4979071219368838e-05
292 2.3767852725567503e-05
293 2.2610859105981452e-05
294 2.1505901572949795e-05
295 2.0450867590163596e-05
296 1.9443718805156107e-05
297 1.8482489009630583e-05
298 1.756528212872413e-05
299 1.669027024020801e-05
300 1.5855691624530304e-05
301 1.5059848846515756e-05
302 1.4301106869449941e-05
303 1.3577891202190769e-05
304 1.2888686079869436e-05
305 1.223203267866546e-05
306 1.1606527365066356e-05
307 1.1010819979951499e-05
308 1.0443612157772194e-05
309 9.90365568103538e-06
310 9.389750870237094e-06
311 8.900745009333482e-06
312 8.435530806781878e-06
313 7.993044892132063e-06
314 7.572266348098332e-06
315 7.172215277996364e-06
316 6.7919514083848395e-06
317 6.4305727267105356e-06
318 6.087214153716909e-06
319 5.761046250339965e-06
320 5.451273958781516e-06
321 5.157135377418528e-06
322 4.8779005691782e-06
323 4.612870402981517e-06
324 4.361375427833368e-06
325 4.122774779114571e-06
326 3.896455116610558e-06
327 3.681829593792674e-06
328 3.4783368578511326e-06
329 3.285440079963538e-06
330 3.102626015269396e-06
331 2.9294040920092092e-06
332 2.765305529276452e-06
333 2.6098824828219057e-06
334 2.462707218342401e-06
335 2.3233713116799784e-06
336 2.191484875352625e-06
337 2.0666758108341968e-06
338 1.9485890859986514e-06
339 1.836886037142358e-06
340 1.7312436949978835e-06
341 1.6313541341532774e-06
342 1.5369238452923664e-06
343 1.447673129673939e-06
344 1.363335515270828e-06
345 1.2836571939938014e-06
346 1.2083964794297267e-06
347 1.1373232845286918e-06
348 1.0702186186805676e-06
349 1.0068741036278308e-06
350 9.470915076683273e-07
351 8.906822976089459e-07
352 8.374672079389002e-07
353 7.872758266994153e-07
354 7.399461975350517e-07
355 6.953244374206457e-07
356 6.532643695668578e-07
357 6.136271710165751e-07
358 5.762810344538684e-07
359 5.411008437568433e-07
360 5.079678628355043e-07
361 4.767694373056632e-07
362 4.473987085599153e-07
363 4.197543398067945e-07
364 3.937402536593337e-07
365 3.692653808644181e-07
366 3.4624341977448073e-07
367 3.245926061732449e-07
368 3.0423549307734595e-07
369 2.8509874014575067e-07
370 2.671129123389174e-07
