0 0.0
1 0.001778279410038923
2 0.003550234264757509
3 0.005306411471654765
4 0.007037470166494734
5 0.008734264766639214
6 0.010387925940789
7 0.011989938487225899
8 0.013532215156628148
9 0.015007165514939429
10 0.01640775901555007
11 0.01772758153686051
12 0.018960884739551865
13 0.020102627705777792
14 0.021148510438029237
15 0.022094998916485788
16 0.022939341538043202
17 0.02367957688564271
18 0.024314532900778358
19 0.024843817652933742
20 0.025267802015108674
21 0.025587594662595546
22 0.02580500991099043
23 0.025922528997531554
24 0.025943255485946365
25 0.02587086553802652
26 0.025709553844387473
27 0.02546397604184782
28 0.025139188465417572
29 0.024740586089135715
30 0.02427383950234361
31 0.023744831747077245
32 0.023159595808997777
33 0.02252425350975413
34 0.021844956494154993
35 0.021127829942435002
36 0.020378919567748878
37 0.019604142383404827
38 0.018809241644871348
39 0.017999746289872103
40 0.017180935117494505
41 0.01635780586568101
42 0.01553504926715083
43 0.014717028087993453
44 0.013907761082018988
45 0.013110911728420507
46 0.012329781561204957
47 0.011567307846809658
48 0.010826065321789466
49 0.010108271665706488
50 0.009415796355480009
51 0.00875017252639806
52 0.00811261145154453
53 0.007504019245213913
54 0.00692501539651135
55 0.006375952746212646
56 0.005856938532453768
57 0.005367856148240111
58 0.004908387275382475
59 0.004478034084529141
60 0.004076141218719531
61 0.003701917307596936
62 0.003354455790376421
63 0.0030327548572011832
64 0.002735736350020094
65 0.002462263495024333
66 0.0022111573685015726
67 0.0019812120262817415
68 0.0017712082534106501
69 0.0015799259150206153
70 0.001406154911365135
71 0.0012487047595097446
72 0.0011064128411488825
73 0.0009781513704323454
74 0.0008628331475702359
75 0.0007594161734230917
76 0.0006669072073935551
77 0.000584364355868463
78 0.0005108987813911537
79 0.000445675623866576
80 0.00038791422462156907
81 0.0003368877422703729
82 0.0002919222462825767
83 0.00025239537012484737
84 0.00021773460104853852
85 0.000187415278211149
86 0.00016095836502537665
87 0.00013792805558438098
88 0.00011792926885813476
89 0.00010060507821809658
90 8.563411783272487e-05
91 7.272800167383712e-05
92 6.162878535573253e-05
93 5.2106495851491186e-05
94 4.3956749335133505e-05
95 3.6998473011944e-05
96 3.107174283763405e-05
97 2.603574549487374e-05
98 2.1766869888665906e-05
99 1.8156930728040123e-05
100 1.5111524462409718e-05
101 1.2548515913647741e-05
102 1.0396652362935908e-05
103 8.594300585753248e-06
104 7.088301348631049e-06
105 5.832935156623604e-06
106 4.788992540173732e-06
107 3.92294186437579e-06
108 3.2061875040805574e-06
109 2.6144112280825078e-06
110 2.1269897500032497e-06
111 1.7264816098226225e-06
112 1.3981768279608595e-06
113 1.1297031053216162e-06
114 9.10682711966929e-07
115 7.324346004952863e-07
