0 0.0
1 1e-05
2 1.99998e-05
3 2.9999100006000004e-05
4 3.999760004399976e-05
5 4.99950001749975e-05
6 5.999100050998651e-05
7 6.998530122494856e-05
8 7.997760257584322e-05
9 8.99676049135918e-05
10 9.995500869905508e-05
11 0.00010993951451800369
12 0.00011992082309608004
13 0.0001298986353137509
14 0.00013987265222124932
15 0.00014984257505350538
16 0.00015980810524506386
17 0.00016976894444498868
18 0.00017972479453175262
19 0.00018967535762811117
20 0.00019962033611595982
21 0.00020955943265117344
22 0.000219492350178427
23 0.00022941879194599628
24 0.00023933846152053782
25 0.0002492510628018467
26 0.0002591563000375921
27 0.0002690538778380278
28 0.00027894350119067867
29 0.00028882487547500046
30 0.0002986977064770132
31 0.0003085617004039057
32 0.0003184165638986122
33 0.0003282620040543573
34 0.00033809772842917135
35 0.0003479234450603733
36 0.0003577388624790194
37 0.00036754368972431934
38 0.0003773376363580165
39 0.00038712041247873207
40 0.00039689172873627214
41 0.00040665129634589716
42 0.0004163988271025513
43 0.0004261340333950532
44 0.0004358566282202443
45 0.00044556632519709624
46 0.0004552628385807743
47 0.0004649458832766582
48 0.00047461517485431653
49 0.00048427042956143614
50 0.0004939113643377051
51 0.000503537696828647
52 0.0005131491453994069
53 0.0005227454291484877
54 0.0005323262679214359
55 0.000541891382324476
56 0.000551440493738092
57 0.0005609733243305559
58 0.0005704895970714012
59 0.0005799890357448429
60 0.0005894713649631392
61 0.0005989363101798973
62 0.0006083835977033216
63 0.0006178129547094028
64 0.000627224109255046
65 0.0006366167902911404
66 0.0006459907276755658
67 0.0006553456521861377
68 0.000664681295533489
69 0.0006739973903738869
70 0.0006832936703219859
71 0.0006925698699635142
72 0.0007018257248678942
73 0.0007110609716007946
74 0.0007202753477366155
75 0.0007294685918709024
76 0.0007386404436326926
77 0.0007477906436967887
78 0.0007569189337959623
79 0.0007660250567330834
80 0.000775108756393179
81 0.0007841697777554153
82 0.0007932078669050067
83 0.0008022227710450488
84 0.0008112142385082751
85 0.0008201820187687368
86 0.0008291258624534044
87 0.000838045521353691
88 0.000846940748436896
89 0.00085581129785757
90 0.0008646569249687969
91 0.0008734773863333953
92 0.0008822724397350388
93 0.0008910418441892921
94 0.0008997853599545638
95 0.0009085027485429746
96 0.0009171937727311416
97 0.000925858196570875
98 0.0009344957853997911
99 0.0009431063058518349
100 0.0009516895258677188
101 0.0009602452147052695
102 0.0009687731429496887
103 0.0009772730825237219
104 0.0009857448066977392
105 0.0009941880900997233
106 0.0010026027087251673
107 0.0010109884399468801
108 0.001019345062524699
109 0.001027672356615109
110 0.0010359701037807693
111 0.0010442380869999433
112 0.001052476090675836
113 0.0010606839006458352
114 0.001068861304190655
115 0.0010770080900433855
116 0.0010851240483984426
117 0.0010932089709204237
118 0.0011012626507528609
119 0.001109284882526879
120 0.0011172754623697532
121 0.0011252341879133673
122 0.0011331608583025703
123 0.0011410552742034366
124 0.0011489172378114198
125 0.0011567465528594088
126 0.0011645430246256814
127 0.0011723064599417534
128 0.0011800366672001285
129 0.0011877334563619414
130 0.0011953966389644998
131 0.0012030260281287216
132 0.0012106214385664675
133 0.0012181826865877686
134 0.0012257095901079497
135 0.001233201968654647
136 0.0012406596433747184
137 0.0012480824370410505
138 0.0012554701740592554
139 0.0012628226804742642
140 0.0012701397839768108
141 0.0012774213139098091
142 0.0012846671012746232
143 0.0012918769787372275
144 0.00129905078063426
145 0.001306188342978967
146 0.0013132895034670385
147 0.0013203541014823324
148 0.0013273819781024947
149 0.001334372976104463
150 0.0013413269399698664
151 0.001348243715890311
152 0.0013551231517725572
153 0.0013619650972435855
154 0.0013687694036555531
155 0.0013755359240906376
156 0.0013822645133657698
157 0.0013889550280372586
158 0.0013956073264052987
159 0.0014022212685183733
160 0.0014087967161775386
161 0.0014153335329406024
162 0.0014218315841261864
163 0.0014282907368176792
164 0.0014347108598670754
165 0.0014410918238987038
166 0.0014474335013128423
167 0.001453735766289221
168 0.0014599984947904134
169 0.001466221564565113
170 0.0014724048551512999
171 0.001478548247879293
172 0.0014846516258746906
173 0.0014907148740611988
174 0.0014967378791633451
175 0.0015027205297090814
176 0.0015086627160322739
177 0.0015145643302750802
178 0.0015204252663902137
179 0.0015262454201430955
180 0.0015320246891138945
181 0.0015377629726994533
182 0.001543460172115104
183 0.0015491161903963702
184 0.0015547309324005565
185 0.0015603043048082273
186 0.0015658362161245715
187 0.0015713265766806584
188 0.0015767752986345772
189 0.0015821822959724695
190 0.0015875474845094472
191 0.0015928707818903996
192 0.0015981521075906903
193 0.0016033913829167417
194 0.0016085885310065087
195 0.0016137434768298425
196 0.0016188561471887424
197 0.0016239264707174985
198 0.001628954377882724
199 0.0016339398009832765
200 0.00163888267415007
201 0.0016437829333457788
202 0.0016486405163644291
203 0.0016534553628308848
204 0.0016582274142002214
205 0.0016629566137569944
206 0.0016676429066143962
207 0.0016722862397133085
208 0.0016768865618212426
209 0.0016814438235311768
210 0.0016859579772602838
211 0.0016904289772485517
212 0.0016948567795572996
213 0.0016992413420675845
214 0.001703582624478506
215 0.0017078805883054028
216 0.0017121351968779441
217 0.0017163464153381169
218 0.0017205142106381088
219 0.001724638551538087
220 0.0017287194086038726
221 0.001732756754204512
222 0.0017367505625097458
223 0.0017407008094873749
224 0.001744607472900524
225 0.001748470532304804
226 0.0017522899690453721
227 0.0017560657662538928
228 0.0017597979088453974
229 0.0017634863835150425
230 0.0017671311787347702
231 0.0017707322847498699
232 0.00177428969357544
233 0.001777803398992752
234 0.0017812733965455153
235 0.00178469968353605
236 0.0017880822590213563
237 0.0017914211238090915
238 0.001794716280453452
239 0.0017979677332509558
240 0.0018011754882361365
241 0.001804339553177138
242 0.0018074599375712177
243 0.001810536652640156
244 0.0018135697113255747
245 0.0018165591282841612
246 0.0018195049198828032
247 0.001822407104193631
248 0.00182526570098897
249 0.001828080731736205
250 0.001830852219592552
251 0.0018335801893997448
252 0.001836264667678632
253 0.0018389056826236853
254 0.0018415032640974247
255 0.0018440574436247538
256 0.0018465682543872103
257 0.0018490357312171354
258 0.0018514599105917515
259 0.0018538408306271628
260 0.0018561785310722704
261 0.0018584730533026035
262 0.0018607244403140717
263 0.001862932736716634
264 0.001865097988727887
265 0.0018672202441665754
266 0.0018692995524460226
267 0.0018713359645674806
268 0.0018733295331134043
269 0.001875280312240648
270 0.001877188357673586
271 0.0018790537266971557
272 0.0018808764781498278
273 0.0018826566724165002
274 0.001884394371421319
275 0.0018860896386204262
276 0.0018877425389946351
277 0.0018893531390420356
278 0.001890921506770524
279 0.0018924477116902694
280 0.0018939318248061038
281 0.001895373918609849
282 0.0018967740670725714
283 0.0018981323456367723
284 0.0018994488312085093
285 0.0019007236021494542
286 0.001901956738268884
287 0.001903148320815608
288 0.0019042984324698317
289 0.0019054071573349585
290 0.0019064745809293274
291 0.0019075007901778898
292 0.0019084858734038277
293 0.00190942992032011
294 0.0019103330220209907
295 0.0019111952709734469
296 0.0019120167610085636
297 0.0019127975873128567
298 0.0019135378464195426
299 0.0019142376361997529
300 0.0019148970558536945
301 0.001915516205901754
302 0.0019160951881755514
303 0.0019166341058089408
304 0.0019171330632289615
305 0.0019175921661467347
306 0.001918011521548315
307 0.0019183912376854898
308 0.001918731424066531
309 0.0019190321914469009
310 0.0019192936518199102
311 0.0019195159184073308
312 0.001919699105649962
313 0.001919843329198156
314 0.0019199487059022953
315 0.0019200153538032328
316 0.0019200433921226848
317 0.0019200329412535884
318 0.0019199841227504131
319 0.001919897059319438
320 0.001919771874808987
321 0.0019196086941996283
322 0.0019194076435943357
323 0.001919168850208614
324 0.0019188924423605902
325 0.001918578549461068
326 0.0019182273020035513
327 0.0019178388315542316
328 0.0019174132707419451
329 0.0019169507532481006
330 0.0019164514137965704
331 0.0019159153881435599
332 0.0019153428130674415
333 0.0019147338263585632
334 0.0019140885668090316
335 0.0019134071742024639
336 0.0019126897893037183
337 0.0019119365538485973
338 0.0019111476105335287
339 0.0019103231030052207
340 0.0019094631758502986
341 0.0019085679745849148
342 0.0019076376456443414
343 0.0019066723363725428
344 0.0019056721950117261
345 0.0019046373706918768
346 0.0019035680134202742
347 0.0019024642740709898
348 0.0019013263043743728
349 0.0019001542569065156
350 0.001898948285078708
351 0.0018977085431268782
352 0.0018964351861010173
353 0.0018951283698545947
354 0.0018937882510339627
355 0.001892414987067747
356 0.00189100873615623
357 0.001889569657260726
358 0.0018880979100929446
359 0.0018865936551043505
360 0.0018850570534755134
361 0.0018834882671054543
362 0.0018818874586009854
363 0.0018802547912660456
364 0.0018785904290910327
365 0.0018768945367421336
366 0.0018751672795506496
367 0.0018734088235023234
368 0.0018716193352266643
369 0.0018697989819862718
370 0.0018679479316661646
371 0.001866066352763105
372 0.0018641544143749317
373 0.001862212286189891
374 0.001860240138475975
375 0.0018582381420702621
376 0.0018562064683682654
377 0.0018541452893132838
378 0.0018520547773857624
379 0.0018499351055926603
380 0.0018477864474568243
381 0.001845608977006374
382 0.001843402868764095
383 0.001841168297736844
384 0.0018389054394049623
385 0.0018366144697117034
386 0.0018342955650526725
387 0.001831948902265278
388 0.0018295746586181976
389 0.0018271730118008588
390 0.0018247441399129353
391 0.0018222882214538575
392 0.0018198054353123414
393 0.0018172959607559319
394 0.0018147599774205685
395 0.0018121976653001648
396 0.0018096092047362093
397 0.001806994776407387
398 0.0018043545613192185
399 0.001801688740793724
400 0.0017989974964591044
401 0.0017962810102394515
402 0.0017935394643444718
403 0.0017907730412592446
404 0.0017879819237339944
405 0.0017851662947738966
406 0.001782326337628902
407 0.0017794622357835922
408 0.0017765741729470583
409 0.0017736623330428106
410 0.001770726900198711
411 0.0017677680587369399
412 0.0017647859931639875
413 0.0017617808881606764
414 0.0017587529285722162
415 0.0017557022993982842
416 0.001752629185783145
417 0.0017495337730057924
418 0.0017464162464701338
419 0.0017432767916951994
420 0.0017401155943053903
421 0.0017369328400207583
422 0.0017337287146473215
423 0.0017305034040674136
424 0.0017272570942300722
425 0.0017239899711414574
426 0.0017207022208553162
427 0.0017173940294634732
428 0.0017140655830863707
429 0.0017107170678636369
430 0.0017073486699446987
431 0.001703960575479434
432 0.0017005529706088604
433 0.001697126041455867
434 0.0016936799741159852
435 0.0016902149546482027
436 0.0016867311690658175
437 0.0016832288033273345
438 0.0016797080433274044
439 0.001676169074887808
440 0.0016726120837484786
441 0.0016690372555585762
442 0.0016654447758675981
443 0.0016618348301165402
444 0.001658207603629099
445 0.0016545632816029247
446 0.0016509020491009153
447 0.0016472240910425573
448 0.0016435295921953187
449 0.0016398187371660833
450 0.0016360917103926359
451 0.001632348696135193
452 0.0016285898784679862
453 0.001624815441270889
454 0.0016210255682210972
455 0.0016172204427848567
456 0.0016134002482092408
457 0.00160956516751398
458 0.0016057153834833392
459 0.0016018510786580487
460 0.001597972435327285
461 0.0015940796355207029
462 0.0015901728610005204
463 0.0015862522932536564
464 0.0015823181134839177
465 0.0015783705026042433
466 0.0015744096412289982
467 0.0015704357096663238
468 0.0015664488879105376
469 0.0015624493556345934
470 0.0015584372921825873
471 0.001554412876562328
472 0.0015503762874379524
473 0.0015463277031226039
474 0.0015422673015711612
475 0.0015381952603730257
476 0.0015341117567449615
477 0.0015300169675239962
478 0.0015259110691603717
479 0.0015217942377105586
480 0.0015176666488303217
481 0.001513528477767844
482 0.0015093798993569116
483 0.0015052210880101482
484 0.0015010522177123162
485 0.0014968734620136681
486 0.0014926849940233617
487 0.0014884869864029275
488 0.0014842796113598007
489 0.0014800630406409067
490 0.0014758374455263081
491 0.0014716029968229092
492 0.0014673598648582205
493 0.001463108219474181
494 0.0014588482300210421
495 0.0014545800653513062
496 0.0014503038938137318
497 0.0014460198832473925
498 0.0014417282009757972
499 0.0014374290138010723
500 0.0014331224879982013
501 0.0014288087893093268
502 0.0014244880829381106
503 0.0014201605335441554
504 0.0014158263052374866
505 0.0014114855615730958
506 0.0014071384655455418
507 0.0014027851795836166
508 0.0013984258655450666
509 0.0013940606847113815
510 0.001389689797782637
511 0.0013853133648724042
512 0.001380931545502716
513 0.001376544498599097
514 0.001372152382485653
515 0.0013677553548802205
516 0.0013633535728895829
517 0.001358947193004739
518 0.0013545363710962411
519 0.001350121262409588
520 0.0013457020215606836
521 0.0013412788025313537
522 0.0013368517586649256
523 0.0013324210426618683
524 0.001327986806575494
525 0.0013235492018077199
526 0.0013191083791048927
527 0.001314664488553673
528 0.0013102176795769822
529 0.0013057681009300064
530 0.0013013159006962684
531 0.0012968612262837529
532 0.0012924042244210978
533 0.0012879450411538455
534 0.0012834838218407515
535 0.0012790207111501597
536 0.0012745558530564323
537 0.0012700893908364455
538 0.001265621467066141
539 0.0012611522236171417
540 0.0012566818016534257
541 0.0012522103416280613
542 0.0012477379832800009
543 0.0012432648656309382
544 0.0012387911269822207
545 0.001234316904911826
546 0.0012298423362713962
547 0.001225367557183331
548 0.0012208927030379433
549 0.0012164179084906699
550 0.0012119433074593458
551 0.0012074690331215345
552 0.0012029952179119189
553 0.0011985219935197497
554 0.0011940494908863552
555 0.0011895778402027054
556 0.001185107170907039
557 0.0011806376116825455
558 0.0011761692904551067
559 0.0011717023343910955
560 0.0011672368698952336
561 0.0011627730226085055
562 0.0011583109174061312
563 0.001153850678395594
564 0.001149392428914728
565 0.001144936291529861
566 0.001140482388034014
567 0.001136030839445158
568 0.001131581766004526
569 0.0011271352871749824
570 0.0011226915216394468
571 0.001118250587299376
572 0.0011138126012732973
573 0.0011093776798954023
574 0.0011049459387141908
575 0.0011005174924911734
576 0.0010960924551996262
577 0.0010916709400234014
578 0.0010872530593557914
579 0.0010828389247984464
580 0.0010784286471603466
581 0.0010740223364568283
582 0.0010696201019086615
583 0.001065222051941181
584 0.0010608282941834727
585 0.0010564389354676081
586 0.0010520540818279348
587 0.001047673838500417
588 0.0010432983099220284
589 0.0010389275997301965
590 0.001034561810762298
591 0.0010302010450552051
592 0.0010258454038448834
593 0.0010214949875660372
594 0.0010171498958518107
595 0.0010128102275335322
596 0.0010084760806405141
597 0.0010041475523998966
598 0.0009998247392365449
599 0.0009955077367729938
600 0.0009911966398294392
601 0.00098689154242378
602 0.0009825925377717063
603 0.0009782997182868362
604 0.000974013175580899
605 0.0009697330004639673
606 0.0009654592829447324
607 0.0009611921122308301
608 0.0009569315767292094
609 0.0009526777640465489
610 0.000948430760989718
611 0.0009441906535662835
612 0.0009399575269850606
613 0.0009357314656567093
614 0.0009315125531943744
615 0.0009273008724143696
616 0.000923096505336906
617 0.0009188995331868617
618 0.0009147100363945982
619 0.0009105280945968149
620 0.0009063537866374501
621 0.0009021871905686209
622 0.0008980283836516073
623 0.0008938774423578751
624 0.000889734442370143
625 0.0008855994585834868
626 0.0008814725651064878
627 0.0008773538352624178
628 0.0008732433415904666
629 0.0008691411558470067
630 0.0008650473490068987
631 0.0008609619912648349
632 0.0008568851520367206
633 0.0008528168999610952
634 0.0008487573029005885
635 0.0008447064279434167
636 0.0008406643414049146
637 0.0008366311088291038
638 0.0008326067949902987
639 0.0008285914638947469
640 0.0008245851787823067
641 0.0008205880021281595
642 0.0008165999956445562
643 0.0008126212202826001
644 0.0008086517362340619
645 0.0008046916029332312
646 0.000800740879058799
647 0.000796799622535776
648 0.0007928678905374408
649 0.0007889457394873241
650 0.0007850332250612226
651 0.0007811304021892451
652 0.0007772373250578918
653 0.0007733540471121623
654 0.0007694806210576969
655 0.0007656170988629458
656 0.0007617635317613712
657 0.0007579199702536767
658 0.0007540864641100676
659 0.0007502630623725398
660 0.0007464498133571975
661 0.0007426467646565991
662 0.0007388539631421316
663 0.0007350714549664118
664 0.0007312992855657161
665 0.0007275374996624354
666 0.0007237861412675594
667 0.0007200452536831842
668 0.000716314879505047
669 0.000712595060625088
670 0.0007088858382340345
671 0.0007051872528240126
672 0.0007014993441911813
673 0.0006978221514383926
674 0.0006941557129778737
675 0.0006905000665339346
676 0.0006868552491456969
677 0.000683221297169847
678 0.0006795982462834103
679 0.0006759861314865492
680 0.0006723849871053811
681 0.0006687948467948191
682 0.0006652157435414329
683 0.0006616477096663315
684 0.0006580907768280649
685 0.0006545449760255471
686 0.0006510103376009982
687 0.0006474868912429053
688 0.0006439746659890039
689 0.0006404736902292772
690 0.0006369839917089728
691 0.0006335055975316391
692 0.0006300385341621784
693 0.0006265828274299173
694 0.000623138502531695
695 0.0006197055840349668
696 0.0006162840958809251
697 0.0006128740613876363
698 0.0006094755032531931
699 0.000606088443558882
700 0.0006027129037723658
701 0.000599348904750882
702 0.0005959964667444536
703 0.0005926556093991155
704 0.0005893263517601535
705 0.0005860087122753583
706 0.0005827027087982904
707 0.0005794083585915601
708 0.0005761256783301173
709 0.0005728546841045565
710 0.0005695953914244303
711 0.0005663478152215779
712 0.0005631119698534612
713 0.0005598878691065149
714 0.0005566755261995046
715 0.0005534749537868973
716 0.0005502861639622404
717 0.0005471091682615504
718 0.0005439439776667122
719 0.0005407906026088856
720 0.0005376490529719221
721 0.0005345193380957888
722 0.0005314014667800018
723 0.000528295447287066
724 0.0005252012873459235
725 0.0005221189941554085
726 0.0005190485743877097
727 0.0005159900341918391
728 0.0005129433791971066
729 0.0005099086145166019
730 0.0005068857447506808
731 0.0005038747739904584
732 0.0005008757058213058
733 0.0004978885433263534
734 0.0004949132890899973
735 0.000491949945201412
736 0.0004889985132580649
737 0.0004860589943692362
738 0.00048313138915954186
739 0.0004802156977724598
740 0.00047731191987385895
741 0.0004744200546555314
742 0.0004715401008387262
743 0.0004686720566776869
744 0.0004658159199631888
745 0.0004629716880260803
746 0.00046013935774082327
747 0.0004573189255290366
748 0.0004545103873630393
749 0.00045171373876939474
750 0.0004489289748324553
751 0.0004461560901979068
752 0.0004433950790763135
753 0.00044064593524666183
754 0.0004379086520599042
755 0.00043518322244250166
756 0.0004324696388999655
757 0.00042976789352039744
758 0.00042707797797802863
759 0.00042439988353675586
760 0.00042173360105367724
761 0.0004190791209826241
762 0.0004164364333776914
763 0.0004138055278967646
764 0.0004111863938050446
765 0.00040857901997856823
766 0.0004059833949077266
767 0.0004033995067007787
768 0.0004008273430873621
769 0.0003982668914219986
770 0.00039571813868759665
771 0.0003931810714989485
772 0.00039065567610622304
773 0.0003881419383984533
774 0.0003856398439070196
775 0.00038314937780912654
776 0.00038067052493127493
777 0.00037820326975272815
778 0.00037574759640897175
779 0.0003733034886951682
780 0.0003708709300696041
781 0.0003684499036571318
782 0.00036604039225260365
783 0.00036364237832429974
784 0.0003612558440173488
785 0.00035888077115714086
786 0.00035651714125273373
787 0.00035416493550025123
788 0.0003518241347862732
789 0.00034949471969121857
790 0.00034717667049271906
791 0.00034486996716898583
792 0.0003425745894021667
793 0.00034029051658169515
794 0.00033801772780763005
795 0.00033575620189398714
796 0.00033350591737206064
797 0.0003312668524937361
798 0.0003290389852347931
799 0.00032682229329819915
800 0.0003246167541173932
801 0.0003224223448595597
802 0.00032023904242889156
803 0.0003180668234698445
804 0.0003159056643703796
805 0.000313755541265196
806 0.0003116164300389528
807 0.00030948830632948014
808 0.00030737114553097916
809 0.0003052649227972115
810 0.0003031696130446767
811 0.00030108519095577906
812 0.00029901163098198234
813 0.00029694890734695343
814 0.0002948969940496941
815 0.0002928558648676605
816 0.0002908254933598713
817 0.0002888058528700033
818 0.00028679691652947533
819 0.0002847986572605188
820 0.0002828110477792371
821 0.0002808340605986515
822 0.00027886766803173477
823 0.0002769118421944319
824 0.0002749665550086677
825 0.0002730317782053421
826 0.00027110748332731185
827 0.0002691936417323588
828 0.00026729022459614544
829 0.00026539720291515664
830 0.00026351454750962803
831 0.0002616422290264612
832 0.000259780217942124
833 0.00025792848456553883
834 0.0002560869990409556
835 0.0002542557313508113
836 0.00025243465131857574
837 0.000250623728611583
838 0.00024882293274384846
839 0.000247032233078872
840 0.00024525159883242656
841 0.00024348099907533203
842 0.00024172040273621562
843 0.00023996977860425643
844 0.00023822909533191634
845 0.00023649832143765538
846 0.00023477742530863323
847 0.00023306637520339514
848 0.00023136513925454337
849 0.00022967368547139317
850 0.0002279919817426147
851 0.0002263199958388587
852 0.00022465769541536788
853 0.00022300504801457265
854 0.00022136202106867188
855 0.00021972858190219828
856 0.00021810469773456833
857 0.00021649033568261697
858 0.00021488546276311662
859 0.00021329004589528108
860 0.0002117040519032537
861 0.00021012744751857976
862 0.00020856019938266367
863 0.00020700227404921013
864 0.00020545363798664997
865 0.00020391425758055004
866 0.00020238409913600713
867 0.0002008631288800268
868 0.0001993513129638857
869 0.00019784861746547825
870 0.00019635500839164765
871 0.00019487045168050082
872 0.00019339491320370734
873 0.00019192835876878268
874 0.0001904707541213552
875 0.00018902206494741732
876 0.0001875822568755607
877 0.0001861512954791953
878 0.00018472914627875252
879 0.00018331577474387203
880 0.00018191114629557292
881 0.00018051522630840842
882 0.00017912798011260485
883 0.000177749372996184
884 0.00017637937020707008
885 0.0001750179369551799
886 0.00017366503841449732
887 0.0001723206397251315
888 0.00017098470599535894
889 0.00016965720230364956
890 0.0001683380937006765
891 0.00016702734521130988
892 0.00016572492183659435
893 0.0001644307885557108
894 0.00016314491032792163
895 0.0001618672520945001
896 0.00016059777878064342
897 0.00015933645529737014
898 0.00015808324654340103
899 0.00015683811740702423
900 0.0001556010327679439
901 0.00015437195749911354
902 0.0001531508564685527
903 0.00015193769454114784
904 0.00015073243658043732
905 0.00014953504745038041
906 0.00014834549201711022
907 0.0001471637351506708
908 0.00014598974172673828
909 0.0001448234766283263
910 0.00014366490474747534
911 0.00014251399098692634
912 0.00014137070026177864
913 0.00014023499750113178
914 0.00013910684764971198
915 0.00013798621566948267
916 0.0001368730665412393
917 0.00013576736526618846
918 0.00013466907686751178
919 0.00013357816639191362
920 0.00013249459891115364
921 0.0001314183395235636
922 0.0001303493533555489
923 0.00012928760556307452
924 0.0001282330613331355
925 0.00012718568588521216
926 0.00012614544447270992
927 0.00012511230238438387
928 0.00012408622494574801
929 0.00012306717752046944
930 0.00012205512551174701
931 0.0001210500343636754
932 0.00012005186956259355
933 0.00011906059663841855
934 0.00011807618116596408
935 0.00011709858876624429
936 0.00011612778510776256
937 0.0001151637359077855
938 0.00011420640693360203
939 0.00011325576400376799
940 0.00011231177298933572
941 0.00011137439981506919
942 0.00011044361046064448
943 0.00010951937096183569
944 0.00010860164741168642
945 0.00010769040596166682
946 0.00010678561282281622
947 0.00010588723426687127
948 0.00010499523662738021
949 0.00010410958630080259
950 0.00010323024974759493
951 0.00010235719349328224
952 0.00010149038412951565
953 0.00010062978831511589
954 9.977537277710294e-05
955 9.892710431171169e-05
956 9.808494978539404e-05
957 9.724887613580701e-05
958 9.641885037278732e-05
959 9.55948395793123e-05
960 9.477681091244716e-05
961 9.3964731604279e-05
962 9.315856896283718e-05
963 9.235829037300037e-05
964 9.156386329739031e-05
965 9.077525527725243e-05
966 8.999243393332313e-05
967 8.92153669666841e-05
968 8.844402215960345e-05
969 8.767836737636408e-05
970 8.691837056407894e-05
971 8.616399975349358e-05
972 8.54152230597758e-05
973 8.467200868329285e-05
974 8.393432491037562e-05
975 8.320214011407069e-05
976 8.24754227548795e-05
977 8.17541413814853e-05
978 8.10382646314678e-05
979 8.032776123200533e-05
980 7.962260000056501e-05
981 7.892274984558046e-05
982 7.822817976711783e-05
983 7.753885885752959e-05
984 7.685475630209635e-05
985 7.6175841379657e-05
986 7.550208346322682e-05
987 7.483345202060424e-05
988 7.416991661496549e-05
989 7.351144690544811e-05
990 7.285801264772264e-05
991 7.220958369455313e-05
992 7.15661299963461e-05
993 7.092762160168838e-05
994 7.029402865787362e-05
995 6.966532141141779e-05
996 6.90414702085635e-05
997 6.842244549577345e-05
998 6.780821782021286e-05
999 6.719875783022121e-05
1000 6.659403627577307e-05
1001 6.599402400892836e-05
1002 6.539869198427191e-05
1003 6.480801125934259e-05
1004 6.422195299505186e-05
1005 6.364048845609208e-05
1006 6.306358901133434e-05
1007 6.249122613421618e-05
1008 6.192337140311915e-05
1009 6.13599965017362e-05
1010 6.080107321942915e-05
1011 6.02465734515762e-05
1012 5.969646919990953e-05
1013 5.91507325728432e-05
1014 5.860933578579135e-05
1015 5.80722511614766e-05
1016 5.753945113022918e-05
1017 5.701090823027631e-05
1018 5.6486595108022364e-05
1019 5.5966484518319576e-05
1020 5.545054932472959e-05
1021 5.49387624997758e-05
1022 5.443109712518654e-05
1023 5.392752639212933e-05
1024 5.3428023601436124e-05
1025 5.293256216381967e-05
1026 5.244111560008115e-05
1027 5.195365754130895e-05
1028 5.147016172906891e-05
1029 5.0990602015586e-05
1030 5.051495236391739e-05
1031 5.004318684811717e-05
1032 4.957527965339272e-05
1033 4.911120507625281e-05
1034 4.8650937524647464e-05
1035 4.819445151809972e-05
1036 4.774172168782931e-05
1037 4.729272277686843e-05
1038 4.684742964016958e-05
1039 4.640581724470549e-05
1040 4.5967860669561426e-05
1041 4.553353510601972e-05
1042 4.510281585763672e-05
1043 4.467567834031224e-05
1044 4.425209808235147e-05
1045 4.3832050724519586e-05
1046 4.3415512020088976e-05
1047 4.300245783487926e-05
1048 4.259286414729015e-05
1049 4.2186707048327146e-05
1050 4.17839627416203e-05
1051 4.138460754343599e-05
1052 4.098861788268175e-05
1053 4.0595970300904375e-05
1054 4.020664145228127e-05
1055 3.982060810360514e-05
1056 3.943784713426198e-05
1057 3.9058335536202695e-05
1058 3.8682050413908196e-05
1059 3.830896898434807e-05
1060 3.793906857693301e-05
1061 3.757232663346093e-05
1062 3.7208720708056995e-05
1063 3.6848228467107426e-05
1064 3.6490827689187396e-05
1065 3.6136496264982885e-05
1066 3.5785212197206594e-05
1067 3.543695360050819e-05
1068 3.509169870137857e-05
1069 3.474942583804864e-05
1070 3.4410113460382315e-05
1071 3.407374012976403e-05
1072 3.3740284518980776e-05
1073 3.340972541209863e-05
1074 3.308204170433401e-05
1075 3.275721240191962e-05
1076 3.243521662196512e-05
1077 3.211603359231269e-05
1078 3.179964265138749e-05
1079 3.148602324804301e-05
1080 3.117515494140163e-05
1081 3.086701740069007e-05
1082 3.056159040507019e-05
1083 3.025885384346486e-05
1084 2.9958787714379232e-05
1085 2.966137212571731e-05
1086 2.936658729459398e-05
1087 2.9074413547142436e-05
1088 2.878483131831727e-05
1089 2.849782115169307e-05
1090 2.8213363699258717e-05
1091 2.793143972120738e-05
1092 2.7652030085722378e-05
1093 2.7375115768758805e-05
1094 2.7100677853821096e-05
1095 2.682869753173659e-05
1096 2.655915610042504e-05
1097 2.629203496466435e-05
1098 2.6027315635852304e-05
1099 2.576497973176461e-05
1100 2.5505008976309165e-05
1101 2.5247385199276644e-05
1102 2.4992090336087498e-05
1103 2.473910642753534e-05
1104 2.448841561952688e-05
1105 2.4240000162818355e-05
1106 2.3993842412748637e-05
1107 2.3749924828968946e-05
1108 2.3508229975169268e-05
1109 2.3268740518801652e-05
1110 2.3031439230800213e-05
1111 2.2796308985298095e-05
1112 2.2563332759341346e-05
1113 2.2332493632599785e-05
1114 2.2103774787074943e-05
1115 2.1877159506805046e-05
1116 2.1652631177567225e-05
1117 2.1430173286576853e-05
1118 2.12097694221842e-05
1119 2.099140327356837e-05
1120 2.0775058630428597e-05
1121 2.0560719382672945e-05
1122 2.0348369520104503e-05
1123 2.013799313210505e-05
1124 1.9929574407316317e-05
1125 1.972309763331881e-05
1126 1.9518547196308364e-05
1127 1.931590758077036e-05
1128 1.9115163369151705e-05
1129 1.891629924153061e-05
1130 1.8719299975284245e-05
1131 1.8524150444754298e-05
1132 1.833083562091044e-05
1133 1.8139340571011846e-05
1134 1.794965045826668e-05
1135 1.776175054148975e-05
1136 1.757562617475824e-05
1137 1.7391262807065643e-05
1138 1.7208645981973888e-05
1139 1.7027761337263786e-05
1140 1.684859460458374e-05
1141 1.667113160909683e-05
1142 1.6495358269126287e-05
1143 1.6321260595799427e-05
1144 1.6148824692690042e-05
1145 1.597803675545934e-05
1146 1.580888307149546e-05
1147 1.5641350019551525e-05
1148 1.547542406938248e-05
1149 1.5311091781380486e-05
1150 1.5148339806209129e-05
1151 1.4987154884436367e-05
1152 1.48275238461663e-05
1153 1.46694336106698e-05
1154 1.4512871186014006e-05
1155 1.4357823668690775e-05
1156 1.4204278243244076e-05
1157 1.4052222181896425e-05
1158 1.3901642844174315e-05
1159 1.3752527676532763e-05
1160 1.3604864211978971e-05
1161 1.3458640069695117e-05
1162 1.3313842954660361e-05
1163 1.317046065727207e-05
1164 1.3028481052966282e-05
1165 1.288789210183751e-05
1166 1.2748681848257842e-05
1167 1.2610838420495412e-05
1168 1.2474350030332284e-05
1169 1.233920497268175e-05
1170 1.220539162520512e-05
1171 1.2072898447927992e-05
1172 1.1941713982856046e-05
1173 1.1811826853590435e-05
1174 1.1683225764942744e-05
1175 1.1555899502549594e-05
1176 1.1429836932486886e-05
1177 1.1305027000883767e-05
1178 1.1181458733536283e-05
1179 1.1059121235520807e-05
1180 1.0938003690807245e-05
1181 1.0818095361872037e-05
1182 1.0699385589311027e-05
1183 1.0581863791452177e-05
1184 1.046551946396819e-05
1185 1.035034217948906e-05
1186 1.0236321587214572e-05
1187 1.0123447412526791e-05
1188 1.0011709456602559e-05
1189 9.901097596026013e-06
1190 9.791601782401198e-06
1191 9.683212041964733e-06
1192 9.575918475198624e-06
1193 9.469711256443194e-06
1194 9.3645806335102e-06
1195 9.260516927296128e-06
1196 9.157510531395703e-06
1197 9.055551911715664e-06
1198 8.954631606088763e-06
1199 8.854740223888092e-06
1200 8.755868445641709e-06
1201 8.658007022647587e-06
1202 8.561146776588942e-06
1203 8.465278599149927e-06
1204 8.370393451631748e-06
1205 8.276482364569181e-06
1206 8.183536437347553e-06
1207 8.091546837820201e-06
1208 8.000504801926391e-06
1209 7.910401633309785e-06
1210 7.821228702937397e-06
1211 7.732977448719152e-06
1212 7.645639375127975e-06
1213 7.559206052820484e-06
1214 7.4736691182583045e-06
1215 7.389020273329998e-06
1216 7.305251284973655e-06
1217 7.2223539848001425e-06
1218 7.140320268717044e-06
1219 7.059142096553302e-06
1220 6.978811491684584e-06
1221 6.899320540659381e-06
1222 6.820661392825873e-06
1223 6.742826259959555e-06
1224 6.665807415891664e-06
1225 6.589597196138405e-06
1226 6.514187997531004e-06
1227 6.439572277846592e-06
1228 6.365742555439956e-06
1229 6.29269140887614e-06
1230 6.220411476563948e-06
1231 6.148895456390345e-06
1232 6.078136105355747e-06
1233 6.0081262392102794e-06
1234 5.938858732090939e-06
1235 5.870326516159738e-06
1236 5.802522581242806e-06
1237 5.7354399744704715e-06
1238 5.669071799918354e-06
1239 5.60341121824945e-06
1240 5.538451446357239e-06
1241 5.4741857570098475e-06
1242 5.410607478495222e-06
1243 5.347709994267395e-06
1244 5.2854867425937904e-06
1245 5.2239312162036375e-06
1246 5.163036961937454e-06
1247 5.102797580397645e-06
1248 5.043206725600215e-06
1249 4.984258104627597e-06
1250 4.925945477282625e-06
1251 4.868262655743645e-06
1252 4.811203504220788e-06
1253 4.754761938613398e-06
1254 4.698931926168638e-06
1255 4.643707485141289e-06
1256 4.589082684454722e-06
1257 4.535051643363081e-06
1258 4.481608531114683e-06
1259 4.428747566616625e-06
1260 4.376463018100621e-06
1261 4.324749202790071e-06
1262 4.273600486568378e-06
1263 4.223011283648509e-06
1264 4.172976056243816e-06
1265 4.123489314240121e-06
1266 4.074545614869065e-06
1267 4.026139562382758e-06
1268 3.978265807729679e-06
1269 3.930919048231899e-06
1270 3.884094027263588e-06
1271 3.837785533930818e-06
1272 3.791988402752696e-06
1273 3.746697513343794e-06
1274 3.7019077900979053e-06
1275 3.6576142018731348e-06
1276 3.61381176167831e-06
1277 3.570495526360737e-06
1278 3.5276605962952883e-06
1279 3.4853021150748494e-06
1280 3.4434152692021065e-06
1281 3.4019952877826912e-06
1282 3.3610374422196896e-06
1283 3.3205370459095053e-06
1284 3.2804894539390994e-06
1285 3.2408900627845947e-06
1286 3.2017343100112587e-06
1287 3.163017673974859e-06
1288 3.1247356735244083e-06
1289 3.086883867706285e-06
1290 3.049457855469745e-06
1291 3.012453275373824e-06
1292 2.975865805295633e-06
1293 2.939691162140045e-06
1294 2.9039251015507855e-06
1295 2.868563417622914e-06
1296 2.833601942616716e-06
1297 2.7990365466729965e-06
1298 2.7648631375297738e-06
1299 2.7310776602403886e-06
1300 2.6976760968930143e-06
1301 2.6646544663315845e-06
1302 2.632008823878127e-06
1303 2.5997352610565117e-06
1304 2.567829905317612e-06
1305 2.5362889197658837e-06
1306 2.505108502887355e-06
1307 2.474284888279034e-06
1308 2.443814344379731e-06
1309 2.413693174202305e-06
1310 2.383917715067315e-06
1311 2.3544843383381015e-06
1312 2.3253894491572736e-06
1313 2.2966294861846233e-06
1314 2.2682009213364504e-06
1315 2.240100259526307e-06
1316 2.2123240384071587e-06
1317 2.184868828114959e-06
1318 2.157731231013642e-06
1319 2.130907881441529e-06
1320 2.104395445459148e-06
1321 2.0781906205984653e-06
1322 2.0522901356135315e-06
1323 2.0266907502325365e-06
1324 2.0013892549112743e-06
1325 1.9763824705880132e-06
1326 1.9516672484397804e-06
1327 1.927240469640043e-06
1328 1.9030990451177982e-06
1329 1.8792399153180604e-06
1330 1.8556600499637567e-06
1331 1.8323564478190126e-06
1332 1.809326136453837e-06
1333 1.7865661720102034e-06
1334 1.7640736389695184e-06
1335 1.7418456499214862e-06
1336 1.7198793453343563e-06
1337 1.6981718933265582e-06
1338 1.6767204894397175e-06
1339 1.6555223564130553e-06
1340 1.6345747439591612e-06
1341 1.613874928541146e-06
1342 1.593420213151161e-06
1343 1.573207927090293e-06
1344 1.5532354257498197e-06
1345 1.5335000903938345e-06
1346 1.5139993279432254e-06
1347 1.4947305707610182e-06
1348 1.4756912764390684e-06
1349 1.4568789275861064e-06
1350 1.4382910316171309e-06
1351 1.4199251205441444e-06
1352 1.401778750768232e-06
1353 1.3838495028729771e-06
1354 1.3661349814192088e-06
1355 1.3486328147410813e-06
1356 1.3313406547434808e-06
1357 1.314256176700753e-06
1358 1.2973770790567506e-06
1359 1.280701083226196e-06
1360 1.264225933397356e-06
1361 1.2479493963360218e-06
1362 1.2318692611907952e-06
1363 1.2159833392996713e-06
1364 1.2002894639979183e-06
1365 1.1847854904272485e-06
1366 1.169469295346274e-06
1367 1.1543387769422479e-06
1368 1.1393918546440819e-06
1369 1.124626468936639e-06
1370 1.110040581176295e-06
1371 1.0956321734077668e-06
1372 1.0813992481821993e-06
1373 1.0673398283765106e-06
1374 1.0534519570139884e-06
1375 1.0397336970861334e-06
1376 1.0261831313757454e-06
1377 1.0127983622812476e-06
1378 9.995775116422447e-07
1379 9.86518720566308e-07
1380 9.736201492569862e-07
1381 9.60879976843035e-07
1382 9.482964012088592e-07
1383 9.358676388261672e-07
1384 9.235919245868277e-07
1385 9.114675116369264e-07
1386 8.99492671212019e-07
1387 8.876656924735725e-07
1388 8.759848823465912e-07
1389 8.644485653584241e-07
1390 8.530550834787458e-07
1391 8.418027959607066e-07
1392 8.306900791832491e-07
1393 8.197153264945821e-07
1394 8.088769480568115e-07
1395 7.981733706917179e-07
1396 7.876030377276801e-07
1397 7.771644088477359e-07
1398 7.668559599387787e-07
1399 7.566761829418809e-07
1400 7.46623585703741e-07
1401 7.366966918292486e-07
1402 7.268940405351625e-07
1403 7.172141865048957e-07
1404 7.076556997444032e-07
1405 6.982171654391656e-07
1406 6.888971838122646e-07
1407 6.796943699835456e-07
1408 6.706073538298585e-07
1409 6.616347798463772e-07
1410 6.527753070089863e-07
1411 6.440276086377342e-07
1412 6.35390372261344e-07
1413 6.268622994827794e-07
1414 6.184421058458585e-07
1415 6.101285207029103e-07
1416 6.019202870834693e-07
1417 5.938161615640019e-07
1418 5.858149141386587e-07
1419 5.779153280910499e-07
1420 5.701161998670344e-07
1421 5.624163389485204e-07
1422 5.548145677282702e-07
1423 5.473097213857053e-07
1424 5.399006477637039e-07
1425 5.325862072463882e-07
1426 5.253652726378944e-07
1427 5.182367290421187e-07
1428 5.111994737434379e-07
1429 5.042524160883945e-07
1430 4.973944773683434e-07
1431 4.906245907030543e-07
1432 4.839417009252648e-07
1433 4.773447644661771e-07
1434 4.7083274924189414e-07
1435 4.644046345407904e-07
1436 4.580594109118096e-07
1437 4.5179608005368635e-07
1438 4.456136547050848e-07
1439 4.395111585356486e-07
1440 4.334876260379581e-07
1441 4.2754210242038857e-07
1442 4.216736435008637e-07
1443 4.158813156014991e-07
1444 4.1016419544413134e-07
1445 4.045213700467255e-07
1446 3.9895193662065724e-07
1447 3.9345500246886334e-07
1448 3.880296848848549e-07
1449 3.826751110525894e-07
1450 3.7739041794719406e-07
1451 3.72174752236537e-07
1452 3.670272701836397e-07
1453 3.6194713754992627e-07
1454 3.569335294993033e-07
1455 3.5198563050306594e-07
1456 3.471026342456239e-07
1457 3.4228374353104264e-07
1458 3.3752817019039507e-07
1459 3.328351349899169e-07
1460 3.28203867539962e-07
1461 3.236336062047511e-07
1462 3.1912359801291015e-07
1463 3.1467309856879174e-07
1464 3.1028137196457496e-07
1465 3.059476906931386e-07
1466 3.0167133556170217e-07
1467 2.974515956062301e-07
1468 2.9328776800659304e-07
1469 2.891791580024826e-07
1470 2.8512507881007245e-07
1471 2.8112485153942254e-07
1472 2.7717780511262047e-07
1473 2.732832761826544e-07
1474 2.694406090530137e-07
1475 2.6564915559801167e-07
1476 2.6190827518382434e-07
1477 2.5821733459024264e-07
1478 2.5457570793313034e-07
1479 2.5098277658758496e-07
1480 2.4743792911179496e-07
1481 2.439405611715897e-07
1482 2.40490075465676e-07
1483 2.3708588165155762e-07
1484 2.337273962721314e-07
1485 2.3041404268295666e-07
1486 2.271452509801916e-07
1487 2.2392045792919297e-07
1488 2.2073910689377362e-07
1489 2.1760064776611306e-07
1490 2.145045368973168e-07
1491 2.1145023702861896e-07
1492 2.0843721722322412e-07
1493 2.0546495279878328e-07
1494 2.0253292526049913e-07
1495 1.9964062223485633e-07
1496 1.9678753740397195e-07
1497 1.939731704405612e-07
1498 1.9119702694351426e-07
1499 1.8845861837407926e-07
1500 1.857574619926469e-07
1501 1.8309308079613236e-07
1502 1.8046500345594964e-07
1503 1.7787276425657391e-07
1504 1.753159030346877e-07
1505 1.727939651189057e-07
1506 1.7030650127007474e-07
1507 1.6785306762214328e-07
1508 1.654332256235972e-07
1509 1.6304654197945675e-07
1510 1.6069258859383032e-07
1511 1.5837094251302116e-07
1512 1.5608118586918195e-07
1513 1.5382290582451372e-07
1514 1.5159569451600443e-07
1515 1.4939914900070255e-07
1516 1.4723287120152233e-07
1517 1.4509646785357566e-07
1518 1.429895504510268e-07
1519 1.4091173519446556e-07
1520 1.3886264293879506e-07
1521 1.3684189914162937e-07
1522 1.3484913381219782e-07
1523 1.3288398146075064e-07
1524 1.3094608104846332e-07
1525 1.290350759378341e-07
1526 1.2715061384357215e-07
1527 1.252923467839708e-07
1528 1.2345993103276332e-07
1529 1.2165302707145613e-07
1530 1.1987129954213624e-07
1531 1.1811441720074886e-07
1532 1.1638205287084067e-07
1533 1.1467388339776595e-07
1534 1.1298958960335079e-07
1535 1.1132885624101195e-07
1536 1.0969137195132656e-07
1537 1.0807682921804882e-07
1538 1.0648492432456985e-07
1539 1.0491535731081719e-07
1540 1.033678319305898e-07
1541 1.0184205560932552e-07
1542 1.003377394022965e-07
1543 9.885459795322977e-08
1544 9.739234945334856e-08
1545 9.595071560083149e-08
1546 9.452942156068523e-08
1547 9.312819592502804e-08
1548 9.174677067377959e-08
1549 9.03848811357545e-08
1550 8.904226595015531e-08
1551 8.771866702846206e-08
1552 8.641382951671447e-08
1553 8.512750175818377e-08
1554 8.385943525643028e-08
1555 8.260938463874389e-08
1556 8.137710761996359e-08
1557 8.016236496667292e-08
1558 7.896492046176813e-08
1559 7.778454086939544e-08
1560 7.662099590025456e-08
1561 7.547405817726457e-08
1562 7.434350320158969e-08
1563 7.322910931902105e-08
1564 7.213065768671174e-08
1565 7.10479322402617e-08
1566 6.998071966114933e-08
1567 6.892880934450685e-08
1568 6.789199336723611e-08
1569 6.687006645646185e-08
1570 6.58628259583194e-08
1571 6.487007180707364e-08
1572 6.38916064945663e-08
1573 6.292723503998855e-08
