0 0.0
1 5.623413251903491e-06
2 1.1246763258253779e-05
3 1.6869955151788026e-05
4 2.249289406879993e-05
5 2.8115485151807008e-05
6 3.373763355221769e-05
7 3.935924443299807e-05
8 4.498022297133824e-05
9 5.0600474361318146e-05
10 5.6219903816572736e-05
11 6.183841657295644e-05
12 6.745591789120678e-05
13 7.307231305960701e-05
14 7.868750739664784e-05
15 8.430140625368775e-05
16 8.991391501761229e-05
17 9.552493911349198e-05
18 0.00010113438400723855
19 0.00010674215520825983
20 0.00011234815827211292
21 0.00011795229880315542
22 0.000123554482457195
23 0.00012915461494413682
24 0.00013475260203062894
25 0.00014034834954270548
26 0.00014594176336842746
27 0.0001515327494605214
28 0.00015712121383901524
29 0.00016270706259387152
30 0.0001682902018876184
31 0.00017387053795797706
32 0.00017944797712048696
33 0.00018502242577112747
34 0.00019059379038893678
35 0.0001961619775386273
36 0.000201726893873198
37 0.000207288446136543
38 0.0002128465411660569
39 0.00021840108589523628
40 0.00022395198735627775
41 0.00022949915268267163
42 0.00023504248911179225
43 0.00024058190398748385
44 0.0002461173047626425
45 0.0002516485990017938
46 0.0002571756943836658
47 0.0002626984987037585
48 0.00026821691987690733
49 0.00027373086593984356
50 0.0002792402450537484
51 0.00028474496550680387
52 0.00029024493571673727
53 0.0002957400642333615
54 0.00030123025974110996
55 0.0003067154310615662
56 0.0003121954871559882
57 0.00031767033712782754
58 0.0003231398902252423
59 0.00032860405584360516
60 0.0003340627435280052
61 0.0003395158629757444
62 0.00034496332403882734
63 0.00035040503672644613
64 0.00035584091120745775
65 0.0003612708578128568
66 0.0003666947870382405
67 0.000372112609546268
68 0.0003775242361691136
69 0.00038292957791091195
70 0.0003883285459501984
71 0.0003937210516423412
72 0.0003991070065219674
73 0.0004044863223053816
74 0.00040985891089297805
75 0.00041522468437164476
76 0.00042058355501716144
77 0.00042593543529658925
78 0.00043128023787065354
79 0.0004366178755961189
80 0.00044194826152815694
81 0.0004472713089227057
82 0.00045258693123882216
83 0.0004578950421410261
84 0.0004631955555016366
85 0.00046848838540309993
86 0.00047377344614030973
87 0.00047905065222291865
88 0.00048431991837764247
89 0.0004895811595505544
90 0.0004948342909093719
91 0.0005000792278457352
92 0.0005053158859774761
93 0.0005105441811508791
94 0.0005157640294429327
95 0.0005209753471635728
96 0.0005261780508579164
97 0.0005313720573084863
98 0.000536557283537427
99 0.0005417336468087113
100 0.0005469010646303364
101 0.0005520594547565132
102 0.0005572087351898433
103 0.0005623488241834876
104 0.0005674796402433263
105 0.0005726011021301074
106 0.0005777131288615861
107 0.0005828156397146545
108 0.0005879085542274615
109 0.000592991792201522
110 0.0005980652737038168
111 0.0006031289190688808
112 0.0006081826489008832
113 0.0006132263840756955
114 0.0006182600457429498
115 0.0006232835553280866
116 0.0006282968345343912
117 0.0006332998053450218
118 0.0006382923900250236
119 0.0006432745111233345
120 0.0006482460914747792
121 0.0006532070542020525
122 0.000658157322717691
123 0.0006630968207260346
124 0.0006680254722251761
125 0.0006729432015089003
126 0.0006778499331686116
127 0.0006827455920952489
128 0.0006876301034811918
129 0.0006925033928221528
130 0.0006973653859190592
131 0.0007022160088799236
132 0.0007070551881217007
133 0.0007118828503721359
134 0.0007166989226715984
135 0.0007215033323749049
136 0.0007262960071531305
137 0.0007310768749954071
138 0.0007358458642107108
139 0.0007406029034296364
140 0.0007453479216061599
141 0.0007500808480193892
142 0.0007548016122753011
143 0.0007595101443084682
144 0.000764206374383771
145 0.0007688902330980989
146 0.0007735616513820392
147 0.0007782205605015516
148 0.0007828668920596308
149 0.0007875005779979584
150 0.0007921215505985389
151 0.0007967297424853247
152 0.0008013250866258277
153 0.0008059075163327186
154 0.0008104769652654125
155 0.0008150333674316414
156 0.0008195766571890142
157 0.0008241067692465635
158 0.0008286236386662789
159 0.0008331272008646271
160 0.0008376173916140587
161 0.0008420941470445022
162 0.0008465574036448437
163 0.0008510070982643946
164 0.0008554431681143443
165 0.0008598655507691991
166 0.0008642741841682108
167 0.0008686690066167875
168 0.0008730499567878933
169 0.0008774169737234335
170 0.0008817699968356262
171 0.0008861089659083609
172 0.0008904338210985415
173 0.0008947445029374168
174 0.0008990409523318974
175 0.0009033231105658578
176 0.0009075909193014239
177 0.0009118443205802493
178 0.0009160832568247742
179 0.0009203076708394717
180 0.0009245175058120816
181 0.0009287127053148263
182 0.0009328932133056166
183 0.0009370589741292398
184 0.0009412099325185363
185 0.0009453460335955603
186 0.0009494672228727266
187 0.000953573446253943
188 0.0009576646500357291
189 0.0009617407809083191
190 0.0009658017859567521
191 0.0009698476126619459
192 0.000973878208901758
193 0.0009778935229520322
194 0.000981893503487628
195 0.00098587809958344
196 0.000989847260715397
197 0.000993800936761452
198 0.0009977390780025552
199 0.0010016616351236104
200 0.0010055685592144196
201 0.0010094598017706135
202 0.0010133353146945627
203 0.00101719505029628
204 0.001021038961294303
205 0.0010248670008165652
206 0.0010286791224012517
207 0.0010324752799976379
208 0.0010362554279669156
209 0.0010400195210830056
210 0.00104376751453335
211 0.0010474993639196968
212 0.0010512150252588632
213 0.001054914454983488
214 0.001058597609942768
215 0.0010622644474031792
216 0.0010659149250491823
217 0.0010695490009839162
218 0.0010731666337298721
219 0.0010767677822295576
220 0.001080352405846141
221 0.0010839204643640836
222 0.0010874719179897582
223 0.001091006727352048
224 0.0010945248535029345
225 0.0010980262579180701
226 0.0011015109024973327
227 0.0011049787495653691
228 0.0011084297618721213
229 0.0011118639025933371
230 0.0011152811353310683
231 0.0011186814241141508
232 0.0011220647333986726
233 0.0011254310280684246
234 0.0011287802734353367
235 0.001132112435239901
236 0.0011354274796515765
237 0.001138725373269182
238 0.0011420060831212721
239 0.001145269576666499
240 0.0011485158217939587
241 0.0011517447868235233
242 0.001154956440506157
243 0.0011581507520242178
244 0.001161327690991745
245 0.0011644872274547294
246 0.0011676293318913723
247 0.001170753975212325
248 0.0011738611287609184
249 0.0011769507643133719
250 0.001180022854078993
251 0.00118307737070036
252 0.001186114287253486
253 0.0011891335772479753
254 0.0011921352146271593
255 0.0011951191737682191
256 0.0011980854294822946
257 0.0012010339570145765
258 0.0012039647320443863
259 0.0012068777306852387
260 0.0012097729294848918
261 0.00121265030542538
262 0.001215509835923035
263 0.001218351498828489
264 0.001221175272426667
265 0.001223981135436761
266 0.0012267690670121909
267 0.0012295390467405517
268 0.0012322910546435448
269 0.0012350250711768956
270 0.001237741077230255
271 0.00124043905412709
272 0.0012431189836245552
273 0.0012457808479133532
274 0.0012484246296175798
275 0.0012510503117945536
276 0.0012536578779346328
277 0.0012562473119610176
278 0.001258818598229536
279 0.0012613717215284185
280 0.0012639066670780573
281 0.0012664234205307496
282 0.0012689219679704298
283 0.0012714022959123856
284 0.0012738643913029596
285 0.0012763082415192387
286 0.0012787338343687275
287 0.001281141158089009
288 0.0012835302013473914
289 0.0012859009532405388
290 0.0012882534032940915
291 0.0012905875414622697
292 0.0012929033581274639
293 0.0012952008440998133
294 0.0012974799906167668
295 0.001299740789342635
296 0.0013019832323681241
297 0.0013042073122098592
298 0.0013064130218098926
299 0.0013086003545351988
300 0.001310769304177156
301 0.0013129198649510152
302 0.0013150520314953536
303 0.001317165798871516
304 0.0013192611625630448
305 0.001321338118475092
306 0.0013233966629338223
307 0.0013254367926858013
308 0.0013274585048973701
309 0.0013294617971540083
310 0.0013314466674596813
311 0.0013334131142361785
312 0.001335361136322435
313 0.0013372907329738414
314 0.0013392019038615422
315 0.0013410946490717197
316 0.0013429689691048657
317 0.0013448248648750406
318 0.00134666233770912
319 0.001348481389346028
320 0.0013502820219359586
321 0.0013520642380395846
322 0.0013538280406272542
323 0.0013555734330781735
324 0.001357300419179579
325 0.001359009003125898
326 0.0013606991895178935
327 0.0013623709833618
328 0.0013640243900684473
329 0.0013656594154523689
330 0.0013672760657309029
331 0.0013688743475232773
332 0.0013704542678496855
333 0.0013720158341303502
334 0.001373559054184572
335 0.0013750839362297728
336 0.0013765904888805196
337 0.0013780787211475438
338 0.0013795486424367453
339 0.0013810002625481849
340 0.0013824335916750672
341 0.0013838486404027105
342 0.001385245419707507
343 0.0013866239409558699
344 0.0013879842159031704
345 0.001389326256692664
346 0.0013906500758544052
347 0.0013919556863041507
348 0.0013932431013422531
349 0.001394512334652542
350 0.0013957634003011973
351 0.0013969963127356058
352 0.001398211086783216
353 0.001399407737650374
354 0.0014005862809211534
355 0.0014017467325561734
356 0.0014028891088914083
357 0.001404013426636982
358 0.001405119702875959
359 0.0014062079550631198
360 0.001407278201023728
361 0.0014083304589522872
362 0.00140936474741129
363 0.0014103810853299532
364 0.001411379492002946
365 0.0014123599870891073
366 0.0014133225906101548
367 0.0014142673229493822
368 0.0014151942048503479
369 0.0014161032574155556
370 0.0014169945021051224
371 0.0014178679607354412
372 0.0014187236554778309
373 0.0014195616088571784
374 0.001420381843750572
375 0.0014211843833859261
376 0.001421969251340595
377 0.0014227364715399783
378 0.0014234860682561209
379 0.001424218066106299
380 0.0014249324900516003
381 0.0014256293653954965
382 0.001426308717782405
383 0.0014269705731962425
384 0.0014276149579589724
385 0.0014282418987291413
386 0.001428851422500408
387 0.0014294435566000658
388 0.0014300183286875547
389 0.001430575766752967
390 0.0014311158991155435
391 0.001431638754422164
392 0.0014321443616458283
393 0.0014326327500841288
394 0.0014331039493577192
395 0.0014335579894087715
396 0.0014339949004994266
397 0.0014344147132102395
398 0.0014348174584386158
399 0.0014352031673972388
400 0.0014355718716124943
401 0.0014359236029228846
402 0.001436258393477435
403 0.0014365762757340972
404 0.0014368772824581424
405 0.0014371614467205487
406 0.0014374288018963817
407 0.0014376793816631697
408 0.0014379132199992702
409 0.0014381303511822312
410 0.0014383308097871469
411 0.0014385146306850059
412 0.001438681849041032
413 0.001438832500313023
414 0.0014389666202496792
415 0.0014390842448889268
416 0.0014391854105562387
417 0.0014392701538629442
418 0.0014393385117045375
419 0.0014393905212589776
420 0.001439426219984985
421 0.001439445645620331
422 0.0014394488361801207
423 0.0014394358299550758
424 0.0014394066655098062
425 0.0014393613816810777
426 0.0014393000175760785
427 0.0014392226125706767
428 0.0014391292063076725
429 0.0014390198386950498
430 0.0014388945499042185
431 0.0014387533803682548
432 0.001438596370780135
433 0.0014384235620909672
434 0.0014382349955082163
435 0.0014380307124939253
436 0.001437810754762933
437 0.0014375751642810872
438 0.0014373239832634523
439 0.0014370572541725158
440 0.0014367750197163882
441 0.001436477322846999
442 0.0014361642067582919
443 0.0014358357148844137
444 0.0014354918908978979
445 0.0014351327787078501
446 0.0014347584224581246
447 0.0014343688665255003
448 0.001433964155517853
449 0.0014335443342723237
450 0.0014331094478534847
451 0.0014326595415515015
452 0.001432194660880293
453 0.0014317148515756869
454 0.001431220159593575
455 0.0014307106311080636
456 0.0014301863125096208
457 0.0014296472504032234
458 0.0014290934916064996
459 0.0014285250831478705
460 0.0014279420722646862
461 0.0014273445064013645
462 0.0014267324332075239
463 0.0014261059005361149
464 0.0014254649564415486
465 0.0014248096491778276
466 0.0014241400271966694
467 0.0014234561391456295
468 0.0014227580338662274
469 0.0014220457603920634
470 0.0014213193679469393
471 0.0014205789059429765
472 0.0014198244239787315
473 0.0014190559718373094
474 0.00141827359948448
475 0.0014174773570667883
476 0.0014166672949096658
477 0.0014158434635155417
478 0.0014150059135619513
479 0.001414154695899645
480 0.001413289861550694
481 0.0014124114617066004
482 0.0014115195477264004
483 0.0014106141711347714
484 0.0014096953836201362
485 0.0014087632370327692
486 0.0014078177833828987
487 0.0014068590748388123
488 0.0014058871637249615
489 0.001404902102520063
490 0.0014039039438552045
491 0.001402892740511948
492 0.0014018685454204331
493 0.0014008314116574813
494 0.001399781392444701
495 0.001398718541146591
496 0.0013976429112686458
497 0.0013965545564554615
498 0.001395453530488842
499 0.0013943398872859043
500 0.001393213680897188
501 0.0013920749655047613
502 0.001390923795420331
503 0.0013897602250833529
504 0.0013885843090591413
505 0.0013873961020369819
506 0.0013861956588282446
507 0.0013849830343644971
508 0.0013837582836956225
509 0.0013825214619879321
510 0.0013812726245222883
511 0.0013800118266922216
512 0.0013787391240020516
513 0.0013774545720650119
514 0.0013761582266013728
515 0.0013748501434365681
516 0.0013735303784993239
517 0.001372198987819789
518 0.001370856027527664
519 0.0013695015538503395
520 0.0013681356231110293
521 0.0013667582917269102
522 0.0013653696162072616
523 0.0013639696531516084
524 0.001362558459247867
525 0.0013611360912704922
526 0.0013597026060786278
527 0.0013582580606142588
528 0.0013568025119003672
529 0.0013553360170390895
530 0.001353858633209878
531 0.0013523704176676642
532 0.001350871427741025
533 0.001349361720830352
534 0.0013478413544060254
535 0.0013463103860065872
536 0.0013447688732369217
537 0.0013432168737664365
538 0.0013416544453272476
539 0.0013400816457123683
540 0.001338498532773901
541 0.001336905164421231
542 0.0013353015986192283
543 0.0013336878933864467
544 0.0013320641067933315
545 0.0013304302969604292
546 0.0013287865220566006
547 0.0013271328402972371
548 0.001325469309942484
549 0.0013237959892954626
550 0.0013221129367005022
551 0.00132042021054137
552 0.0013187178692395112
553 0.0013170059712522882
554 0.0013152845750712266
555 0.0013135537392202654
556 0.0013118135222540104
557 0.001310063982755993
558 0.0013083051793369332
559 0.0013065371706330064
560 0.0013047600153041157
561 0.0013029737720321678
562 0.0013011784995193558
563 0.0012993742564864422
564 0.001297561101671052
565 0.0012957390938259671
566 0.0012939082917174263
567 0.0012920687541234308
568 0.0012902205398320535
569 0.001288363707639756
570 0.0012864983163497067
571 0.0012846244247701072
572 0.0012827420917125223
573 0.0012808513759902157
574 0.0012789523364164915
575 0.00127704503180304
576 0.001275129520958288
577 0.0012732058626857585
578 0.0012712741157824307
579 0.0012693343390371094
580 0.001267386591228797
581 0.001265430931125074
582 0.0012634674174804837
583 0.0012614961090349206
584 0.0012595170645120293
585 0.0012575303426176042
586 0.001255536002037998
587 0.0012535341014385357
588 0.001251524699461933
589 0.0012495078547267219
590 0.0012474836258256833
591 0.0012454520713242833
592 0.0012434132497591158
593 0.0012413672196363548
594 0.0012393140394302074
595 0.0012372537675813774
596 0.0012351864624955324
597 0.001233112182541779
598 0.0012310309860511434
599 0.001228942931315058
600 0.001226848076583856
601 0.0012247464800652702
602 0.0012226381999229396
603 0.0012205232942749224
604 0.0012184018211922165
605 0.0012162738386972832
606 0.0012141394047625817
607 0.0012119985773091084
608 0.0012098514142049408
609 0.0012076979732637929
610 0.0012055383122435727
611 0.0012033724888449494
612 0.001201200560709925
613 0.001199022585420416
614 0.0011968386204968392
615 0.0011946487233967051
616 0.0011924529515132192
617 0.0011902513621738892
618 0.0011880440126391387
619 0.0011858309601009314
620 0.0011836122616813965
621 0.0011813879744314673
622 0.001179158155329522
623 0.0011769228612800355
624 0.001174682149112236
625 0.0011724360755787685
626 0.001170184697354368
627 0.0011679280710345378
628 0.0011656662531342357
629 0.001163399300086568
630 0.0011611272682414903
631 0.001158850213864515
632 0.0011565681931354286
633 0.0011542812621470138
634 0.0011519894769037792
635 0.0011496928933207003
636 0.0011473915672219615
637 0.001145085554339711
638 0.0011427749103128221
639 0.0011404596906856596
640 0.001138139950906857
641 0.0011358157463280984
642 0.0011334871322029104
643 0.0011311541636854613
644 0.0011288168958293655
645 0.0011264753835864994
646 0.0011241296818058223
647 0.0011217798452322044
648 0.0011194259285052662
649 0.0011170679861582228
650 0.001114706072616734
651 0.0011123402421977689
652 0.001109970549108471
653 0.0011075970474450354
654 0.0011052197911915922
655 0.001102838834219099
656 0.0011004542302842405
657 0.001098066033028334
658 0.0010956742959762483
659 0.0010932790725353238
660 0.0010908804159943054
661 0.0010884783795222816
662 0.0010860730161676307
663 0.001083664378856977
664 0.0010812525203941533
665 0.001078837493459172
666 0.0010764193506072038
667 0.0010739981442675656
668 0.0010715739267427148
669 0.0010691467502072526
670 0.0010667166667069356
671 0.0010642837281576941
672 0.0010618479863446601
673 0.001059409492921202
674 0.0010569682994079686
675 0.0010545244571919402
676 0.0010520780175254873
677 0.00104962903152544
678 0.0010471775501721626
679 0.0010447236243086371
680 0.0010422673046395557
681 0.0010398086417304211
682 0.0010373476860066537
683 0.0010348844877527085
684 0.0010324190971112
685 0.0010299515640820333
686 0.001027481938521546
687 0.0010250102701416567
688 0.0010225366085090217
689 0.0010200610030442
690 0.0010175835030208269
691 0.0010151041575647954
692 0.001012623015653445
693 0.0010101401261147598
694 0.0010076555376265746
695 0.0010051692987157884
696 0.0010026814577575865
697 0.0010001920629746706
698 0.0009977011624364971
699 0.0009952088040585249
700 0.000992715035601468
701 0.0009902199046705595
702 0.0009877234587148218
703 0.0009852257450263468
704 0.0009827268107395813
705 0.000980226702830624
706 0.0009777254681165282
707 0.000975223153254612
708 0.0009727198047417807
709 0.000970215468913852
710 0.0009677101919448926
711 0.0009652040198465628
712 0.0009626969984674673
713 0.0009601891734925162
714 0.0009576805904422929
715 0.0009551712946724296
716 0.0009526613313729922
717 0.0009501507455678735
718 0.0009476395821141911
719 0.0009451278857016981
720 0.0009426157008521983
721 0.0009401030719189707
722 0.0009375900430862028
723 0.0009350766583684294
724 0.0009325629616099821
725 0.0009300489964844461
726 0.000927534806494123
727 0.0009250204349695042
728 0.0009225059250687512
729 0.0009199913197771827
730 0.0009174766619067717
731 0.0009149619940956493
732 0.0009124473588076155
733 0.0009099327983316605
734 0.0009074183547814914
735 0.0009049040700950675
736 0.0009023899860341438
737 0.0008998761441838227
738 0.0008973625859521118
739 0.0008948493525694908
740 0.0008923364850884877
741 0.0008898240243832581
742 0.0008873120111491775
743 0.0008848004859024384
744 0.0008822894889796553
745 0.0008797790605374782
746 0.0008772692405522134
747 0.0008747600688194517
748 0.0008722515849537055
749 0.0008697438283880509
750 0.0008672368383737805
751 0.000864730653980062
752 0.0008622253140936042
753 0.0008597208574183313
754 0.0008572173224750657
755 0.0008547147476012154
756 0.0008522131709504712
757 0.0008497126304925121
758 0.0008472131640127151
759 0.0008447148091118748
760 0.0008422176032059309
761 0.0008397215835257004
762 0.0008372267871166201
763 0.0008347332508384946
764 0.0008322410113652522
765 0.0008297501051847084
766 0.0008272605685983364
767 0.0008247724377210445
768 0.0008222857484809617
769 0.0008198005366192296
770 0.000817316837689802
771 0.0008148346870592511
772 0.0008123541199065825
773 0.0008098751712230547
774 0.0008073978758120079
775 0.0008049222682886994
776 0.0008024483830801448
777 0.0007999762544249684
778 0.0007975059163732581
779 0.0007950374027864299
780 0.0007925707473370976
781 0.0007901059835089497
782 0.000787643144596633
783 0.0007851822637056454
784 0.0007827233737522309
785 0.0007802665074632867
786 0.0007778116973762732
787 0.0007753589758391323
788 0.000772908375010213
789 0.0007704599268582026
790 0.000768013663162065
791 0.0007655696155109857
792 0.0007631278153043243
793 0.0007606882937515717
794 0.0007582510818723156
795 0.0007558162104962119
796 0.0007533837102629629
797 0.0007509536116223007
798 0.0007485259448339803
799 0.0007461007399677749
800 0.0007436780269034806
801 0.0007412578353309276
802 0.0007388401947499951
803 0.0007364251344706351
804 0.0007340126836129019
805 0.0007316028711069871
806 0.0007291957256932621
807 0.0007267912759223251
808 0.0007243895501550557
809 0.0007219905765626758
810 0.0007195943831268155
811 0.0007172009976395851
812 0.0007148104477036554
813 0.0007124227607323405
814 0.0007100379639496897
815 0.0007076560843905836
816 0.0007052771489008368
817 0.0007029011841373061
818 0.000700528216568006
819 0.0006981582724722272
820 0.0006957913779406639
821 0.0006934275588755451
822 0.0006910668409907725
823 0.0006887092498120636
824 0.0006863548106771006
825 0.0006840035487356849
826 0.0006816554889498981
827 0.0006793106560942673
828 0.0006769690747559362
829 0.0006746307693348426
830 0.0006722957640439014
831 0.0006699640829091911
832 0.0006676357497701477
833 0.0006653107882797647
834 0.0006629892219047948
835 0.0006606710739259619
836 0.0006583563674381739
837 0.0006560451253507434
838 0.0006537373703876137
839 0.0006514331250875877
840 0.0006491324118045647
841 0.0006468352527077809
842 0.0006445416697820549
843 0.0006422516848280387
844 0.0006399653194624742
845 0.0006376825951184533
846 0.0006354035330456842
847 0.0006331281543107625
848 0.0006308564797974461
849 0.0006285885302069368
850 0.0006263243260581651
851 0.0006240638876880805
852 0.0006218072352519461
853 0.0006195543887236398
854 0.0006173053678959563
855 0.0006150601923809179
856 0.000612818881610088
857 0.0006105814548348886
858 0.0006083479311269236
859 0.000606118329378306
860 0.0006038926683019901
861 0.000601670966432107
862 0.0005994532421243056
863 0.0005972395135560983
864 0.0005950297987272091
865 0.0005928241154599284
866 0.0005906224813994706
867 0.0005884249140143364
868 0.0005862314305966786
869 0.0005840420482626739
870 0.0005818567839528969
871 0.0005796756544326988
872 0.0005774986762925905
873 0.0005753258659486298
874 0.000573157239642812
875 0.0005709928134434649
876 0.0005688326032456479
877 0.000566676624771554
878 0.0005645248935709172
879 0.0005623774250214227
880 0.0005602342343291203
881 0.0005580953365288436
882 0.0005559607464846308
883 0.0005538304788901504
884 0.0005517045482691296
885 0.0005495829689757881
886 0.0005474657551952732
887 0.0005453529209440996
888 0.0005432444800705935
889 0.0005411404462553385
890 0.0005390408330116257
891 0.0005369456536859081
892 0.0005348549214582563
893 0.00053276864934282
894 0.0005306868501882908
895 0.000528609536678369
896 0.000526536721332234
897 0.0005244684165050176
898 0.0005224046343882797
899 0.0005203453870104889
900 0.0005182906862375041
901 0.0005162405437730611
902 0.0005141949711592607
903 0.0005121539797770605
904 0.0005101175808467695
905 0.000508085785428546
906 0.0005060586044228979
907 0.0005040360485711857
908 0.0005020181284561293
909 0.000500004854502316
910 0.0004979962369767129
911 0.0004959922859891811
912 0.0004939930114929924
913 0.0004919984232853494
914 0.0004900085310079078
915 0.00048802334414730096
916 0.00048604287203566753
917 0.0004840671238511815
918 0.0004820961086185845
919 0.00048012983520972043
920 0.00047816831234407346
921 0.0004762115485893067
922 0.00047425955236180483
923 0.0004723123319272184
924 0.00047036989540101
925 0.00046843225074900366
926 0.00046649940578793537
927 0.00046457136818600625
928 0.0004626481454634386
929 0.00046072974499303254
930 0.00045881617400072585
931 0.0004569074395661558
932 0.00045500354862322253
933 0.0004531045079606543
934 0.00045121032422257567
935 0.0004493210039090765
936 0.0004474365533767831
937 0.00044555697883943214
938 0.00044368228636844484
939 0.00044181248189350387
940 0.00043994757120313253
941 0.000438087559945274
942 0.000436232453627874
943 0.00043438225761946426
944 0.0004325369771497474
945 0.000430696617310184
946 0.0004288611830545811
947 0.00042703067919968175
948 0.0004252051104257565
949 0.0004233844812771968
950 0.00042156879616310835
951 0.00041975805935790753
952 0.0004179522750019184
953 0.00041615144710197065
954 0.0004143555795320002
955 0.0004125646760336494
956 0.00041077874021686967
957 0.0004089977755605252
958 0.00040722178541299726
959 0.0004054507729927901
960 0.0004036847413891386
961 0.0004019236935626151
962 0.00040016763234573984
963 0.00039841656044359053
964 0.00039667048043441356
965 0.0003949293947702362
966 0.00039319330577748034
967 0.00039146221565757554
968 0.0003897361264875748
969 0.0003880150402207703
970 0.0003862989586873097
971 0.00038458788359481405
972 0.00038288181652899574
973 0.0003811807589542778
974 0.0003794847122144134
975 0.00037779367753310646
976 0.00037610765601463257
977 0.0003744266486444609
978 0.00037275065628987664
979 0.00037107967970060365
980 0.0003694137195094279
981 0.0003677527762328221
982 0.0003660968502715693
983 0.0003644459419113887
984 0.0003628000513235606
985 0.0003611591785655525
986 0.00035952332358164503
987 0.000357892486203559
988 0.00035626666615108177
989 0.0003546458630326953
990 0.0003530300763462028
991 0.0003514193054793572
992 0.00034981354971048886
993 0.00034821280820913377
994 0.0003466170800366621
995 0.00034502636414690687
996 0.00034344065938679243
997 0.00034185996449696333
998 0.0003402842781124133
999 0.00033871359876311405
1000 0.0003371479248746441
1001 0.00033558725476881833
1002 0.0003340315866643163
1003 0.0003324809186773112
1004 0.0003309352488220992
1005 0.00032939457501172763
1006 0.0003278588950586237
1007 0.0003263282066752234
1008 0.0003248025074745991
1009 0.00032328179497108806
1010 0.00032176606658092054
1011 0.00032025531962284694
1012 0.0003187495513187656
1013 0.00031724875879434974
1014 0.0003157529390796741
1015 0.0003142620891098418
1016 0.00031277620572561023
1017 0.0003112952856740166
1018 0.0003098193256090039
1019 0.00030834832209204505
1020 0.0003068822715927677
1021 0.0003054211704895787
1022 0.0003039650150702867
1023 0.00030251380153272596
1024 0.0003010675259853785
1025 0.00029962618444799604
1026 0.0002981897728522213
1027 0.0002967582870422091
1028 0.00029533172277524603
1029 0.0002939100757223702
1030 0.0002924933414689903
1031 0.0002910815155155033
1032 0.0002896745932779123
1033 0.00028827257008844326
1034 0.00028687544119616084
1035 0.0002854832017675837
1036 0.00028409584688729927
1037 0.00028271337155857696
1038 0.00028133577070398134
1039 0.00027996303916598436
1040 0.0002785951717075758
1041 0.0002772321630128745
1042 0.00027587400768773696
1043 0.0002745207002603664
1044 0.0002731722351819199
1045 0.00027182860682711547
1046 0.00027048980949483705
1047 0.0002691558374087399
1048 0.00026782668471785363
1049 0.0002665023454971852
1050 0.0002651828137483204
1051 0.00026386808340002425
1052 0.0002625581483088406
1053 0.00026125300225969067
1054 0.0002599526389664697
1055 0.0002586570520726438
1056 0.0002573662351518444
1057 0.0002560801817084623
1058 0.00025479888517824026
1059 0.0002535223389288646
1060 0.00025225053626055504
1061 0.0002509834704066542
1062 0.0002497211345342151
1063 0.0002484635217445877
1064 0.00024721062507400404
1065 0.0002459624374941626
1066 0.00024471895191281056
1067 0.0002434801611743251
1068 0.00024224605806029377
1069 0.00024101663529009284
1070 0.00023979188552146472
1071 0.00023857180135109375
1072 0.00023735637531518077
1073 0.00023614559989001643
1074 0.00023493946749255254
1075 0.00023373797048097252
1076 0.0002325411011552603
1077 0.00023134885175776743
1078 0.00023016121447377906
1079 0.00022897818143207844
1080 0.00022779974470550954
1081 0.00022662589631153876
1082 0.00022545662821281441
1083 0.00022429193231772527
1084 0.00022313180048095713
1085 0.00022197622450404822
1086 0.0002208251961359424
1087 0.0002196787070735417
1088 0.00021853674896225633
1089 0.00021739931339655348
1090 0.0002162663919205047
1091 0.00021513797602833133
1092 0.0002140140571649482
1093 0.00021289462672650618
1094 0.00021177967606093235
1095 0.00021066919646846926
1096 0.00020956317920221165
1097 0.00020846161546864234
1098 0.00020736449642816564
1099 0.00020627181319563957
1100 0.000205183556840906
1101 0.00020409971838931937
1102 0.00020302028882227327
1103 0.00020194525907772556
1104 0.00020087462005072157
1105 0.0001998083625939157
1106 0.00019874647751809077
1107 0.0001976889555926761
1108 0.00019663578754626354
1109 0.00019558696406712158
1110 0.00019454247580370782
1111 0.0001935023133651795
1112 0.00019246646732190215
1113 0.0001914349282059564
1114 0.00019040768651164307
1115 0.00018938473269598623
1116 0.00018836605717923417
1117 0.00018735165034535918
1118 0.00018634150254255455
1119 0.00018533560408373026
1120 0.00018433394524700668
1121 0.00018333651627620604
1122 0.00018234330738134232
1123 0.00018135430873910907
1124 0.00018036951049336518
1125 0.00017938890275561895
1126 0.00017841247560551
1127 0.00017744021909128912
1128 0.00017647212323029663
1129 0.00017550817800943814
1130 0.00017454837338565877
1131 0.00017359269928641526
1132 0.00017264114561014597
1133 0.00017169370222673905
1134 0.00017075035897799853
1135 0.0001698111056781084
1136 0.00016887593211409449
1137 0.00016794482804628486
1138 0.00016701778320876752
1139 0.00016609478730984653
1140 0.00016517583003249593
1141 0.0001642609010348116
1142 0.00016334998995046104
1143 0.00016244308638913151
1144 0.00016154017993697531
1145 0.00016064126015705366
1146 0.00015974631658977856
1147 0.00015885533875335185
1148 0.00015796831614420308
1149 0.00015708523823742475
1150 0.0001562060944872056
1151 0.00015533087432726187
1152 0.00015445956717126654
1153 0.00015359216241327622
1154 0.00015272864942815614
1155 0.0001518690175720032
1156 0.0001510132561825664
1157 0.0001501613545796657
1158 0.00014931330206560862
1159 0.0001484690879256044
1160 0.00014762870142817673
1161 0.0001467921318255735
1162 0.00014595936835417518
1163 0.00014513040023490085
1164 0.00014430521667361176
1165 0.00014348380686151325
1166 0.0001426661599755544
1167 0.00014185226517882533
1168 0.00014104211162095258
1169 0.00014023568843849244
1170 0.00013943298475532193
1171 0.00013863398968302765
1172 0.00013783869232129292
1173 0.00013704708175828195
1174 0.0001362591470710228
1175 0.00013547487732578758
1176 0.0001346942615784707
1177 0.0001339172888749651
1178 0.000133143948251536
1179 0.00013237422873519302
1180 0.00013160811934405958
1181 0.00013084560908774062
1182 0.000130086686967688
1183 0.00012933134197756362
1184 0.00012857956310360073
1185 0.00012783133932496265
1186 0.00012708665961409988
1187 0.00012634551293710456
1188 0.00012560788825406307
1189 0.00012487377451940652
1190 0.00012414316068225887
1191 0.00012341603568678314
1192 0.00012269238847252532
1193 0.00012197220797475624
1194 0.00012125548312481121
1195 0.00012054220285042771
1196 0.00011983235607608064
1197 0.00011912593172331566
1198 0.0001184229187110804
1199 0.00011772330595605334
1200 0.00011702708237297086
1201 0.00011633423687495184
1202 0.00011564475837382032
1203 0.00011495863578042603
1204 0.00011427585800496273
1205 0.00011359641395728444
1206 0.00011292029254721949
1207 0.00011224748268488272
1208 0.00011157797328098515
1209 0.00011091175324714177
1210 0.00011024881149617734
1211 0.00010958913694242975
1212 0.00010893271850205151
1213 0.00010827954509330911
1214 0.00010762960563688019
1215 0.00010698288905614863
1216 0.00010633938427749763
1217 0.00010569908023060054
1218 0.00010506196584870978
1219 0.00010442803006894348
1220 0.00010379726183257016
1221 0.00010316965008529136
1222 0.00010254518377752194
1223 0.00010192385186466867
1224 0.00010130564330740644
1225 0.00010069054707195256
1226 0.00010007855213033886
1227 9.946964746068194e-05
1228 9.886382204745115e-05
1229 9.826106488173453e-05
1230 9.76613649615029e-05
1231 9.706471129187161e-05
1232 9.647109288536047e-05
1233 9.588049876215156e-05
1234 9.529291795034491e-05
1235 9.470833948621232e-05
1236 9.412675241444904e-05
1237 9.35481457884234e-05
1238 9.29725086704245e-05
1239 9.239983013190786e-05
1240 9.183009925373896e-05
1241 9.126330512643493e-05
1242 9.069943685040416e-05
1243 9.013848353618381e-05
1244 8.958043430467551e-05
1245 8.902527828737896e-05
1246 8.847300462662348e-05
1247 8.792360247579781e-05
1248 8.737706099957764e-05
1249 8.683336937415136e-05
1250 8.62925167874438e-05
1251 8.575449243933805e-05
1252 8.521928554189513e-05
1253 8.4686885319572e-05
1254 8.415728100943737e-05
1255 8.363046186138572e-05
1256 8.310641713834935e-05
1257 8.258513611650841e-05
1258 8.206660808549913e-05
1259 8.155082234862011e-05
1260 8.103776822303655e-05
1261 8.052743503998278e-05
1262 8.001981214496278e-05
1263 7.95148888979487e-05
1264 7.901265467357769e-05
1265 7.851309886134681e-05
1266 7.801621086580581e-05
1267 7.752198010674833e-05
1268 7.703039601940115e-05
1269 7.654144805461144e-05
1270 7.605512567903234e-05
1271 7.557141837530655e-05
1272 7.509031564224815e-05
1273 7.461180699502254e-05
1274 7.413588196532457e-05
1275 7.366253010155479e-05
1276 7.319174096899402e-05
1277 7.272350414997582e-05
1278 7.225780924405756e-05
1279 7.179464586818921e-05
1280 7.13340036568808e-05
1281 7.08758722623677e-05
1282 7.042024135477439e-05
1283 6.996710062227627e-05
1284 6.951643977125982e-05
1285 6.90682485264809e-05
1286 6.862251663122139e-05
1287 6.817923384744393e-05
1288 6.773838995594513e-05
1289 6.729997475650681e-05
1290 6.686397806804565e-05
1291 6.643038972876108e-05
1292 6.599919959628143e-05
1293 6.557039754780836e-05
1294 6.514397348025971e-05
1295 6.471991731041037e-05
1296 6.42982189750318e-05
1297 6.38788684310296e-05
1298 6.34618556555795e-05
1299 6.304717064626171e-05
1300 6.263480342119356e-05
1301 6.222474401916044e-05
1302 6.181698249974517e-05
1303 6.141150894345575e-05
1304 6.100831345185129e-05
1305 6.060738614766655e-05
1306 6.020871717493463e-05
1307 5.9812296699108244e-05
1308 5.9418114907179244e-05
1309 5.90261620077966e-05
1310 5.863642823138277e-05
1311 5.824890383024845e-05
1312 5.786357907870586e-05
1313 5.748044427318028e-05
1314 5.709948973232017e-05
1315 5.6720705797105635e-05
1316 5.63440828309554e-05
1317 5.59696112198322e-05
1318 5.559728137234664e-05
1319 5.522708371985953e-05
1320 5.4859008716582704e-05
1321 5.449304683967831e-05
1322 5.412918858935656e-05
1323 5.376742448897207e-05
1324 5.3407745085118615e-05
1325 5.30501409477224e-05
1326 5.269460267013396e-05
1327 5.2341120869218415e-05
1328 5.1989686185444416e-05
1329 5.1640289282971553e-05
1330 5.129292084973633e-05
1331 5.0947571597536676e-05
1332 5.060423226211508e-05
1333 5.026289360324022e-05
1334 4.992354640478725e-05
1335 4.95861814748166e-05
1336 4.925078964565143e-05
1337 4.891736177395364e-05
1338 4.858588874079854e-05
1339 4.825636145174806e-05
1340 4.792877083692269e-05
1341 4.7603107851071964e-05
1342 4.727936347364356e-05
1343 4.695752870885122e-05
1344 4.663759458574108e-05
1345 4.6319552158256876e-05
1346 4.600339250530367e-05
1347 4.568910673081034e-05
1348 4.537668596379072e-05
1349 4.5066121358403434e-05
1350 4.475740409401043e-05
1351 4.4450525375234226e-05
1352 4.414547643201389e-05
1353 4.384224851965966e-05
1354 4.354083291890643e-05
1355 4.324122093596586e-05
1356 4.294340390257724e-05
1357 4.2647373176057174e-05
1358 4.235312013934797e-05
1359 4.206063620106481e-05
1360 4.176991279554167e-05
1361 4.148094138287611e-05
1362 4.11937134489727e-05
1363 4.090822050558543e-05
1364 4.062445409035875e-05
1365 4.034240576686753e-05
1366 4.006206712465581e-05
1367 3.978342977927441e-05
1368 3.950648537231726e-05
1369 3.923122557145675e-05
1370 3.895764207047774e-05
1371 3.86857265893106e-05
1372 3.841547087406301e-05
1373 3.814686669705063e-05
1374 3.787990585682669e-05
1375 3.761458017821051e-05
1376 3.735088151231477e-05
1377 3.7088801736571807e-05
1378 3.6828332754758827e-05
1379 3.656946649702192e-05
1380 3.631219491989914e-05
1381 3.605651000634238e-05
1382 3.580240376573832e-05
1383 3.554986823392819e-05
1384 3.529889547322661e-05
1385 3.50494775724393e-05
1386 3.48016066468798e-05
1387 3.455527483838515e-05
1388 3.4310474315330564e-05
1389 3.406719727264311e-05
1390 3.382543593181433e-05
1391 3.358518254091195e-05
1392 3.3346429374590505e-05
1393 3.3109168734101084e-05
1394 3.287339294730003e-05
1395 3.2639094368656685e-05
1396 3.2406265379260194e-05
1397 3.2174898386825395e-05
1398 3.194498582569765e-05
1399 3.171652015685685e-05
1400 3.1489493867920486e-05
1401 3.126389947314568e-05
1402 3.103972951343045e-05
1403 3.081697655631399e-05
1404 3.0595633195976e-05
1405 3.0375692053235288e-05
1406 3.0157145775547293e-05
1407 2.993998703700082e-05
1408 2.972420853831394e-05
1409 2.950980300682894e-05
1410 2.929676319650646e-05
1411 2.908508188791879e-05
1412 2.887475188824229e-05
1413 2.8665766031248973e-05
1414 2.8458117177297305e-05
1415 2.8251798213322125e-05
1416 2.8046802052823745e-05
1417 2.7843121635856326e-05
1418 2.7640749929015344e-05
1419 2.74396799254243e-05
1420 2.723990464472068e-05
1421 2.704141713304108e-05
1422 2.6844210463005553e-05
1423 2.6648277733701254e-05
1424 2.6453612070665238e-05
1425 2.6260206625866535e-05
1426 2.6068054577687535e-05
1427 2.5877149130904514e-05
1428 2.5687483516667527e-05
1429 2.5499050992479517e-05
1430 2.5311844842174743e-05
1431 2.5125858375896425e-05
1432 2.4941084930073774e-05
1433 2.4757517867398233e-05
1434 2.4575150576799067e-05
1435 2.4393976473418273e-05
1436 2.421398899858477e-05
1437 2.4035181619787948e-05
1438 2.3857547830650505e-05
1439 2.36810811509007e-05
1440 2.3505775126343857e-05
1441 2.333162332883325e-05
1442 2.3158619356240395e-05
1443 2.2986756832424656e-05
1444 2.2816029407202174e-05
1445 2.264643075631431e-05
1446 2.247795458139531e-05
1447 2.2310594609939467e-05
1448 2.2144344595267645e-05
1449 2.1979198316493182e-05
1450 2.181514957848723e-05
1451 2.1652192211843493e-05
1452 2.1490320072842392e-05
1453 2.132952704341463e-05
1454 2.1169807031104226e-05
1455 2.101115396903097e-05
1456 2.0853561815852295e-05
1457 2.0697024555724646e-05
1458 2.0541536198264272e-05
1459 2.0387090778507476e-05
1460 2.0233682356870366e-05
1461 2.008130501910804e-05
1462 1.992995287627327e-05
1463 1.9779620064674666e-05
1464 1.9630300745834347e-05
1465 1.9481989106445076e-05
1466 1.9334679358326923e-05
1467 1.9188365738383437e-05
1468 1.9043042508557303e-05
1469 1.889870395578557e-05
1470 1.875534439195436e-05
1471 1.8612958153853097e-05
1472 1.8471539603128354e-05
1473 1.8331083126237137e-05
1474 1.8191583134399792e-05
1475 1.805303406355244e-05
1476 1.7915430374298967e-05
1477 1.7778766551862575e-05
1478 1.7643037106036936e-05
1479 1.7508236571136882e-05
1480 1.7374359505948692e-05
1481 1.7241400493679967e-05
1482 1.710935414190911e-05
1483 1.697821508253436e-05
1484 1.6847977971722484e-05
1485 1.671863748985706e-05
1486 1.659018834148632e-05
1487 1.6462625255270704e-05
1488 1.6335942983929977e-05
1489 1.6210136304189963e-05
1490 1.608520001672897e-05
1491 1.5961128946123827e-05
1492 1.583791794079552e-05
1493 1.5715561872954563e-05
1494 1.559405563854597e-05
1495 1.547339415719388e-05
1496 1.5353572372145882e-05
1497 1.523458525021699e-05
1498 1.5116427781733292e-05
1499 1.4999094980475277e-05
1500 1.4882581883620857e-05
1501 1.4766883551688082e-05
1502 1.4651995068477516e-05
1503 1.4537911541014365e-05
1504 1.4424628099490266e-05
1505 1.43121398972048e-05
1506 1.4200442110506726e-05
1507 1.4089529938734918e-05
1508 1.3979398604159033e-05
1509 1.3870043351919918e-05
1510 1.3761459449969738e-05
1511 1.3653642189011812e-05
1512 1.3546586882440265e-05
1513 1.3440288866279353e-05
1514 1.3334743499122566e-05
1515 1.3229946162071504e-05
1516 1.3125892258674486e-05
1517 1.3022577214864927e-05
1518 1.2919996478899502e-05
1519 1.2818145521296068e-05
1520 1.2717019834771358e-05
1521 1.2616614934178476e-05
1522 1.2516926356444163e-05
1523 1.2417949660505846e-05
1524 1.2319680427248518e-05
1525 1.2222114259441373e-05
1526 1.212524678167426e-05
1527 1.2029073640293961e-05
1528 1.1933590503340264e-05
1529 1.1838793060481842e-05
1530 1.174467702295198e-05
1531 1.1651238123484099e-05
1532 1.1558472116247118e-05
1533 1.146637477678066e-05
1534 1.1374941901930065e-05
1535 1.128416930978127e-05
1536 1.1194052839595528e-05
1537 1.1104588351743954e-05
1538 1.1015771727641945e-05
1539 1.0927598869683452e-05
1540 1.0840065701175106e-05
1541 1.0753168166270194e-05
1542 1.0666902229902535e-05
1543 1.05812638777202e-05
1544 1.0496249116019113e-05
1545 1.0411853971676526e-05
1546 1.0328074492084395e-05
1547 1.0244906745082604e-05
1548 1.0162346818892124e-05
1549 1.0080390822048027e-05
1550 9.999034883332412e-06
1551 9.918275151707229e-06
1552 9.838107796247012e-06
1553 9.758529006071506e-06
1554 9.679534990278208e-06
1555 9.601121977874838e-06
1556 9.523286217711692e-06
1557 9.446023978413951e-06
1558 9.369331548313904e-06
1559 9.293205235383073e-06
1560 9.217641367164312e-06
1561 9.142636290703794e-06
1562 9.068186372482976e-06
1563 8.994287998350471e-06
1564 8.920937573453886e-06
1565 8.848131522171594e-06
1566 8.775866288044457e-06
1567 8.704138333707514e-06
1568 8.632944140821603e-06
1569 8.56228021000496e-06
1570 8.492143060764775e-06
1571 8.422529231428716e-06
1572 8.3534352790764e-06
1573 8.284857779470874e-06
1574 8.216793326990034e-06
1575 8.14923853455804e-06
1576 8.082190033576706e-06
1577 8.015644473856874e-06
1578 7.949598523549764e-06
1579 7.88404886907833e-06
1580 7.818992215068596e-06
1581 7.75442528428098e-06
1582 7.690344817541632e-06
1583 7.626747573673756e-06
1584 7.563630329428942e-06
1585 7.500989879418497e-06
1586 7.438823036044797e-06
1587 7.377126629432624e-06
1588 7.315897507360546e-06
1589 7.25513253519229e-06
1590 7.1948285958081395e-06
1591 7.134982589536355e-06
1592 7.075591434084622e-06
1593 7.016652064471501e-06
1594 6.958161432957941e-06
1595 6.900116508978801e-06
1596 6.842514279074393e-06
1597 6.7853517468220975e-06
1598 6.7286259327679835e-06
1599 6.6723338743584714e-06
1600 6.616472625872064e-06
1601 6.561039258351093e-06
1602 6.506030859533521e-06
1603 6.451444533784806e-06
1604 6.3972774020297975e-06
1605 6.3435266016846954e-06
1606 6.290189286589071e-06
1607 6.237262626937937e-06
1608 6.18474380921387e-06
1609 6.132630036119222e-06
1610 6.0809185265083665e-06
1611 6.029606515320031e-06
1612 5.978691253509685e-06
1613 5.928170007982011e-06
1614 5.878040061523436e-06
1615 5.828298712734746e-06
1616 5.778943275963775e-06
1617 5.729971081238167e-06
1618 5.681379474198229e-06
1619 5.633165816029856e-06
1620 5.585327483397547e-06
1621 5.537861868377503e-06
1622 5.490766378390814e-06
1623 5.4440384361367424e-06
1624 5.397675479526081e-06
1625 5.351674961614625e-06
1626 5.30603435053673e-06
1627 5.260751129438956e-06
1628 5.215822796413831e-06
1629 5.1712468644337015e-06
1630 5.127020861284685e-06
1631 5.083142329500732e-06
1632 5.039608826297793e-06
1633 4.996417923508079e-06
1634 4.953567207514459e-06
1635 4.911054279184934e-06
1636 4.868876753807248e-06
1637 4.827032261023598e-06
1638 4.785518444765473e-06
1639 4.744332963188586e-06
1640 4.7034734886079515e-06
1641 4.6629377074330655e-06
1642 4.622723320103203e-06
1643 4.582828041022852e-06
1644 4.543249598497263e-06
1645 4.503985734668118e-06
1646 4.46503420544934e-06
1647 4.426392780463017e-06
1648 4.388059242975461e-06
1649 4.350031389833397e-06
1650 4.312307031400285e-06
1651 4.274883991492771e-06
1652 4.237760107317275e-06
1653 4.200933229406718e-06
1654 4.164401221557374e-06
1655 4.128161960765878e-06
1656 4.092213337166354e-06
1657 4.056553253967698e-06
1658 4.021179627390996e-06
1659 3.986090386607086e-06
1660 3.95128347367426e-06
1661 3.91675684347612e-06
1662 3.882508463659573e-06
1663 3.848536314572969e-06
1664 3.814838389204402e-06
1665 3.7814126931201433e-06
1666 3.7482572444032365e-06
1667 3.7153700735922397e-06
1668 3.68274922362012e-06
1669 3.6503927497533016e-06
1670 3.6182987195308667e-06
1671 3.586465212703915e-06
1672 3.554890321175078e-06
1673 3.5235721489381832e-06
1674 3.4925088120180924e-06
1675 3.4616984384106813e-06
1676 3.431139168022988e-06
1677 3.400829152613523e-06
1678 3.370766555732737e-06
1679 3.340949552663648e-06
1680 3.311376330362643e-06
1681 3.2820450874004296e-06
1682 3.2529540339031587e-06
1683 3.2241013914937167e-06
1684 3.1954853932331763e-06
1685 3.1671042835624164e-06
1686 3.1389563182439125e-06
1687 3.111039764303694e-06
1688 3.0833528999734652e-06
1689 3.0558940146329063e-06
1690 3.028661408752136e-06
1691 3.001653393834347e-06
1692 2.9748682923586167e-06
1693 2.9483044377228864e-06
1694 2.9219601741871133e-06
1695 2.8958338568165985e-06
1696 2.8699238514254897e-06
1697 2.84422853452045e-06
1698 2.8187462932445154e-06
1699 2.7934755253211183e-06
1700 2.7684146389982868e-06
1701 2.7435620529930283e-06
1702 2.7189161964358847e-06
1703 2.694475508815662e-06
1704 2.67023843992435e-06
1705 2.6462034498022087e-06
1706 2.6223690086830362e-06
1707 2.5987335969396248e-06
1708 2.575295705029386e-06
1709 2.552053833440159e-06
1710 2.529006492636209e-06
1711 2.5061522030043916e-06
1712 2.48348949480051e-06
1713 2.46101690809585e-06
1714 2.4387329927239e-06
1715 2.4166363082272482e-06
1716 2.3947254238046696e-06
1717 2.3729989182583917e-06
1718 2.3514553799415443e-06
1719 2.330093406705797e-06
1720 2.3089116058491743e-06
1721 2.287908594064063e-06
1722 2.2670829973853978e-06
1723 2.246433451139035e-06
1724 2.225958599890312e-06
1725 2.2056570973927904e-06
1726 2.185527606537187e-06
1727 2.1655687993004876e-06
1728 2.1457793566952513e-06
1729 2.1261579687190967e-06
1730 2.1067033343043797e-06
1731 2.0874141612680505e-06
1732 2.068289166261706e-06
1733 2.0493270747218247e-06
1734 2.030526620820187e-06
1735 2.0118865474144873e-06
1736 1.993405605999132e-06
1737 1.9750825566562203e-06
1738 1.9569161680067225e-06
1739 1.938905217161836e-06
1740 1.9210484896745346e-06
1741 1.9033447794913051e-06
1742 1.8857928889040711e-06
1743 1.8683916285023031e-06
1744 1.851139817125322e-06
1745 1.834036281814785e-06
1746 1.8170798577673608e-06
1747 1.8002693882875976e-06
1748 1.7836037247409727e-06
1749 1.7670817265071336e-06
1750 1.7507022609333293e-06
1751 1.7344642032880246e-06
1752 1.7183664367147069e-06
1753 1.7024078521858798e-06
1754 1.6865873484572438e-06
1755 1.6709038320220657e-06
1756 1.655356217065738e-06
1757 1.6399434254205214e-06
1758 1.62466438652048e-06
1759 1.6095180373566022e-06
1760 1.5945033224321093e-06
1761 1.5796191937179508e-06
1762 1.56486461060849e-06
1763 1.550238539877374e-06
1764 1.5357399556335922e-06
1765 1.5213678392777225e-06
1766 1.5071211794583638e-06
1767 1.4929989720287549e-06
1768 1.4790002200035818e-06
1769 1.46512393351597e-06
1770 1.4513691297746643e-06
1771 1.4377348330213931e-06
1772 1.4242200744884223e-06
1773 1.4108238923562908e-06
1774 1.3975453317117349e-06
1775 1.3843834445057978e-06
1776 1.3713372895121224e-06
1777 1.3584059322854318e-06
1778 1.3455884451201935e-06
1779 1.332883907009468e-06
1780 1.3202914036039433e-06
1781 1.3078100271711526e-06
1782 1.2954388765548749e-06
1783 1.2831770571347227e-06
1784 1.2710236807859101e-06
1785 1.2589778658392055e-06
1786 1.2470387370410672e-06
1787 1.235205425513963e-06
1788 1.2234770687168694e-06
1789 1.2118528104059555e-06
1790 1.2003318005954484e-06
1791 1.1889131955186803e-06
1792 1.177596157589315e-06
1793 1.1663798553627603e-06
1794 1.1552634634977548e-06
1795 1.1442461627181405e-06
1796 1.133327139774813e-06
1797 1.122505587407852e-06
1798 1.1117807043088318e-06
1799 1.10115169508331e-06
1800 1.0906177702134968e-06
1801 1.0801781460211008e-06
1802 1.0698320446303544e-06
1803 1.0595786939312167e-06
1804 1.0494173275427539e-06
1805 1.0393471847766966e-06
1806 1.029367510601175e-06
1807 1.0194775556046277e-06
1808 1.009676575959891e-06
1809 9.999638333884598e-07
1810 9.90338595124926e-07
1811 9.808001338815912e-07
1812 9.713477278132551e-07
1813 9.619806604821748e-07
1814 9.526982208232027e-07
1815 9.434997031090941e-07
1816 9.343844069159882e-07
1817 9.253516370890641e-07
1818 9.164007037083668e-07
1819 9.075309220548041e-07
1820 8.987416125763185e-07
1821 8.900321008542268e-07
1822 8.814017175697306e-07
1823 8.728497984705988e-07
1824 8.643756843380187e-07
1825 8.559787209536141e-07
1826 8.47658259066637e-07
1827 8.394136543613237e-07
1828 8.312442674244196e-07
1829 8.231494637128738e-07
1830 8.151286135216976e-07
1831 8.071810919519909e-07
1832 7.993062788791363e-07
1833 7.915035589211559e-07
1834 7.837723214072357e-07
1835 7.761119603464143e-07
1836 7.68521874396435e-07
1837 7.610014668327623e-07
1838 7.535501455177629e-07
1839 7.461673228700477e-07
1840 7.388524158339767e-07
1841 7.31604845849328e-07
1842 7.244240388211249e-07
1843 7.173094250896266e-07
1844 7.102604394004783e-07
1845 7.032765208750219e-07
1846 6.96357112980766e-07
1847 6.895016635020138e-07
1848 6.827096245106524e-07
1849 6.759804523370979e-07
1850 6.69313607541398e-07
1851 6.62708554884493e-07
1852 6.561647632996335e-07
1853 6.496817058639521e-07
1854 6.432588597701931e-07
1855 6.368957062985961e-07
1856 6.305917307889343e-07
1857 6.243464226127072e-07
1858 6.181592751454859e-07
1859 6.120297857394131e-07
1860 6.059574556958547e-07
1861 5.999417902382028e-07
1862 5.939822984848313e-07
1863 5.880784934222022e-07
1864 5.822298918781225e-07
1865 5.764360144951498e-07
1866 5.706963857041499e-07
1867 5.650105336980008e-07
1868 5.593779904054461e-07
1869 5.537982914650968e-07
1870 5.4827097619958e-07
1871 5.427955875898333e-07
1872 5.373716722495481e-07
1873 5.319987803997557e-07
1874 5.266764658435609e-07
1875 5.214042859410191e-07
1876 5.161818015841582e-07
1877 5.110085771721433e-07
1878 5.058841805865858e-07
1879 5.008081831669936e-07
1880 4.957801596863644e-07
1881 4.907996883269204e-07
1882 4.858663506559834e-07
1883 4.809797316019904e-07
1884 4.761394194306501e-07
1885 4.7134500572123705e-07
1886 4.665960853430261e-07
1887 4.618922564318646e-07
1888 4.5723312036688196e-07
1889 4.526182817473368e-07
1890 4.480473483696008e-07
1891 4.435199312042786e-07
1892 4.3903564437346246e-07
1893 4.345941051281236e-07
1894 4.301949338256369e-07
1895 4.2583775390743874e-07
1896 4.2152219187682033e-07
1897 4.172478772768525e-07
1898 4.1301444266844244e-07
1899 4.088215236085234e-07
1900 4.046687586283751e-07
1901 4.005557892120739e-07
1902 3.9648225977507496e-07
1903 3.9244781764292217e-07
1904 3.8845211303008825e-07
1905 3.844947990189428e-07
1906 3.8057553153884856e-07
1907 3.766939693453851e-07
1908 3.728497739996989e-07
1909 3.690426098479807e-07
1910 3.6527214400106724e-07
1911 3.615380463141699e-07
1912 3.578399893667264e-07
1913 3.54177648442378e-07
1914 3.505507015090691e-07
1915 3.469588291992709e-07
1916 3.434017147903272e-07
1917 3.3987904418492166e-07
1918 3.3639050589166755e-07
1919 3.3293579100581747e-07
1920 3.295145931900936e-07
1921 3.261266086556385e-07
1922 3.227715361430839e-07
1923 3.1944907690373926e-07
1924 3.161589346808981e-07
1925 3.1290081569126226e-07
1926 3.0967442860648233e-07
1927 3.064794845348162e-07
1928 3.0331569700290246e-07
1929 3.001827819376494e-07
1930 2.970804576482397e-07
1931 2.940084448082488e-07
1932 2.9096646643787724e-07
1933 2.87954247886297e-07
1934 2.8497151681411e-07
1935 2.8201800317591883e-07
1936 2.7909343920301e-07
1937 2.761975593861477e-07
1938 2.733301004584782e-07
1939 2.7049080137854525e-07
1940 2.676794033134144e-07
1941 2.648956496219061e-07
1942 2.621392858379387e-07
1943 2.594100596539782e-07
1944 2.5670772090459605e-07
1945 2.54032021550134e-07
1946 2.5138271566047555e-07
1947 2.487595593989228e-07
1948 2.461623110061795e-07
1949 2.435907307844385e-07
1950 2.4104458108157344e-07
1951 2.385236262754351e-07
1952 2.360276327582504e-07
1953 2.335563689211243e-07
1954 2.3110960513864448e-07
1955 2.2868711375358737e-07
1956 2.2628866906172569e-07
1957 2.239140472967367e-07
1958 2.2156302661521093e-07
1959 2.1923538708176038e-07
1960 2.16930910654226e-07
1961 2.1464938116898422e-07
1962 2.123905843263515e-07
1963 2.101543076760864e-07
1964 2.0794034060298935e-07
1965 2.0574847431259893e-07
1966 2.0357850181698402e-07
1967 2.014302179206324e-07
1968 1.9930341920643395e-07
1969 1.9719790402175875e-07
1970 1.9511347246462952e-07
1971 1.9304992636998777e-07
1972 1.9100706929605297e-07
1973 1.8898470651077472e-07
1974 1.8698264497837703e-07
1975 1.850006933459943e-07
1976 1.8303866193039887e-07
1977 1.8109636270481888e-07
1978 1.7917360928584672e-07
1979 1.7727021692043737e-07
1980 1.7538600247299573e-07
1981 1.7352078441255303e-07
1982 1.7167438280003163e-07
1983 1.6984661927559754e-07
1984 1.680373170461002e-07
1985 1.662463008725997e-07
1986 1.6447339705797997e-07
1987 1.6271843343464786e-07
1988 1.6098123935231832e-07
1989 1.5926164566588394e-07
1990 1.5755948472336928e-07
1991 1.5587459035396954e-07
1992 1.5420679785617236e-07
1993 1.5255594398596317e-07
1994 1.5092186694511295e-07
1995 1.493044063695485e-07
1996 1.4770340331780402e-07
1997 1.461187002595546e-07
1998 1.4455014106422984e-07
1999 1.429975709897085e-07
2000 1.4146083667109265e-07
2001 1.399397861095615e-07
2002 1.3843426866130403e-07
2003 1.3694413502653053e-07
2004 1.3546923723856193e-07
2005 1.340094286529969e-07
2006 1.3256456393695632e-07
2007 1.3113449905840438e-07
2008 1.2971909127554584e-07
2009 1.283181991262996e-07
2010 1.2693168241784747e-07
2011 1.255594022162578e-07
2012 1.242012208361841e-07
2013 1.2285700183063736e-07
2014 1.215266099808324e-07
2015 1.2020991128610725e-07
2016 1.1890677295391567e-07
2017 1.1761706338989165e-07
2018 1.1634065218798633e-07
2019 1.150774101206762e-07
2020 1.1382720912924257e-07
2021 1.1258992231412161e-07
2022 1.1136542392532487e-07
2023 1.1015358935292951e-07
2024 1.0895429511763804e-07
2025 1.0776741886140705e-07
2026 1.0659283933814473e-07
2027 1.0543043640447629e-07
2028 1.0428009101057746e-07
2029 1.0314168519107523e-07
2030 1.0201510205601563e-07
2031 1.0090022578189795e-07
2032 9.979694160277535e-08
2033 9.8705135801421e-08
2034 9.76246957005597e-08
2035 9.655550965416452e-08
2036 9.549746703881774e-08
2037 9.445045824513631e-08
2038 9.341437466926081e-08
2039 9.238910870440783e-08
2040 9.13745537324855e-08
2041 9.037060411577135e-08
2042 8.937715518865257e-08
2043 8.839410324942798e-08
2044 8.74213455521716e-08
2045 8.645878029865695e-08
2046 8.550630663034233e-08
2047 8.456382462041622e-08
2048 8.363123526590262e-08
2049 8.270844047982592e-08
2050 8.179534308343497e-08
2051 8.089184679848576e-08
2052 7.999785623958281e-08
2053 7.911327690657824e-08
2054 7.823801517702875e-08
2055 7.73719782987099e-08
2056 7.651507438218718e-08
2057 7.56672123934437e-08
2058 7.482830214656419e-08
2059 7.399825429647476e-08
2060 7.31769803317381e-08
2061 7.236439256740399e-08
2062 7.156040413791434e-08
2063 7.076492899006284e-08
2064 6.997788187600869e-08
2065 6.919917834634384e-08
2066 6.842873474321384e-08
2067 6.766646819349156e-08
2068 6.691229660200372e-08
2069 6.616613864480954e-08
2070 6.542791376253161e-08
2071 6.469754215373831e-08
2072 6.397494476837744e-08
2073 6.326004330126101e-08
2074 6.255276018560058e-08
2075 6.185301858659283e-08
2076 6.11607423950552e-08
2077 6.047585622111119e-08
2078 5.979828538792475e-08
2079 5.9127955925484015e-08
2080 5.846479456443333e-08
2081 5.780872872995386e-08
2082 5.7159686535692034e-08
2083 5.651759677773582e-08
2084 5.588238892863826e-08
2085 5.525399313148806e-08
2086 5.463234019402701e-08
2087 5.401736158281368e-08
2088 5.340898941743327e-08
2089 5.280715646475335e-08
2090 5.221179613322492e-08
2091 5.162284246722871e-08
2092 5.104023014146639e-08
2093 5.046389445539626e-08
2094 4.989377132771325e-08
2095 4.932979729087284e-08
2096 4.8771909485658644e-08
2097 4.822004565579335e-08
2098 4.767414414259268e-08
2099 4.713414387966222e-08
