0 0.0
1 0.0001
2 0.00019998000000000002
3 0.00029991000600000005
4 0.00039976004399760003
5 0.0004995001749750012
6 0.0005991005098650166
7 0.0006985312244856138
8 0.0007977625744325416
9 0.00089676490991962
10 0.0009955086905563248
11 0.0010939645000523452
12 0.0011921030608388595
13 0.0012898952485963407
14 0.0013873121066787933
15 0.0014843248604244034
16 0.0015809049313426846
17 0.0016770239511683198
18 0.0017726537757720004
19 0.0018677664989186998
20 0.001962334465863952
21 0.0020563302867788354
22 0.002149726849994533
23 0.0022424973350574787
24 0.0023346152255862753
25 0.0024260543219217375
26 0.002516788753561611
27 0.002606792991371672
28 0.0026960418595651523
29 0.0027845105474425974
30 0.0028721746208844965
31 0.002959010033589238
32 0.0030449931380491474
33 0.003130100696257621
34 0.0032143098901405757
35 0.003297598331705689
36 0.0033799440729031403
37 0.003461325615191819
38 0.0035417219188052197
39 0.003621112411711491
40 0.0036994769982623753
41 0.003776796067526059
42 0.0038530505012991834
43 0.003928221681793577
44 0.004002291498993536
45 0.004075242357679737
46 0.004147057184116182
47 0.0042177194323968405
48 0.004287213090448928
49 0.00435552268569008
50 0.004422633290336937
51 0.004488530526362958
52 0.004553200570103576
53 0.004616630156507095
54 0.0046788065830300155
55 0.004739717713175759
56 0.004799351979676078
57 0.004857698387314712
58 0.004914746515393107
59 0.004970486519838374
60 0.005024909134953894
61 0.00507800567481324
62 0.0051297680342984675
63 0.005180188689783975
64 0.005229260699467516
65 0.005276977703350158
66 0.0053233339228672795
67 0.005368324160172967
68 0.005411943797080402
69 0.005454188793661142
70 0.0054950556865064
71 0.005534541586653724
72 0.005572644177182688
73 0.005609361710483457
74 0.0056446930052023656
75 0.005678637442868785
76 0.0057111949642078995
77 0.005742366065144129
78 0.005772151792500214
79 0.005800553739397158
80 0.005827574040360425
81 0.0058532153661380116
82 0.0058774809182361495
83 0.005900374423178645
84 0.005921900126495977
85 0.005942062786450475
86 0.005960867667504065
87 0.005978320533535199
88 0.005994427640811758
89 0.006009195730726847
90 0.00602263202230454
91 0.00603474420448273
92 0.00604554042818042
93 0.006055029298156826
94 0.0060632198646698166
95 0.006070121614941301
96 0.006075744464437248
97 0.006080098747970095
98 0.006083195210631431
99 0.0060850449985628274
100 0.006085659649572782
101 0.006085051083607826
102 0.006083231593085796
103 0.006080213833099423
104 0.00607601081149829
105 0.00607063587885735
106 0.006064102718340103
107 0.00605642533546462
108 0.006047618047780523
109 0.00603769547446509
110 0.006026672525846571
111 0.006014564392862826
112 0.006001386536463327
113 0.005987154676962572
114 0.005971884783352832
115 0.005955593062584211
116 0.005938295948819837
117 0.005920010092673987
118 0.0059007523504408955
119 0.005880539773321843
120 0.0058593895966581305
121 0.005837319229177385
122 0.0058143462422605725
123 0.005790488359237001
124 0.005765763444714471
125 0.005740189493951624
126 0.005713784622279446
127 0.0056865670545787166
128 0.005658555114820098
129 0.00562976721567345
130 0.005600221848192746
131 0.005569937571582903
132 0.005538933003054671
133 0.00550722680777355
134 0.005474837688908584
135 0.00544178437778674
136 0.0054080856241583725
137 0.005373760186579155
138 0.0053388268229137
139 0.005303304280965879
140 0.005267211289240744
141 0.005230566547842741
142 0.0051933887195147405
143 0.005155696420822262
144 0.005117508213487053
145 0.005078842595874039
146 0.005039717994635479
147 0.0050001527565159505
148 0.004960165140321664
149 0.004919773309057368
150 0.0048789953222339736
151 0.0048378491283498
152 0.0047963525575482205
153 0.0047545233144542344
154 0.004712378971192385
155 0.004669936960588205
156 0.0046272145695552104
157 0.004584228932669318
158 0.00454099702593231
159 0.004497535660725887
160 0.004453861477957579
161 0.004409990942399697
162 0.004365940337222261
163 0.004321725758720738
164 0.004277363111239194
165 0.004232868102289353
166 0.004188256237865831
167 0.004143542817957723
168 0.0040987429322565
169 0.004053871456060034
170 0.004008943046372457
171 0.003963972138199327
172 0.0039189729410374985
173 0.0038739594355589307
174 0.003828945370487483
175 0.0037839442596676732
176 0.003738969379324195
177 0.003694033765510862
178 0.0036491502117475417
179 0.0036043312668434828
180 0.003559589232905348
181 0.0035149361635281235
182 0.003470383862166984
183 0.003425943880688048
184 0.003381627518095891
185 0.0033374458194355516
186 0.0032934095748666753
187 0.003249529318907349
188 0.003205815329845085
189 0.0031622776293123165
190 0.0031189259820237018
191 0.003075769895672437
192 0.003032818620982712
193 0.002990081151915364
194 0.0029475662260237258
195 0.0029052823249565915
196 0.002863237675105168
197 0.0028214402483908276
198 0.002779897763190409
199 0.0027386176853958005
200 0.0026976072296044464
201 0.002656873360437419
202 0.0026164227939816454
203 0.002576261999352836
204 0.002536397200375658
205 0.0024968343773776416
206 0.0024575792690933094
207 0.002418637374674987
208 0.0023800139558067474
209 0.0023417140389179187
210 0.002303742417492594
211 0.0022661036544715605
212 0.002228802084743074
213 0.00219184181771891
214 0.0021552267399921146
215 0.002118960518072902
216 0.0020830466011991454
217 0.0020474882242179347
218 0.002012288410534675
219 0.0019774499751262346
220 0.001942975527614673
221 0.0019088674753980918
222 0.0018751280268351957
223 0.0018417591944801727
224 0.0018087627983645353
225 0.0017761404693226038
226 0.0017438936523573466
227 0.0017120236100433364
228 0.001680531425963614
229 0.0016494180081773088
230 0.0016186840927148957
231 0.001588330247098029
232 0.0015583568738809306
233 0.0015287642142103707
234 0.001499552351401326
235 0.0014707212145254516
236 0.001442270582009568
237 0.0014142000852414055
238 0.0013865092121799233
239 0.0013591973109675622
240 0.001332263593541862
241 0.0013057071392439273
242 0.0012795268984212948
243 0.0012537216960228032
244 0.0012282902351831505
245 0.0012032311007948648
246 0.0011785427630654941
247 0.0011542235810578802
248 0.001130271806211442
249 0.0011066855858424681
250 0.0010834629666214765
251 0.0010606018980257633
252 0.001038100235765338
253 0.001015955745180496
254 0.0009941661046093562
255 0.0009727289087237442
256 0.0009516416718318822
257 0.0009309018311463961
258 0.0009105067500162291
259 0.0008904537211211044
260 0.0008707399696272494
261 0.0008513626563031599
262 0.0008323188805942362
263 0.0008136056836551964
264 0.0007952200513392285
265 0.0007771589171429028
266 0.0007594191651059313
267 0.0007419976326649185
268 0.0007248911134603036
269 0.0007080963600957598
270 0.0006916100868493667
271 0.0006754289723359318
272 0.0006595496621198923
273 0.0006439687712782835
274 0.0006286828869133109
275 0.0006136885706141193
276 0.0005989823608674029
277 0.0005845607754165475
278 0.0005704203135690524
279 0.0005565574584520191
280 0.000542968679215549
281 0.0005296504331839334
282 0.0005165991679545662
283 0.0005038113234445532
284 0.0004912833338850338
285 0.00047901162976327175
286 0.0004669926397126151
287 0.0004552227923504596
288 0.00044369851806439164
289 0.00043241625074672094
290 0.00042137242947764983
291 0.00041056350015735934
292 0.00039998591708732584
293 0.0003896361445012128
294 0.0003795106580457141
295 0.00036960594621175235
296 0.0003599185117164667
297 0.0003504448728364487
298 0.0003411815646927119
299 0.0003321251404879056
300 0.0003232721726963049
301 0.00031461925420713384
302 0.0003061629994217964
303 0.00029790004530561335
304 0.00028982705239467783
305 0.0002819407057584648
306 0.0002742377159188409
307 0.00026671481972614176
308 0.00025936878119299403
309 0.0002521963922865753
310 0.0002451944736800169
311 0.0002383598754636652
312 0.00023168947781692766
313 0.0002251801916414403
314 0.00021882895915629986
315 0.00021263275445611304
316 0.00020658858403262088
317 0.00020069348726066215
318 0.00019494453684924524
319 0.0001893388392585004
320 0.0001838735350832895
321 0.0001785457994042512
322 0.00017335284210706124
323 0.00016829190817068968
324 0.00016336027792543514
325 0.0001585552672815173
326 0.00015387422792900602
327 0.00014931454750986557
328 0.00014487364976288714
329 0.00014054899464228232
330 0.00013633807841070488
331 0.00013223843370746422
332 0.00012824762959268897
333 0.00012436327156819428
334 0.00012058300157579914
335 0.00011690449797383562
336 0.00011332547549258293
337 0.00010984368516935365
338 0.00010645691426395103
339 0.00010316298615520768
340 9.99597602193088e-05
341 9.684513169059303e-05
342 9.38170315055155e-05
343 9.0873426130448e-05
344 8.801231737398172e-05
345 8.523174218438743e-05
346 8.25297724328783e-05
347 7.990451468330968e-05
348 7.735410994893948e-05
349 7.487673343686211e-05
350 7.247059428071768e-05
351 7.013393526226653e-05
352 6.786503252240873e-05
353 6.566219526221546e-05
354 6.352376543452854e-05
355 6.144811742667208e-05
356 5.9433657734808375e-05
357 5.7478824630458896e-05
358 5.558208781969815e-05
359 5.374194809551763e-05
360 5.195693698384367e-05
361 5.0225616383682025e-05
362 4.8546578201849476e-05
363 4.69184439827407e-05
364 4.533986453356713e-05
365 4.380951954549185e-05
366 4.2326117211073395e-05
367 4.088839383841901e-05
368 3.949511346243608e-05
369 3.8145067453559246e-05
370 3.6837074124318364e-05
371 3.55699783341016e-05
372 3.434265109245605e-05
373 3.315398916125705e-05
374 3.2002914656066404e-05
375 3.088837464698815e-05
376 2.9809340759320038e-05
377 2.8764808774287614e-05
378 2.7753798230137544e-05
379 2.6775352023855904e-05
380 2.582853601376694e-05
381 2.4912438623257593e-05
382 2.4026170445862953e-05
383 2.3168863851937874e-05
384 2.233967259713035e-05
385 2.1537771432862523e-05
386 2.076235571901601e-05
387 2.0012641039008785e-05
388 1.9287862817442036e-05
389 1.8587275940486437e-05
390 1.7910154379168608e-05
391 1.7255790815710215e-05
392 1.6623496273063554e-05
393 1.601259974777977e-05
394 1.5422447846337552e-05
395 1.4852404425052744e-05
396 1.430185023368155e-05
397 1.377018256282278e-05
398 1.3256814895217455e-05
399 1.2761176561037018e-05
400 1.228271239724475e-05
401 1.1820882411108347e-05
402 1.1375161447935177e-05
403 1.0945038863095665e-05
404 1.0530018198394085e-05
405 1.0129616862840296e-05
406 9.743365817870314e-06
407 9.370809267058041e-06
408 9.011504350355337e-06
409 8.665020842892361e-06
410 8.330940858365296e-06
411 8.008858557033715e-06
412 7.69837985834532e-06
413 7.399122158201351e-06
414 7.110714050871672e-06
415 6.832795055564537e-06
416 6.565015347652003e-06
417 6.307035494548309e-06
418 6.05852619623482e-06
419 5.819168030421754e-06
420 5.588651202333591e-06
421 5.366675299101856e-06
422 5.152949048746032e-06
423 4.947190083720441e-06
424 4.749124709002183e-06
425 4.55848767469271e-06
426 4.375021953103018e-06
427 4.198478520290269e-06
428 4.028616142011284e-06
429 3.865201164056409e-06
430 3.708007306925192e-06
431 3.5568154648035185e-06
432 3.411413508800117e-06
433 3.2715960943987024e-06
434 3.137164473080548e-06
435 3.0079263080708545e-06
436 2.883695494160967e-06
437 2.764291981557328e-06
438 2.649541603706896e-06
439 2.5392759090477864e-06
440 2.433331996632936e-06
441 2.331552355573771e-06
442 2.2337847082500946e-06
443 2.139881857231742e-06
444 2.049701535856955e-06
445 1.9631062624118994e-06
446 1.8799631978553216e-06
447 1.8001440070319406e-06
448 1.723524723317876e-06
449 1.6499856166411667e-06
450 1.5794110648202455e-06
451 1.5116894281631195e-06
452 1.4467129272699319e-06
453 1.3843775239815726e-06
454 1.3245828054170513e-06
455 1.267231871042419e-06
456 1.2122312227141868e-06
457 1.1594906576403463e-06
458 1.1089231642023446e-06
459 1.0604448205816194e-06
460 1.013974696134607e-06
461 9.694347554604856e-07
462 9.267497651062816e-07
463 8.858472028543852e-07
464 8.466571695379555e-07
465 8.091123033301687e-07
466 7.731476964537576e-07
467 7.387008142578087e-07
468 7.057114166093394e-07
469 6.741214815477318e-07
470 6.438751311506977e-07
471 6.149185595610546e-07
472 5.871999631242123e-07
473 5.606694725869207e-07
474 5.352790873084718e-07
475 5.109826114362317e-07
476 4.877355919980486e-07
477 4.654952588647796e-07
478 4.442204665368813e-07
479 4.238716377097164e-07
480 4.044107085729479e-07
481 3.8580107580011607e-07
482 3.680075451852201e-07
483 3.5099628188386365e-07
484 3.3473476221725585e-07
485 3.191917269981017e-07
486 3.04337136338155e-07
487 2.9014212589794805e-07
488 2.7657896453995566e-07
489 2.6362101334718943e-07
490 2.512426859699608e-07
491 2.3941941026428464e-07
492 2.281275911861337e-07
493 2.1734457490648278e-07
494 2.0704861411280938e-07
495 1.9721883446344152e-07
