0.1 3.6602156799999994
0.056234132519034905 4.975012784526178
0.03162277660168379 6.732208826257364
0.01778279410038923 9.078573781984735
0.01 12.209855661933876
0.005623413251903491 16.387397484876317
0.003162277660168379 21.95962193099864
0.001778279410038923 29.391439484414953
0.001 39.30267367369802
0.0005623413251903491 52.520224551518595
0.00031622776601683794 70.14652532123742
0.00017782794100389227 93.65189681249102
0.0001 124.9971736040138
5.6234132519034914e-05 166.79690745746151
3.1622776601683795e-05 222.53796140648018
1.778279410038923e-05 296.86996139855927
1e-05 395.99329143983397
5.623413251903491e-06 528.176498554615
3.1622776601683796e-06 704.4456437436315
1.7782794100389227e-06 939.5042832370648
1e-06 1252.9601919795375
5.62341325190349e-07 1670.960394496919
3.162277660168379e-07 2228.3725741323624
