0 0.0
1 0.003162277660168379
2 0.006304555320336758
3 0.009397022717164746
4 0.012410499642843992
5 0.015316897324694522
6 0.01808965909623558
7 0.020704170605060898
8 0.02313813057351315
9 0.025371874154506178
10 0.02738864217443066
11 0.029174790987677703
12 0.030719939236465238
13 0.032017049464437695
14 0.03306244421951803
15 0.033855757946865864
16 0.034399827564281844
17 0.03470052608130652
18 0.034766544926239866
19 0.034609131745876015
20 0.0342417913125028
21 0.03367995779218275
22 0.03294064698742029
23 0.03204209726537644
24 0.031003407728274646
25 0.02984418179241406
26 0.028584183740538595
27 0.027243015029591967
28 0.025839816207179636
29 0.024392999253497673
30 0.022920014060675505
31 0.02143715162788529
32 0.01995938542604353
33 0.018500251305372955
34 0.017071765313336963
35 0.015684377885396776
36 0.014346962087014033
37 0.013066832936788564
38 0.01184979433609276
39 0.01070020977278981
40 0.009621092752993925
41 0.008614212837971551
42 0.007680213211784167
43 0.006818735864519292
44 0.006028550729004368
45 0.005307685437364146
46 0.004653552748693133
47 0.004063073121694564
48 0.003532790348496401
49 0.0030589786115650863
50 0.0026377397601807283
51 0.0022650900140195147
52 0.0019370356791267435
53 0.0016496377985460624
54 0.0013990659511116394
55 0.001181641654709288
56 0.0009938720240386266
57 0.0008324744787286324
58 0.0006943933982337798
59 0.0005768096790977457
60 0.00047714417259390893
61 0.0003930559716524062
62 0.000322436480833463
63 0.00026340014738373565
64 0.00021427266039168705
65 0.0001735773436461111
66 0.00014002038041344093
67 0.00011247541882516605
68 8.996801812928599e-05
69 7.166031130309188e-05
70 5.683618043055504e-05
71 4.488716922507337e-05
72 3.5299293018388154e-05
73 2.764085087855647e-05
74 2.1551297323556862e-05
75 1.6731192115627714e-05
76 1.293321537297157e-05
77 9.95421106975478e-06
78 7.628204153535221e-06
79 5.820324175710791e-06
80 4.421560676013698e-06
81 3.344271778008062e-06
82 2.518366777393025e-06
83 1.888085242339636e-06
84 1.4092986755906682e-06
85 1.047265574718625e-06
