0 0.0 0.0 0.0
1 0.09499999999999999 0.089088147498457 0.10091185250154297
2 0.08519999999999998 0.08165176100015795 0.08874823899984202
3 0.0798 0.07598031414904313 0.08361968585095686
4 0.07010000000000001 0.06745000000000001 0.07275000000000001
5 0.060999999999999985 0.057457402083216313 0.06454259791678366
6 0.05600000000000001 0.05248574332183889 0.059514256678161126
7 0.05450000000000001 0.05071681351239462 0.058283186487605394
8 0.051000000000000004 0.04884361413471522 0.05315638586528479
9 0.0439 0.04167008968790223 0.046129910312097774
10 0.0382 0.03486233614634427 0.041537663853655725
11 0.034800000000000005 0.03287906272877015 0.03672093727122986
12 0.030000000000000006 0.02762302713519906 0.03237697286480095
13 0.030600000000000006 0.028295656275639423 0.03290434372436059
14 0.024799999999999996 0.023099999999999996 0.026499999999999996
15 0.0231 0.0203031267458106 0.0258968732541894
16 0.020099999999999996 0.018592518656831862 0.02160748134316813
17 0.0178 0.015118582464441616 0.020481417535558384
18 0.015400000000000002 0.014395012437887912 0.016404987562112092
19 0.013800000000000002 0.01184040820577346 0.015759591794226542
20 0.014300000000000002 0.011625584175936735 0.01697441582406327
21 0.012 0.009279705898252912 0.014720294101747088
22 0.010899999999999998 0.009460381995111202 0.012339618004888794
23 0.0115 0.010290661337755217 0.012709338662244782
24 0.0089 0.00714714518570419 0.010652854814295811
25 0.0098 0.00880501256289338 0.010794987437106619
26 0.008700000000000001 0.007056071777722642 0.01034392822227736
27 0.006899999999999999 0.005707313955812343 0.008092686044187655
28 0.005700000000000001 0.0048325324213551275 0.006567467578644875
29 0.006199999999999999 0.005109128788536427 0.007290871211463571
30 0.0052 0.004339767473295737 0.006060232526704262
31 0.0048000000000000004 0.003939767473295738 0.005660232526704263
32 0.004399999999999999 0.003370436985901299 0.0054295630140987
33 0.0038000000000000004 0.0031000000000000003 0.0045000000000000005
34 0.0043 0.003115728071767299 0.005484271928232701
35 0.0024000000000000002 0.001843223563716998 0.0029567764362830023
36 0.0027 0.0018618472692879895 0.003538152730712011
37 0.0031 0.002377158385259952 0.003822841614740048
38 0.0038 0.002939767473295737 0.004660232526704263
39 0.0028750000000000004 0.0022920388091819495 0.0034579611908180513
40 0.002166666666666667 0.0014948118543084547 0.0028385214790248793
41 0.0025714285714285717 0.0015412710641531462 0.0036015860787039972
42 0.002 0.0014522774424948338 0.0025477225575051663
43 0.0015555555555555557 0.0011398158459140066 0.001971295265197105
44 0.0013333333333333333 0.0009606553370833683 0.0017060113295832983
45 0.0017142857142857144 0.0013643586081738318 0.002064212820397597
46 0.0015000000000000002 0.0012500000000000002 0.0017500000000000003
47 0.001444444444444445 0.0011019769998350574 0.0017869118890538327
48 0.002 0.0014226497308103742 0.002577350269189626
49 0.001 0.001 0.001
50 0.002285714285714286 0.0017054258282402888 0.002866002743188283
51 0.001 0.001 0.001
52 0.0016666666666666668 0.001430964406271151 0.0019023689270621826
53 0.0016666666666666668 0.001430964406271151 0.0019023689270621826
54 0.0013333333333333333 0.0010976310729378174 0.0015690355937288492
55 0.0014 0.0011550510257216822 0.0016449489742783178
56 0.0013333333333333333 0.0010976310729378174 0.0015690355937288492
57 0.0012857142857142859 0.0010598373099879731 0.0015115912614405986
58 0.0013333333333333333 0.0010976310729378174 0.0015690355937288492
59 0.001 0.001 0.001
60 0.001 0.001 0.001
61 0.001 0.001 0.001
62 0.00125 0.0010334936490538904 0.0014665063509461096
63 0.001 0.001 0.001
64 0.001 0.001 0.001
65 0.001 0.001 0.001
66 0.001 0.001 0.001
67 0.0015 0.00125 0.00175
68 0.001 0.001 0.001
69 0.0 0.0 0.0
70 0.001 0.001 0.001
71 0.001 0.001 0.001
72 0.0 0.0 0.0
73 0.0 0.0 0.0
74 0.001 0.001 0.001
75 0.001 0.001 0.001
76 0.001 0.001 0.001
77 0.001 0.001 0.001
78 0.001 0.001 0.001
79 0.0 0.0 0.0
80 0.001 0.001 0.001
81 0.0 0.0 0.0
82 0.0 0.0 0.0
83 0.001 0.001 0.001
84 0.001 0.001 0.001
85 0.0 0.0 0.0
86 0.0 0.0 0.0
87 0.0 0.0 0.0
88 0.0 0.0 0.0
89 0.0 0.0 0.0
90 0.0 0.0 0.0
91 0.001 0.001 0.001
92 0.0 0.0 0.0
93 0.001 0.001 0.001
94 0.0 0.0 0.0
95 0.0 0.0 0.0
96 0.0 0.0 0.0
97 0.0 0.0 0.0
98 0.001 0.001 0.001
99 0.0 0.0 0.0
100 0.0 0.0 0.0
101 0.0 0.0 0.0
102 0.0 0.0 0.0
103 0.0 0.0 0.0
104 0.0 0.0 0.0
105 0.0 0.0 0.0
106 0.001 0.001 0.001
107 0.0 0.0 0.0
108 0.0 0.0 0.0
109 0.0 0.0 0.0
110 0.0 0.0 0.0
111 0.0 0.0 0.0
112 0.0 0.0 0.0
113 0.0 0.0 0.0
114 0.0 0.0 0.0
115 0.0 0.0 0.0
116 0.0 0.0 0.0
117 0.0 0.0 0.0
118 0.0 0.0 0.0
119 0.0 0.0 0.0
120 0.0 0.0 0.0
121 0.0 0.0 0.0
122 0.0 0.0 0.0
123 0.0 0.0 0.0
124 0.0 0.0 0.0
125 0.0 0.0 0.0
126 0.0 0.0 0.0
127 0.0 0.0 0.0
128 0.0 0.0 0.0
129 0.0 0.0 0.0
130 0.0 0.0 0.0
131 0.0 0.0 0.0
132 0.0 0.0 0.0
133 0.0 0.0 0.0
134 0.0 0.0 0.0
135 0.0 0.0 0.0
136 0.0 0.0 0.0
137 0.0 0.0 0.0
138 0.0 0.0 0.0
139 0.0 0.0 0.0
140 0.0 0.0 0.0
141 0.0 0.0 0.0
142 0.0 0.0 0.0
143 0.0 0.0 0.0
144 0.0 0.0 0.0
145 0.0 0.0 0.0
146 0.0 0.0 0.0
147 0.0 0.0 0.0
148 0.0 0.0 0.0
149 0.0 0.0 0.0
150 0.0 0.0 0.0
