0.0 0.0
0.05 0.003751922860465989
0.1 0.009079353550027237
0.15000000000000002 0.016053941242575052
0.2 0.02212878955521133
0.25 0.02772387025228722
0.30000000000000004 0.04486316733961418
0.35000000000000003 0.0591016548463357
0.4 0.06402048655569782
0.45 0.0855431993156544
0.5 0.10548523206751055
0.55 0.11933174224343675
0.6000000000000001 0.12239902080783353
0.65 0.12658227848101267
0.7000000000000001 0.13262599469496023
0.75 0.13850415512465375
0.8 0.1400560224089636
0.8500000000000001 0.1400560224089636
0.9 0.14947683109118087
0.9500000000000001 0.15220700152207
1.0 0.15600624024961
