0.0 0.0
0.05 0.024057121933357746
0.1 0.05726268937772832
0.15000000000000002 0.10283739017715685
0.2 0.13644181158035545
0.25 0.16678216678216676
0.30000000000000004 0.2527656721421388
0.35000000000000003 0.3182917002417405
0.4 0.3434216057166877
0.45 0.41753861484803195
0.5 0.5
0.55 0.5824613851519681
0.6000000000000001 0.6565783942833123
0.65 0.6817082997582595
0.7000000000000001 0.7472343278578613
0.75 0.8332178332178332
0.8 0.8635581884196446
0.8500000000000001 0.8971626098228431
0.9 0.9427373106222717
0.9500000000000001 0.9759428780666423
1.0 1.0
