0.0 0.0
0.025 0.013281704299518983
0.05 0.02554135077040751
0.07500000000000001 0.0401138589028727
0.1 0.05701949379782499
0.125 0.07632182114684317
0.15000000000000002 0.09779622059107271
0.17500000000000002 0.12141752277206519
0.2 0.14688628628775827
0.225 0.17398647629872158
0.25 0.20232476074415315
0.275 0.2317608905152552
0.30000000000000004 0.26140943843502107
0.325 0.2917336810903221
0.35000000000000003 0.32196661949362254
0.375 0.35205143053820676
0.4 0.38226082739247785
0.42500000000000004 0.4119809805077741
0.45 0.44136835210488967
0.47500000000000003 0.47070012493825386
0.5 0.5
0.525 0.529299875061746
0.55 0.5586316478951103
0.5750000000000001 0.5880190194922259
0.6000000000000001 0.6177391726075222
0.625 0.6479485694617932
0.65 0.6780333805063775
0.675 0.7082663189096778
0.7000000000000001 0.7385905615649788
0.7250000000000001 0.7682391094847448
0.75 0.7976752392558468
0.775 0.8260135237012785
0.8 0.8531137137122419
0.8250000000000001 0.8785824772279349
0.8500000000000001 0.9022037794089273
0.875 0.923678178853157
0.9 0.942980506202175
0.925 0.9598861410971273
0.9500000000000001 0.9744586492295925
0.9750000000000001 0.9867182957004811
1.0 1.0
