0.0 0.0
0.025 0.02242521885466791
0.05 0.04432452943451088
0.07500000000000001 0.06848410220879843
0.1 0.09445124610563856
0.125 0.12183709197050656
0.15000000000000002 0.15026072114569555
0.17500000000000002 0.17905993717384644
0.2 0.20793570345442863
0.225 0.2364570997767717
0.25 0.2643881491794176
0.275 0.29166210047366187
0.30000000000000004 0.318090167136945
0.325 0.3433723306705685
0.35000000000000003 0.36773677126495696
0.375 0.3914045718846061
0.4 0.4140818338216115
0.42500000000000004 0.43620610060022996
0.45 0.457710589213734
0.47500000000000003 0.4789309839616858
0.5 0.5
0.525 0.5210690160383141
0.55 0.542289410786266
0.5750000000000001 0.56379389939977
0.6000000000000001 0.5859181661783885
0.625 0.6085954281153938
0.65 0.6322632287350429
0.675 0.6566276693294315
0.7000000000000001 0.6819098328630551
0.7250000000000001 0.7083378995263381
0.75 0.7356118508205823
0.775 0.7635429002232283
0.8 0.7920642965455713
0.8250000000000001 0.8209400628261535
0.8500000000000001 0.8497392788543044
0.875 0.8781629080294935
0.9 0.9055487538943614
0.925 0.9315158977912016
0.9500000000000001 0.9556754705654891
0.9750000000000001 0.9775747811453321
1.0 1.0
