0.0 0.0
0.025 0.009483699980687243
0.05 0.010337225743685978
0.07500000000000001 0.014160648931358726
0.1 0.01931551351885339
0.125 0.025841211862792472
0.15000000000000002 0.033959279576584095
0.17500000000000002 0.04393913504890235
0.2 0.05610463942349111
0.225 0.07084331062176961
0.25 0.08870437025631742
0.275 0.10998587298521419
0.30000000000000004 0.13524525378614047
0.325 0.16489632905792334
0.35000000000000003 0.19957669306725814
0.375 0.2390044471598113
0.4 0.28365793497313657
0.42500000000000004 0.3328970460864828
0.45 0.38612039765471573
0.47500000000000003 0.4423796817841219
0.5 0.5
0.525 0.5576203182158782
0.55 0.6138796023452842
0.5750000000000001 0.6671029539135171
0.6000000000000001 0.7163420650268634
0.625 0.7609955528401886
0.65 0.8004233069327419
0.675 0.8351036709420767
0.7000000000000001 0.8647547462138594
0.7250000000000001 0.8900141270147858
0.75 0.9112956297436826
0.775 0.9291566893782305
0.8 0.9438953605765089
0.8250000000000001 0.9560608649510975
0.8500000000000001 0.966040720423416
0.875 0.9741587881372076
0.9 0.9806844864811466
0.925 0.9858393510686413
0.9500000000000001 0.9896627742563141
0.9750000000000001 0.9905163000193128
1.0 1.0
